<?xml version="1.0" encoding="UTF-8"?>
<!-- Generated by org.testng.reporters.JUnitReportReporter -->
<testsuite hostname="Godfreys-MacBook-Pro.local" failures="0" tests="9" name="day45.DataProviderDemoTest" time="95.351" errors="0" timestamp="2026-04-07T10:52:29 GMT+07:00" skipped="0">
  <testcase classname="day45.DataProviderDemoTest" name="givenMultipleUsers_whenLogin_thenSuccess" time="14.922"/>
  <testcase classname="day45.DataProviderDemoTest" name="givenMultipleUsers_whenLogin_thenSuccess" time="10.918"/>
  <testcase classname="day45.DataProviderDemoTest" name="givenMultipleUsers_whenLogin_thenSuccess" time="12.526"/>
  <testcase classname="day45.DataProviderDemoTest" name="givenSingleUser_whenLogin_thenSuccess" time="9.864"/>
  <testcase classname="day45.DataProviderDemoTest" name="givenMultipleUsers_whenLogin_thenSuccess" time="9.697"/>
  <testcase classname="day45.DataProviderDemoTest" name="givenMultipleUsers_whenLogin_thenSuccess" time="10.196"/>
  <testcase classname="day45.DataProviderDemoTest" name="givenSingleUser_whenLogin_thenSuccess" time="7.331"/>
  <testcase classname="day45.DataProviderDemoTest" name="givenSingleUser_whenLogin_thenSuccess" time="9.868"/>
  <testcase classname="day45.DataProviderDemoTest" name="givenMultipleUsers_whenLogin_thenSuccess" time="10.029"/>
</testsuite> <!-- day45.DataProviderDemoTest -->
