<?xml version="1.0" encoding="UTF-8"?>
<testsuite xmlns:xsi="http://www.w3.org/2001/XMLSchema-instance" xsi:noNamespaceSchemaLocation="https://maven.apache.org/surefire/maven-surefire-plugin/xsd/surefire-test-report-3.0.xsd" version="3.0" name="day33.DynamicPaginationTableTest" time="16.813" tests="1" errors="0" skipped="0" failures="0">
  <properties>
[...]
</properties>
  <testcase name="givenDynamicTable_whenFindNumberOfPages_thenSuccess" classname="day33.DynamicPaginationTableTest" time="16.785">
    <system-out><![CDATA[DEBUG: webElement text: Showing 0 to 0 of 0 (0 Pages)
DEBUG: Table is empty. Attempting to add a dummy customer.
DEBUG: Failed to add customer: no such element: Unable to locate element: {"method":"xpath","selector":"//a[@data-bs-original-title='Add New']"}
  (Session info: chrome=144.0.7559.110)
For documentation on this error, please visit: https://www.selenium.dev/documentation/webdriver/troubleshooting/errors#no-such-element-exception
Build info: version: '4.16.1', revision: '9b4c83354e'
System info: os.name: 'Mac OS X', os.arch: 'x86_64', os.version: '26.2', java.version: '24.0.2'
Driver info: org.openqa.selenium.chrome.ChromeDriver
Command: [d61c4cb6abe1c5c328512ccc45e3903d, findElement {using=xpath, value=//a[@data-bs-original-title='Add New']}]
Capabilities {acceptInsecureCerts: false, browserName: chrome, browserVersion: 144.0.7559.110, chrome: {chromedriverVersion: 144.0.7559.133 (7da823b1d59..., userDataDir: /var/folders/q1/ms3cynn140n...}, fedcm:accounts: true, goog:chromeOptions: {debuggerAddress: localhost:54436}, goog:processID: 51942, networkConnectionEnabled: false, pageLoadStrategy: normal, platformName: mac, proxy: Proxy(), se:cdp: ws://localhost:54436/devtoo..., se:cdpVersion: 144.0.7559.110, setWindowRect: true, strictFileInteractability: false, timeouts: {implicit: 0, pageLoad: 300000, script: 30000}, unhandledPromptBehavior: dismiss and notify, webauthn:extension:credBlob: true, webauthn:extension:largeBlob: true, webauthn:extension:minPinLength: true, webauthn:extension:prf: true, webauthn:virtualAuthenticators: true}
Session ID: d61c4cb6abe1c5c328512ccc45e3903d
DEBUG: Total Number of Pages: 0
]]></system-out>
    <system-err><![CDATA[Feb 04, 2026 5:46:44 AM org.openqa.selenium.devtools.CdpVersionFinder findNearestMatch
WARNING: Unable to find CDP implementation matching 144
Feb 04, 2026 5:46:45 AM org.openqa.selenium.chromium.ChromiumDriver lambda$new$5
WARNING: Unable to find version of CDP to use for 144.0.7559.110. You may need to include a dependency on a specific version of the CDP using something similar to `org.seleniumhq.selenium:selenium-devtools-v86:4.16.1` where the version ("v86") matches the version of the chromium-based browser you're using and the version number of the artifact is the same as Selenium's.
]]></system-err>
  </testcase>
</testsuite>