<?xml version="1.0" encoding="UTF-8"?>
<!-- Generated by org.testng.reporters.JUnitXMLReporter -->
<testsuite ignored="0" hostname="Godfreys-MacBook-Pro.local" failures="1000" tests="1001" name="firefox-test" time="81.263" errors="0" timestamp="2026-04-14T08:13:21 GMT+07:00">
  <testcase classname="day52.test_base.BaseClass" name="@BeforeClass setup" time="5.287">
    <failure type="org.openqa.selenium.NoSuchWindowException" message="Build info: version: &amp;apos;4.43.0&amp;apos;, revision: &amp;apos;dd0f534&amp;apos;
System info: os.name: &amp;apos;Mac OS X&amp;apos;, os.arch: &amp;apos;x86_64&amp;apos;, os.version: &amp;apos;26.4.1&amp;apos;, java.version: &amp;apos;24.0.1&amp;apos;
Driver info: org.openqa.selenium.safari.SafariDriver
Command: [C88C5F64-8B08-413D-95DD-A01253ECECD8, deleteAllCookies {}]
Capabilities {acceptInsecureCerts: false, browserName: Safari, browserVersion: 26.4, platformName: mac, safari:automaticInspection: false, safari:automaticProfiling: false, safari:diagnose: false, safari:experimentalWebSocketUrl: false, safari:platformBuildVersion: 25E253, safari:platformVersion: 26.4.1, safari:useSimulator: false, setWindowRect: true, strictFileInteractability: false, webkit:WebRTC: {DisableICECandidateFiltering: false, DisableInsecureMediaCapture: false}, webkit:alwaysAllowAutoplay: false}
Session ID: C88C5F64-8B08-413D-95DD-A01253ECECD8">
      <![CDATA[org.openqa.selenium.NoSuchWindowException: Build info: version: '4.43.0', revision: 'dd0f534'
System info: os.name: 'Mac OS X', os.arch: 'x86_64', os.version: '26.4.1', java.version: '24.0.1'
Driver info: org.openqa.selenium.safari.SafariDriver
Command: [C88C5F64-8B08-413D-95DD-A01253ECECD8, deleteAllCookies {}]
Capabilities {acceptInsecureCerts: false, browserName: Safari, browserVersion: 26.4, platformName: mac, safari:automaticInspection: false, safari:automaticProfiling: false, safari:diagnose: false, safari:experimentalWebSocketUrl: false, safari:platformBuildVersion: 25E253, safari:platformVersion: 26.4.1, safari:useSimulator: false, setWindowRect: true, strictFileInteractability: false, webkit:WebRTC: {DisableICECandidateFiltering: false, DisableInsecureMediaCapture: false}, webkit:alwaysAllowAutoplay: false}
Session ID: C88C5F64-8B08-413D-95DD-A01253ECECD8
at org.openqa.selenium.remote.ErrorCodec.decode(ErrorCodec.java:169)
at org.openqa.selenium.remote.codec.w3c.W3CHttpResponseCodec.decode(W3CHttpResponseCodec.java:142)
at org.openqa.selenium.remote.codec.w3c.W3CHttpResponseCodec.decode(W3CHttpResponseCodec.java:49)
at org.openqa.selenium.remote.HttpCommandExecutor.execute(HttpCommandExecutor.java:223)
at org.openqa.selenium.remote.service.DriverCommandExecutor.invokeExecute(DriverCommandExecutor.java:216)
at org.openqa.selenium.remote.service.DriverCommandExecutor.execute(DriverCommandExecutor.java:174)
at org.openqa.selenium.remote.RemoteWebDriver.execute(RemoteWebDriver.java:606)
at org.openqa.selenium.remote.RemoteWebDriver.execute(RemoteWebDriver.java:688)
at org.openqa.selenium.remote.RemoteWebDriver.execute(RemoteWebDriver.java:692)
at org.openqa.selenium.remote.RemoteWebDriver$RemoteWebDriverOptions.deleteAllCookies(RemoteWebDriver.java:1044)
at day52.test_base.BaseClass.setup(BaseClass.java:50)
at java.base/java.util.ArrayList.forEach(ArrayList.java:1604)
at java.base/java.util.concurrent.FutureTask.run(FutureTask.java:328)
at java.base/java.util.concurrent.ThreadPoolExecutor.runWorker(ThreadPoolExecutor.java:1095)
at java.base/java.util.concurrent.ThreadPoolExecutor$Worker.run(ThreadPoolExecutor.java:619)
at java.base/java.lang.Thread.run(Thread.java:1447)
... Removed 13 stack frames]]>
    </failure>
  </testcase> <!-- @BeforeClass setup -->
  <testcase classname="day52.test_base.BaseClass" name="@BeforeClass setup" time="2.969">
    <failure type="org.openqa.selenium.NoSuchWindowException" message="Build info: version: &amp;apos;4.43.0&amp;apos;, revision: &amp;apos;dd0f534&amp;apos;
System info: os.name: &amp;apos;Mac OS X&amp;apos;, os.arch: &amp;apos;x86_64&amp;apos;, os.version: &amp;apos;26.4.1&amp;apos;, java.version: &amp;apos;24.0.1&amp;apos;
Driver info: org.openqa.selenium.safari.SafariDriver
Command: [0BAA73CD-CC91-4548-8769-5B3854278A51, deleteAllCookies {}]
Capabilities {acceptInsecureCerts: false, browserName: Safari, browserVersion: 26.4, platformName: mac, safari:automaticInspection: false, safari:automaticProfiling: false, safari:diagnose: false, safari:experimentalWebSocketUrl: false, safari:platformBuildVersion: 25E253, safari:platformVersion: 26.4.1, safari:useSimulator: false, setWindowRect: true, strictFileInteractability: false, webkit:WebRTC: {DisableICECandidateFiltering: false, DisableInsecureMediaCapture: false}, webkit:alwaysAllowAutoplay: false}
Session ID: 0BAA73CD-CC91-4548-8769-5B3854278A51">
      <![CDATA[org.openqa.selenium.NoSuchWindowException: Build info: version: '4.43.0', revision: 'dd0f534'
System info: os.name: 'Mac OS X', os.arch: 'x86_64', os.version: '26.4.1', java.version: '24.0.1'
Driver info: org.openqa.selenium.safari.SafariDriver
Command: [0BAA73CD-CC91-4548-8769-5B3854278A51, deleteAllCookies {}]
Capabilities {acceptInsecureCerts: false, browserName: Safari, browserVersion: 26.4, platformName: mac, safari:automaticInspection: false, safari:automaticProfiling: false, safari:diagnose: false, safari:experimentalWebSocketUrl: false, safari:platformBuildVersion: 25E253, safari:platformVersion: 26.4.1, safari:useSimulator: false, setWindowRect: true, strictFileInteractability: false, webkit:WebRTC: {DisableICECandidateFiltering: false, DisableInsecureMediaCapture: false}, webkit:alwaysAllowAutoplay: false}
Session ID: 0BAA73CD-CC91-4548-8769-5B3854278A51
at org.openqa.selenium.remote.ErrorCodec.decode(ErrorCodec.java:169)
at org.openqa.selenium.remote.codec.w3c.W3CHttpResponseCodec.decode(W3CHttpResponseCodec.java:142)
at org.openqa.selenium.remote.codec.w3c.W3CHttpResponseCodec.decode(W3CHttpResponseCodec.java:49)
at org.openqa.selenium.remote.HttpCommandExecutor.execute(HttpCommandExecutor.java:223)
at org.openqa.selenium.remote.service.DriverCommandExecutor.invokeExecute(DriverCommandExecutor.java:216)
at org.openqa.selenium.remote.service.DriverCommandExecutor.execute(DriverCommandExecutor.java:174)
at org.openqa.selenium.remote.RemoteWebDriver.execute(RemoteWebDriver.java:606)
at org.openqa.selenium.remote.RemoteWebDriver.execute(RemoteWebDriver.java:688)
at org.openqa.selenium.remote.RemoteWebDriver.execute(RemoteWebDriver.java:692)
at org.openqa.selenium.remote.RemoteWebDriver$RemoteWebDriverOptions.deleteAllCookies(RemoteWebDriver.java:1044)
at day52.test_base.BaseClass.setup(BaseClass.java:50)
at java.base/java.util.ArrayList.forEach(ArrayList.java:1604)
at java.base/java.util.concurrent.FutureTask.run(FutureTask.java:328)
at java.base/java.util.concurrent.ThreadPoolExecutor.runWorker(ThreadPoolExecutor.java:1095)
at java.base/java.util.concurrent.ThreadPoolExecutor$Worker.run(ThreadPoolExecutor.java:619)
at java.base/java.lang.Thread.run(Thread.java:1447)
... Removed 13 stack frames]]>
    </failure>
  </testcase> <!-- @BeforeClass setup -->
  <testcase classname="day52.test_base.BaseClass" name="@BeforeClass setup" time="2.002">
    <failure type="org.openqa.selenium.NoSuchWindowException" message="Build info: version: &amp;apos;4.43.0&amp;apos;, revision: &amp;apos;dd0f534&amp;apos;
System info: os.name: &amp;apos;Mac OS X&amp;apos;, os.arch: &amp;apos;x86_64&amp;apos;, os.version: &amp;apos;26.4.1&amp;apos;, java.version: &amp;apos;24.0.1&amp;apos;
Driver info: org.openqa.selenium.safari.SafariDriver
Command: [DB2F892B-0601-4C3C-8F65-2D57D29869F9, deleteAllCookies {}]
Capabilities {acceptInsecureCerts: false, browserName: Safari, browserVersion: 26.4, platformName: mac, safari:automaticInspection: false, safari:automaticProfiling: false, safari:diagnose: false, safari:experimentalWebSocketUrl: false, safari:platformBuildVersion: 25E253, safari:platformVersion: 26.4.1, safari:useSimulator: false, setWindowRect: true, strictFileInteractability: false, webkit:WebRTC: {DisableICECandidateFiltering: false, DisableInsecureMediaCapture: false}, webkit:alwaysAllowAutoplay: false}
Session ID: DB2F892B-0601-4C3C-8F65-2D57D29869F9">
      <![CDATA[org.openqa.selenium.NoSuchWindowException: Build info: version: '4.43.0', revision: 'dd0f534'
System info: os.name: 'Mac OS X', os.arch: 'x86_64', os.version: '26.4.1', java.version: '24.0.1'
Driver info: org.openqa.selenium.safari.SafariDriver
Command: [DB2F892B-0601-4C3C-8F65-2D57D29869F9, deleteAllCookies {}]
Capabilities {acceptInsecureCerts: false, browserName: Safari, browserVersion: 26.4, platformName: mac, safari:automaticInspection: false, safari:automaticProfiling: false, safari:diagnose: false, safari:experimentalWebSocketUrl: false, safari:platformBuildVersion: 25E253, safari:platformVersion: 26.4.1, safari:useSimulator: false, setWindowRect: true, strictFileInteractability: false, webkit:WebRTC: {DisableICECandidateFiltering: false, DisableInsecureMediaCapture: false}, webkit:alwaysAllowAutoplay: false}
Session ID: DB2F892B-0601-4C3C-8F65-2D57D29869F9
at org.openqa.selenium.remote.ErrorCodec.decode(ErrorCodec.java:169)
at org.openqa.selenium.remote.codec.w3c.W3CHttpResponseCodec.decode(W3CHttpResponseCodec.java:142)
at org.openqa.selenium.remote.codec.w3c.W3CHttpResponseCodec.decode(W3CHttpResponseCodec.java:49)
at org.openqa.selenium.remote.HttpCommandExecutor.execute(HttpCommandExecutor.java:223)
at org.openqa.selenium.remote.service.DriverCommandExecutor.invokeExecute(DriverCommandExecutor.java:216)
at org.openqa.selenium.remote.service.DriverCommandExecutor.execute(DriverCommandExecutor.java:174)
at org.openqa.selenium.remote.RemoteWebDriver.execute(RemoteWebDriver.java:606)
at org.openqa.selenium.remote.RemoteWebDriver.execute(RemoteWebDriver.java:688)
at org.openqa.selenium.remote.RemoteWebDriver.execute(RemoteWebDriver.java:692)
at org.openqa.selenium.remote.RemoteWebDriver$RemoteWebDriverOptions.deleteAllCookies(RemoteWebDriver.java:1044)
at day52.test_base.BaseClass.setup(BaseClass.java:50)
at java.base/java.util.ArrayList.forEach(ArrayList.java:1604)
at java.base/java.util.concurrent.FutureTask.run(FutureTask.java:328)
at java.base/java.util.concurrent.ThreadPoolExecutor.runWorker(ThreadPoolExecutor.java:1095)
at java.base/java.util.concurrent.ThreadPoolExecutor$Worker.run(ThreadPoolExecutor.java:619)
at java.base/java.lang.Thread.run(Thread.java:1447)
... Removed 13 stack frames]]>
    </failure>
  </testcase> <!-- @BeforeClass setup -->
  <testcase classname="day52.test_cases.TC001AccountRegistrationTest" name="givenWebpage_whenRegisterNewAccount_theSuccess" time="0.002">
    <failure type="java.lang.AssertionError">
      <![CDATA[java.lang.AssertionError: 
at day52.test_cases.TC001AccountRegistrationTest.givenWebpage_whenRegisterNewAccount_theSuccess(TC001AccountRegistrationTest.java:61)
at java.base/java.util.ArrayList.forEach(ArrayList.java:1604)
at java.base/java.util.concurrent.FutureTask.run(FutureTask.java:328)
at java.base/java.util.concurrent.ThreadPoolExecutor.runWorker(ThreadPoolExecutor.java:1095)
at java.base/java.util.concurrent.ThreadPoolExecutor$Worker.run(ThreadPoolExecutor.java:619)
at java.base/java.lang.Thread.run(Thread.java:1447)
... Removed 17 stack frames]]>
    </failure>
  </testcase> <!-- givenWebpage_whenRegisterNewAccount_theSuccess -->
  <testcase classname="day52.test_cases.TC002AccountLoginTest" name="givenWebpage_whenLogin_theSuccess" time="2.324"/>
  <testcase classname="day52.test_cases.TC003LoginDataDrivenTest" name="givenWebpage_whenLogin_thenVerify" time="0.0">
    <failure type="java.lang.AssertionError">
      <![CDATA[java.lang.AssertionError: 
at day52.test_cases.TC003LoginDataDrivenTest.givenWebpage_whenLogin_thenVerify(TC003LoginDataDrivenTest.java:62)
at java.base/java.util.ArrayList.forEach(ArrayList.java:1604)
at java.base/java.util.concurrent.FutureTask.run(FutureTask.java:328)
at java.base/java.util.concurrent.ThreadPoolExecutor.runWorker(ThreadPoolExecutor.java:1095)
at java.base/java.util.concurrent.ThreadPoolExecutor$Worker.run(ThreadPoolExecutor.java:619)
at java.base/java.lang.Thread.run(Thread.java:1447)
... Removed 17 stack frames]]>
    </failure>
  </testcase> <!-- givenWebpage_whenLogin_thenVerify -->
  <testcase classname="day52.test_cases.TC003LoginDataDrivenTest" name="givenWebpage_whenLogin_thenVerify" time="0.0">
    <failure type="java.lang.AssertionError">
      <![CDATA[java.lang.AssertionError: 
at day52.test_cases.TC003LoginDataDrivenTest.givenWebpage_whenLogin_thenVerify(TC003LoginDataDrivenTest.java:62)
at java.base/java.util.ArrayList.forEach(ArrayList.java:1604)
at java.base/java.util.concurrent.FutureTask.run(FutureTask.java:328)
at java.base/java.util.concurrent.ThreadPoolExecutor.runWorker(ThreadPoolExecutor.java:1095)
at java.base/java.util.concurrent.ThreadPoolExecutor$Worker.run(ThreadPoolExecutor.java:619)
at java.base/java.lang.Thread.run(Thread.java:1447)
... Removed 17 stack frames]]>
    </failure>
  </testcase> <!-- givenWebpage_whenLogin_thenVerify -->
  <testcase classname="day52.test_cases.TC003LoginDataDrivenTest" name="givenWebpage_whenLogin_thenVerify" time="0.001">
    <failure type="java.lang.AssertionError">
      <![CDATA[java.lang.AssertionError: 
at day52.test_cases.TC003LoginDataDrivenTest.givenWebpage_whenLogin_thenVerify(TC003LoginDataDrivenTest.java:62)
at java.base/java.util.ArrayList.forEach(ArrayList.java:1604)
at java.base/java.util.concurrent.FutureTask.run(FutureTask.java:328)
at java.base/java.util.concurrent.ThreadPoolExecutor.runWorker(ThreadPoolExecutor.java:1095)
at java.base/java.util.concurrent.ThreadPoolExecutor$Worker.run(ThreadPoolExecutor.java:619)
at java.base/java.lang.Thread.run(Thread.java:1447)
... Removed 17 stack frames]]>
    </failure>
  </testcase> <!-- givenWebpage_whenLogin_thenVerify -->
  <testcase classname="day52.test_cases.TC003LoginDataDrivenTest" name="givenWebpage_whenLogin_thenVerify" time="0.0">
    <failure type="java.lang.AssertionError">
      <![CDATA[java.lang.AssertionError: 
at day52.test_cases.TC003LoginDataDrivenTest.givenWebpage_whenLogin_thenVerify(TC003LoginDataDrivenTest.java:62)
at java.base/java.util.ArrayList.forEach(ArrayList.java:1604)
at java.base/java.util.concurrent.FutureTask.run(FutureTask.java:328)
at java.base/java.util.concurrent.ThreadPoolExecutor.runWorker(ThreadPoolExecutor.java:1095)
at java.base/java.util.concurrent.ThreadPoolExecutor$Worker.run(ThreadPoolExecutor.java:619)
at java.base/java.lang.Thread.run(Thread.java:1447)
... Removed 17 stack frames]]>
    </failure>
  </testcase> <!-- givenWebpage_whenLogin_thenVerify -->
  <testcase classname="day52.test_cases.TC003LoginDataDrivenTest" name="givenWebpage_whenLogin_thenVerify" time="0.001">
    <failure type="java.lang.AssertionError">
      <![CDATA[java.lang.AssertionError: 
at day52.test_cases.TC003LoginDataDrivenTest.givenWebpage_whenLogin_thenVerify(TC003LoginDataDrivenTest.java:62)
at java.base/java.util.ArrayList.forEach(ArrayList.java:1604)
at java.base/java.util.concurrent.FutureTask.run(FutureTask.java:328)
at java.base/java.util.concurrent.ThreadPoolExecutor.runWorker(ThreadPoolExecutor.java:1095)
at java.base/java.util.concurrent.ThreadPoolExecutor$Worker.run(ThreadPoolExecutor.java:619)
at java.base/java.lang.Thread.run(Thread.java:1447)
... Removed 17 stack frames]]>
    </failure>
  </testcase> <!-- givenWebpage_whenLogin_thenVerify -->
  <testcase classname="day52.test_cases.TC003LoginDataDrivenTest" name="givenWebpage_whenLogin_thenVerify" time="0.0">
    <failure type="java.lang.AssertionError">
      <![CDATA[java.lang.AssertionError: 
at day52.test_cases.TC003LoginDataDrivenTest.givenWebpage_whenLogin_thenVerify(TC003LoginDataDrivenTest.java:62)
at java.base/java.util.ArrayList.forEach(ArrayList.java:1604)
at java.base/java.util.concurrent.FutureTask.run(FutureTask.java:328)
at java.base/java.util.concurrent.ThreadPoolExecutor.runWorker(ThreadPoolExecutor.java:1095)
at java.base/java.util.concurrent.ThreadPoolExecutor$Worker.run(ThreadPoolExecutor.java:619)
at java.base/java.lang.Thread.run(Thread.java:1447)
... Removed 17 stack frames]]>
    </failure>
  </testcase> <!-- givenWebpage_whenLogin_thenVerify -->
  <testcase classname="day52.test_cases.TC003LoginDataDrivenTest" name="givenWebpage_whenLogin_thenVerify" time="0.001">
    <failure type="java.lang.AssertionError">
      <![CDATA[java.lang.AssertionError: 
at day52.test_cases.TC003LoginDataDrivenTest.givenWebpage_whenLogin_thenVerify(TC003LoginDataDrivenTest.java:62)
at java.base/java.util.ArrayList.forEach(ArrayList.java:1604)
at java.base/java.util.concurrent.FutureTask.run(FutureTask.java:328)
at java.base/java.util.concurrent.ThreadPoolExecutor.runWorker(ThreadPoolExecutor.java:1095)
at java.base/java.util.concurrent.ThreadPoolExecutor$Worker.run(ThreadPoolExecutor.java:619)
at java.base/java.lang.Thread.run(Thread.java:1447)
... Removed 17 stack frames]]>
    </failure>
  </testcase> <!-- givenWebpage_whenLogin_thenVerify -->
  <testcase classname="day52.test_cases.TC003LoginDataDrivenTest" name="givenWebpage_whenLogin_thenVerify" time="0.0">
    <failure type="java.lang.AssertionError">
      <![CDATA[java.lang.AssertionError: 
at day52.test_cases.TC003LoginDataDrivenTest.givenWebpage_whenLogin_thenVerify(TC003LoginDataDrivenTest.java:62)
at java.base/java.util.ArrayList.forEach(ArrayList.java:1604)
at java.base/java.util.concurrent.FutureTask.run(FutureTask.java:328)
at java.base/java.util.concurrent.ThreadPoolExecutor.runWorker(ThreadPoolExecutor.java:1095)
at java.base/java.util.concurrent.ThreadPoolExecutor$Worker.run(ThreadPoolExecutor.java:619)
at java.base/java.lang.Thread.run(Thread.java:1447)
... Removed 17 stack frames]]>
    </failure>
  </testcase> <!-- givenWebpage_whenLogin_thenVerify -->
  <testcase classname="day52.test_cases.TC003LoginDataDrivenTest" name="givenWebpage_whenLogin_thenVerify" time="0.0">
    <failure type="java.lang.AssertionError">
      <![CDATA[java.lang.AssertionError: 
at day52.test_cases.TC003LoginDataDrivenTest.givenWebpage_whenLogin_thenVerify(TC003LoginDataDrivenTest.java:62)
at java.base/java.util.ArrayList.forEach(ArrayList.java:1604)
at java.base/java.util.concurrent.FutureTask.run(FutureTask.java:328)
at java.base/java.util.concurrent.ThreadPoolExecutor.runWorker(ThreadPoolExecutor.java:1095)
at java.base/java.util.concurrent.ThreadPoolExecutor$Worker.run(ThreadPoolExecutor.java:619)
at java.base/java.lang.Thread.run(Thread.java:1447)
... Removed 17 stack frames]]>
    </failure>
  </testcase> <!-- givenWebpage_whenLogin_thenVerify -->
  <testcase classname="day52.test_cases.TC003LoginDataDrivenTest" name="givenWebpage_whenLogin_thenVerify" time="0.001">
    <failure type="java.lang.AssertionError">
      <![CDATA[java.lang.AssertionError: 
at day52.test_cases.TC003LoginDataDrivenTest.givenWebpage_whenLogin_thenVerify(TC003LoginDataDrivenTest.java:62)
at java.base/java.util.ArrayList.forEach(ArrayList.java:1604)
at java.base/java.util.concurrent.FutureTask.run(FutureTask.java:328)
at java.base/java.util.concurrent.ThreadPoolExecutor.runWorker(ThreadPoolExecutor.java:1095)
at java.base/java.util.concurrent.ThreadPoolExecutor$Worker.run(ThreadPoolExecutor.java:619)
at java.base/java.lang.Thread.run(Thread.java:1447)
... Removed 17 stack frames]]>
    </failure>
  </testcase> <!-- givenWebpage_whenLogin_thenVerify -->
  <testcase classname="day52.test_cases.TC003LoginDataDrivenTest" name="givenWebpage_whenLogin_thenVerify" time="0.001">
    <failure type="java.lang.AssertionError">
      <![CDATA[java.lang.AssertionError: 
at day52.test_cases.TC003LoginDataDrivenTest.givenWebpage_whenLogin_thenVerify(TC003LoginDataDrivenTest.java:62)
at java.base/java.util.ArrayList.forEach(ArrayList.java:1604)
at java.base/java.util.concurrent.FutureTask.run(FutureTask.java:328)
at java.base/java.util.concurrent.ThreadPoolExecutor.runWorker(ThreadPoolExecutor.java:1095)
at java.base/java.util.concurrent.ThreadPoolExecutor$Worker.run(ThreadPoolExecutor.java:619)
at java.base/java.lang.Thread.run(Thread.java:1447)
... Removed 17 stack frames]]>
    </failure>
  </testcase> <!-- givenWebpage_whenLogin_thenVerify -->
  <testcase classname="day52.test_cases.TC003LoginDataDrivenTest" name="givenWebpage_whenLogin_thenVerify" time="0.0">
    <failure type="java.lang.AssertionError">
      <![CDATA[java.lang.AssertionError: 
at day52.test_cases.TC003LoginDataDrivenTest.givenWebpage_whenLogin_thenVerify(TC003LoginDataDrivenTest.java:62)
at java.base/java.util.ArrayList.forEach(ArrayList.java:1604)
at java.base/java.util.concurrent.FutureTask.run(FutureTask.java:328)
at java.base/java.util.concurrent.ThreadPoolExecutor.runWorker(ThreadPoolExecutor.java:1095)
at java.base/java.util.concurrent.ThreadPoolExecutor$Worker.run(ThreadPoolExecutor.java:619)
at java.base/java.lang.Thread.run(Thread.java:1447)
... Removed 17 stack frames]]>
    </failure>
  </testcase> <!-- givenWebpage_whenLogin_thenVerify -->
  <testcase classname="day52.test_cases.TC003LoginDataDrivenTest" name="givenWebpage_whenLogin_thenVerify" time="0.0">
    <failure type="java.lang.AssertionError">
      <![CDATA[java.lang.AssertionError: 
at day52.test_cases.TC003LoginDataDrivenTest.givenWebpage_whenLogin_thenVerify(TC003LoginDataDrivenTest.java:62)
at java.base/java.util.ArrayList.forEach(ArrayList.java:1604)
at java.base/java.util.concurrent.FutureTask.run(FutureTask.java:328)
at java.base/java.util.concurrent.ThreadPoolExecutor.runWorker(ThreadPoolExecutor.java:1095)
at java.base/java.util.concurrent.ThreadPoolExecutor$Worker.run(ThreadPoolExecutor.java:619)
at java.base/java.lang.Thread.run(Thread.java:1447)
... Removed 17 stack frames]]>
    </failure>
  </testcase> <!-- givenWebpage_whenLogin_thenVerify -->
  <testcase classname="day52.test_cases.TC003LoginDataDrivenTest" name="givenWebpage_whenLogin_thenVerify" time="0.001">
    <failure type="java.lang.AssertionError">
      <![CDATA[java.lang.AssertionError: 
at day52.test_cases.TC003LoginDataDrivenTest.givenWebpage_whenLogin_thenVerify(TC003LoginDataDrivenTest.java:62)
at java.base/java.util.ArrayList.forEach(ArrayList.java:1604)
at java.base/java.util.concurrent.FutureTask.run(FutureTask.java:328)
at java.base/java.util.concurrent.ThreadPoolExecutor.runWorker(ThreadPoolExecutor.java:1095)
at java.base/java.util.concurrent.ThreadPoolExecutor$Worker.run(ThreadPoolExecutor.java:619)
at java.base/java.lang.Thread.run(Thread.java:1447)
... Removed 17 stack frames]]>
    </failure>
  </testcase> <!-- givenWebpage_whenLogin_thenVerify -->
  <testcase classname="day52.test_cases.TC003LoginDataDrivenTest" name="givenWebpage_whenLogin_thenVerify" time="0.0">
    <failure type="java.lang.AssertionError">
      <![CDATA[java.lang.AssertionError: 
at day52.test_cases.TC003LoginDataDrivenTest.givenWebpage_whenLogin_thenVerify(TC003LoginDataDrivenTest.java:62)
at java.base/java.util.ArrayList.forEach(ArrayList.java:1604)
at java.base/java.util.concurrent.FutureTask.run(FutureTask.java:328)
at java.base/java.util.concurrent.ThreadPoolExecutor.runWorker(ThreadPoolExecutor.java:1095)
at java.base/java.util.concurrent.ThreadPoolExecutor$Worker.run(ThreadPoolExecutor.java:619)
at java.base/java.lang.Thread.run(Thread.java:1447)
... Removed 17 stack frames]]>
    </failure>
  </testcase> <!-- givenWebpage_whenLogin_thenVerify -->
  <testcase classname="day52.test_cases.TC003LoginDataDrivenTest" name="givenWebpage_whenLogin_thenVerify" time="0.0">
    <failure type="java.lang.AssertionError">
      <![CDATA[java.lang.AssertionError: 
at day52.test_cases.TC003LoginDataDrivenTest.givenWebpage_whenLogin_thenVerify(TC003LoginDataDrivenTest.java:62)
at java.base/java.util.ArrayList.forEach(ArrayList.java:1604)
at java.base/java.util.concurrent.FutureTask.run(FutureTask.java:328)
at java.base/java.util.concurrent.ThreadPoolExecutor.runWorker(ThreadPoolExecutor.java:1095)
at java.base/java.util.concurrent.ThreadPoolExecutor$Worker.run(ThreadPoolExecutor.java:619)
at java.base/java.lang.Thread.run(Thread.java:1447)
... Removed 17 stack frames]]>
    </failure>
  </testcase> <!-- givenWebpage_whenLogin_thenVerify -->
  <testcase classname="day52.test_cases.TC003LoginDataDrivenTest" name="givenWebpage_whenLogin_thenVerify" time="0.0">
    <failure type="java.lang.AssertionError">
      <![CDATA[java.lang.AssertionError: 
at day52.test_cases.TC003LoginDataDrivenTest.givenWebpage_whenLogin_thenVerify(TC003LoginDataDrivenTest.java:62)
at java.base/java.util.ArrayList.forEach(ArrayList.java:1604)
at java.base/java.util.concurrent.FutureTask.run(FutureTask.java:328)
at java.base/java.util.concurrent.ThreadPoolExecutor.runWorker(ThreadPoolExecutor.java:1095)
at java.base/java.util.concurrent.ThreadPoolExecutor$Worker.run(ThreadPoolExecutor.java:619)
at java.base/java.lang.Thread.run(Thread.java:1447)
... Removed 17 stack frames]]>
    </failure>
  </testcase> <!-- givenWebpage_whenLogin_thenVerify -->
  <testcase classname="day52.test_cases.TC003LoginDataDrivenTest" name="givenWebpage_whenLogin_thenVerify" time="0.0">
    <failure type="java.lang.AssertionError">
      <![CDATA[java.lang.AssertionError: 
at day52.test_cases.TC003LoginDataDrivenTest.givenWebpage_whenLogin_thenVerify(TC003LoginDataDrivenTest.java:62)
at java.base/java.util.ArrayList.forEach(ArrayList.java:1604)
at java.base/java.util.concurrent.FutureTask.run(FutureTask.java:328)
at java.base/java.util.concurrent.ThreadPoolExecutor.runWorker(ThreadPoolExecutor.java:1095)
at java.base/java.util.concurrent.ThreadPoolExecutor$Worker.run(ThreadPoolExecutor.java:619)
at java.base/java.lang.Thread.run(Thread.java:1447)
... Removed 17 stack frames]]>
    </failure>
  </testcase> <!-- givenWebpage_whenLogin_thenVerify -->
  <testcase classname="day52.test_cases.TC003LoginDataDrivenTest" name="givenWebpage_whenLogin_thenVerify" time="0.0">
    <failure type="java.lang.AssertionError">
      <![CDATA[java.lang.AssertionError: 
at day52.test_cases.TC003LoginDataDrivenTest.givenWebpage_whenLogin_thenVerify(TC003LoginDataDrivenTest.java:62)
at java.base/java.util.ArrayList.forEach(ArrayList.java:1604)
at java.base/java.util.concurrent.FutureTask.run(FutureTask.java:328)
at java.base/java.util.concurrent.ThreadPoolExecutor.runWorker(ThreadPoolExecutor.java:1095)
at java.base/java.util.concurrent.ThreadPoolExecutor$Worker.run(ThreadPoolExecutor.java:619)
at java.base/java.lang.Thread.run(Thread.java:1447)
... Removed 17 stack frames]]>
    </failure>
  </testcase> <!-- givenWebpage_whenLogin_thenVerify -->
  <testcase classname="day52.test_cases.TC003LoginDataDrivenTest" name="givenWebpage_whenLogin_thenVerify" time="0.0">
    <failure type="java.lang.AssertionError">
      <![CDATA[java.lang.AssertionError: 
at day52.test_cases.TC003LoginDataDrivenTest.givenWebpage_whenLogin_thenVerify(TC003LoginDataDrivenTest.java:62)
at java.base/java.util.ArrayList.forEach(ArrayList.java:1604)
at java.base/java.util.concurrent.FutureTask.run(FutureTask.java:328)
at java.base/java.util.concurrent.ThreadPoolExecutor.runWorker(ThreadPoolExecutor.java:1095)
at java.base/java.util.concurrent.ThreadPoolExecutor$Worker.run(ThreadPoolExecutor.java:619)
at java.base/java.lang.Thread.run(Thread.java:1447)
... Removed 17 stack frames]]>
    </failure>
  </testcase> <!-- givenWebpage_whenLogin_thenVerify -->
  <testcase classname="day52.test_cases.TC003LoginDataDrivenTest" name="givenWebpage_whenLogin_thenVerify" time="0.001">
    <failure type="java.lang.AssertionError">
      <![CDATA[java.lang.AssertionError: 
at day52.test_cases.TC003LoginDataDrivenTest.givenWebpage_whenLogin_thenVerify(TC003LoginDataDrivenTest.java:62)
at java.base/java.util.ArrayList.forEach(ArrayList.java:1604)
at java.base/java.util.concurrent.FutureTask.run(FutureTask.java:328)
at java.base/java.util.concurrent.ThreadPoolExecutor.runWorker(ThreadPoolExecutor.java:1095)
at java.base/java.util.concurrent.ThreadPoolExecutor$Worker.run(ThreadPoolExecutor.java:619)
at java.base/java.lang.Thread.run(Thread.java:1447)
... Removed 17 stack frames]]>
    </failure>
  </testcase> <!-- givenWebpage_whenLogin_thenVerify -->
  <testcase classname="day52.test_cases.TC003LoginDataDrivenTest" name="givenWebpage_whenLogin_thenVerify" time="0.0">
    <failure type="java.lang.AssertionError">
      <![CDATA[java.lang.AssertionError: 
at day52.test_cases.TC003LoginDataDrivenTest.givenWebpage_whenLogin_thenVerify(TC003LoginDataDrivenTest.java:62)
at java.base/java.util.ArrayList.forEach(ArrayList.java:1604)
at java.base/java.util.concurrent.FutureTask.run(FutureTask.java:328)
at java.base/java.util.concurrent.ThreadPoolExecutor.runWorker(ThreadPoolExecutor.java:1095)
at java.base/java.util.concurrent.ThreadPoolExecutor$Worker.run(ThreadPoolExecutor.java:619)
at java.base/java.lang.Thread.run(Thread.java:1447)
... Removed 17 stack frames]]>
    </failure>
  </testcase> <!-- givenWebpage_whenLogin_thenVerify -->
  <testcase classname="day52.test_cases.TC003LoginDataDrivenTest" name="givenWebpage_whenLogin_thenVerify" time="0.0">
    <failure type="java.lang.AssertionError">
      <![CDATA[java.lang.AssertionError: 
at day52.test_cases.TC003LoginDataDrivenTest.givenWebpage_whenLogin_thenVerify(TC003LoginDataDrivenTest.java:62)
at java.base/java.util.ArrayList.forEach(ArrayList.java:1604)
at java.base/java.util.concurrent.FutureTask.run(FutureTask.java:328)
at java.base/java.util.concurrent.ThreadPoolExecutor.runWorker(ThreadPoolExecutor.java:1095)
at java.base/java.util.concurrent.ThreadPoolExecutor$Worker.run(ThreadPoolExecutor.java:619)
at java.base/java.lang.Thread.run(Thread.java:1447)
... Removed 17 stack frames]]>
    </failure>
  </testcase> <!-- givenWebpage_whenLogin_thenVerify -->
  <testcase classname="day52.test_cases.TC003LoginDataDrivenTest" name="givenWebpage_whenLogin_thenVerify" time="0.0">
    <failure type="java.lang.AssertionError">
      <![CDATA[java.lang.AssertionError: 
at day52.test_cases.TC003LoginDataDrivenTest.givenWebpage_whenLogin_thenVerify(TC003LoginDataDrivenTest.java:62)
at java.base/java.util.ArrayList.forEach(ArrayList.java:1604)
at java.base/java.util.concurrent.FutureTask.run(FutureTask.java:328)
at java.base/java.util.concurrent.ThreadPoolExecutor.runWorker(ThreadPoolExecutor.java:1095)
at java.base/java.util.concurrent.ThreadPoolExecutor$Worker.run(ThreadPoolExecutor.java:619)
at java.base/java.lang.Thread.run(Thread.java:1447)
... Removed 17 stack frames]]>
    </failure>
  </testcase> <!-- givenWebpage_whenLogin_thenVerify -->
  <testcase classname="day52.test_cases.TC003LoginDataDrivenTest" name="givenWebpage_whenLogin_thenVerify" time="0.0">
    <failure type="java.lang.AssertionError">
      <![CDATA[java.lang.AssertionError: 
at day52.test_cases.TC003LoginDataDrivenTest.givenWebpage_whenLogin_thenVerify(TC003LoginDataDrivenTest.java:62)
at java.base/java.util.ArrayList.forEach(ArrayList.java:1604)
at java.base/java.util.concurrent.FutureTask.run(FutureTask.java:328)
at java.base/java.util.concurrent.ThreadPoolExecutor.runWorker(ThreadPoolExecutor.java:1095)
at java.base/java.util.concurrent.ThreadPoolExecutor$Worker.run(ThreadPoolExecutor.java:619)
at java.base/java.lang.Thread.run(Thread.java:1447)
... Removed 17 stack frames]]>
    </failure>
  </testcase> <!-- givenWebpage_whenLogin_thenVerify -->
  <testcase classname="day52.test_cases.TC003LoginDataDrivenTest" name="givenWebpage_whenLogin_thenVerify" time="0.0">
    <failure type="java.lang.AssertionError">
      <![CDATA[java.lang.AssertionError: 
at day52.test_cases.TC003LoginDataDrivenTest.givenWebpage_whenLogin_thenVerify(TC003LoginDataDrivenTest.java:62)
at java.base/java.util.ArrayList.forEach(ArrayList.java:1604)
at java.base/java.util.concurrent.FutureTask.run(FutureTask.java:328)
at java.base/java.util.concurrent.ThreadPoolExecutor.runWorker(ThreadPoolExecutor.java:1095)
at java.base/java.util.concurrent.ThreadPoolExecutor$Worker.run(ThreadPoolExecutor.java:619)
at java.base/java.lang.Thread.run(Thread.java:1447)
... Removed 17 stack frames]]>
    </failure>
  </testcase> <!-- givenWebpage_whenLogin_thenVerify -->
  <testcase classname="day52.test_cases.TC003LoginDataDrivenTest" name="givenWebpage_whenLogin_thenVerify" time="0.0">
    <failure type="java.lang.AssertionError">
      <![CDATA[java.lang.AssertionError: 
at day52.test_cases.TC003LoginDataDrivenTest.givenWebpage_whenLogin_thenVerify(TC003LoginDataDrivenTest.java:62)
at java.base/java.util.ArrayList.forEach(ArrayList.java:1604)
at java.base/java.util.concurrent.FutureTask.run(FutureTask.java:328)
at java.base/java.util.concurrent.ThreadPoolExecutor.runWorker(ThreadPoolExecutor.java:1095)
at java.base/java.util.concurrent.ThreadPoolExecutor$Worker.run(ThreadPoolExecutor.java:619)
at java.base/java.lang.Thread.run(Thread.java:1447)
... Removed 17 stack frames]]>
    </failure>
  </testcase> <!-- givenWebpage_whenLogin_thenVerify -->
  <testcase classname="day52.test_cases.TC003LoginDataDrivenTest" name="givenWebpage_whenLogin_thenVerify" time="0.001">
    <failure type="java.lang.AssertionError">
      <![CDATA[java.lang.AssertionError: 
at day52.test_cases.TC003LoginDataDrivenTest.givenWebpage_whenLogin_thenVerify(TC003LoginDataDrivenTest.java:62)
at java.base/java.util.ArrayList.forEach(ArrayList.java:1604)
at java.base/java.util.concurrent.FutureTask.run(FutureTask.java:328)
at java.base/java.util.concurrent.ThreadPoolExecutor.runWorker(ThreadPoolExecutor.java:1095)
at java.base/java.util.concurrent.ThreadPoolExecutor$Worker.run(ThreadPoolExecutor.java:619)
at java.base/java.lang.Thread.run(Thread.java:1447)
... Removed 17 stack frames]]>
    </failure>
  </testcase> <!-- givenWebpage_whenLogin_thenVerify -->
  <testcase classname="day52.test_cases.TC003LoginDataDrivenTest" name="givenWebpage_whenLogin_thenVerify" time="0.0">
    <failure type="java.lang.AssertionError">
      <![CDATA[java.lang.AssertionError: 
at day52.test_cases.TC003LoginDataDrivenTest.givenWebpage_whenLogin_thenVerify(TC003LoginDataDrivenTest.java:62)
at java.base/java.util.ArrayList.forEach(ArrayList.java:1604)
at java.base/java.util.concurrent.FutureTask.run(FutureTask.java:328)
at java.base/java.util.concurrent.ThreadPoolExecutor.runWorker(ThreadPoolExecutor.java:1095)
at java.base/java.util.concurrent.ThreadPoolExecutor$Worker.run(ThreadPoolExecutor.java:619)
at java.base/java.lang.Thread.run(Thread.java:1447)
... Removed 17 stack frames]]>
    </failure>
  </testcase> <!-- givenWebpage_whenLogin_thenVerify -->
  <testcase classname="day52.test_cases.TC003LoginDataDrivenTest" name="givenWebpage_whenLogin_thenVerify" time="0.001">
    <failure type="java.lang.AssertionError">
      <![CDATA[java.lang.AssertionError: 
at day52.test_cases.TC003LoginDataDrivenTest.givenWebpage_whenLogin_thenVerify(TC003LoginDataDrivenTest.java:62)
at java.base/java.util.ArrayList.forEach(ArrayList.java:1604)
at java.base/java.util.concurrent.FutureTask.run(FutureTask.java:328)
at java.base/java.util.concurrent.ThreadPoolExecutor.runWorker(ThreadPoolExecutor.java:1095)
at java.base/java.util.concurrent.ThreadPoolExecutor$Worker.run(ThreadPoolExecutor.java:619)
at java.base/java.lang.Thread.run(Thread.java:1447)
... Removed 17 stack frames]]>
    </failure>
  </testcase> <!-- givenWebpage_whenLogin_thenVerify -->
  <testcase classname="day52.test_cases.TC003LoginDataDrivenTest" name="givenWebpage_whenLogin_thenVerify" time="0.0">
    <failure type="java.lang.AssertionError">
      <![CDATA[java.lang.AssertionError: 
at day52.test_cases.TC003LoginDataDrivenTest.givenWebpage_whenLogin_thenVerify(TC003LoginDataDrivenTest.java:62)
at java.base/java.util.ArrayList.forEach(ArrayList.java:1604)
at java.base/java.util.concurrent.FutureTask.run(FutureTask.java:328)
at java.base/java.util.concurrent.ThreadPoolExecutor.runWorker(ThreadPoolExecutor.java:1095)
at java.base/java.util.concurrent.ThreadPoolExecutor$Worker.run(ThreadPoolExecutor.java:619)
at java.base/java.lang.Thread.run(Thread.java:1447)
... Removed 17 stack frames]]>
    </failure>
  </testcase> <!-- givenWebpage_whenLogin_thenVerify -->
  <testcase classname="day52.test_cases.TC003LoginDataDrivenTest" name="givenWebpage_whenLogin_thenVerify" time="0.0">
    <failure type="java.lang.AssertionError">
      <![CDATA[java.lang.AssertionError: 
at day52.test_cases.TC003LoginDataDrivenTest.givenWebpage_whenLogin_thenVerify(TC003LoginDataDrivenTest.java:62)
at java.base/java.util.ArrayList.forEach(ArrayList.java:1604)
at java.base/java.util.concurrent.FutureTask.run(FutureTask.java:328)
at java.base/java.util.concurrent.ThreadPoolExecutor.runWorker(ThreadPoolExecutor.java:1095)
at java.base/java.util.concurrent.ThreadPoolExecutor$Worker.run(ThreadPoolExecutor.java:619)
at java.base/java.lang.Thread.run(Thread.java:1447)
... Removed 17 stack frames]]>
    </failure>
  </testcase> <!-- givenWebpage_whenLogin_thenVerify -->
  <testcase classname="day52.test_cases.TC003LoginDataDrivenTest" name="givenWebpage_whenLogin_thenVerify" time="0.001">
    <failure type="java.lang.AssertionError">
      <![CDATA[java.lang.AssertionError: 
at day52.test_cases.TC003LoginDataDrivenTest.givenWebpage_whenLogin_thenVerify(TC003LoginDataDrivenTest.java:62)
at java.base/java.util.ArrayList.forEach(ArrayList.java:1604)
at java.base/java.util.concurrent.FutureTask.run(FutureTask.java:328)
at java.base/java.util.concurrent.ThreadPoolExecutor.runWorker(ThreadPoolExecutor.java:1095)
at java.base/java.util.concurrent.ThreadPoolExecutor$Worker.run(ThreadPoolExecutor.java:619)
at java.base/java.lang.Thread.run(Thread.java:1447)
... Removed 17 stack frames]]>
    </failure>
  </testcase> <!-- givenWebpage_whenLogin_thenVerify -->
  <testcase classname="day52.test_cases.TC003LoginDataDrivenTest" name="givenWebpage_whenLogin_thenVerify" time="0.001">
    <failure type="java.lang.AssertionError">
      <![CDATA[java.lang.AssertionError: 
at day52.test_cases.TC003LoginDataDrivenTest.givenWebpage_whenLogin_thenVerify(TC003LoginDataDrivenTest.java:62)
at java.base/java.util.ArrayList.forEach(ArrayList.java:1604)
at java.base/java.util.concurrent.FutureTask.run(FutureTask.java:328)
at java.base/java.util.concurrent.ThreadPoolExecutor.runWorker(ThreadPoolExecutor.java:1095)
at java.base/java.util.concurrent.ThreadPoolExecutor$Worker.run(ThreadPoolExecutor.java:619)
at java.base/java.lang.Thread.run(Thread.java:1447)
... Removed 17 stack frames]]>
    </failure>
  </testcase> <!-- givenWebpage_whenLogin_thenVerify -->
  <testcase classname="day52.test_cases.TC003LoginDataDrivenTest" name="givenWebpage_whenLogin_thenVerify" time="0.0">
    <failure type="java.lang.AssertionError">
      <![CDATA[java.lang.AssertionError: 
at day52.test_cases.TC003LoginDataDrivenTest.givenWebpage_whenLogin_thenVerify(TC003LoginDataDrivenTest.java:62)
at java.base/java.util.ArrayList.forEach(ArrayList.java:1604)
at java.base/java.util.concurrent.FutureTask.run(FutureTask.java:328)
at java.base/java.util.concurrent.ThreadPoolExecutor.runWorker(ThreadPoolExecutor.java:1095)
at java.base/java.util.concurrent.ThreadPoolExecutor$Worker.run(ThreadPoolExecutor.java:619)
at java.base/java.lang.Thread.run(Thread.java:1447)
... Removed 17 stack frames]]>
    </failure>
  </testcase> <!-- givenWebpage_whenLogin_thenVerify -->
  <testcase classname="day52.test_cases.TC003LoginDataDrivenTest" name="givenWebpage_whenLogin_thenVerify" time="0.001">
    <failure type="java.lang.AssertionError">
      <![CDATA[java.lang.AssertionError: 
at day52.test_cases.TC003LoginDataDrivenTest.givenWebpage_whenLogin_thenVerify(TC003LoginDataDrivenTest.java:62)
at java.base/java.util.ArrayList.forEach(ArrayList.java:1604)
at java.base/java.util.concurrent.FutureTask.run(FutureTask.java:328)
at java.base/java.util.concurrent.ThreadPoolExecutor.runWorker(ThreadPoolExecutor.java:1095)
at java.base/java.util.concurrent.ThreadPoolExecutor$Worker.run(ThreadPoolExecutor.java:619)
at java.base/java.lang.Thread.run(Thread.java:1447)
... Removed 17 stack frames]]>
    </failure>
  </testcase> <!-- givenWebpage_whenLogin_thenVerify -->
  <testcase classname="day52.test_cases.TC003LoginDataDrivenTest" name="givenWebpage_whenLogin_thenVerify" time="0.0">
    <failure type="java.lang.AssertionError">
      <![CDATA[java.lang.AssertionError: 
at day52.test_cases.TC003LoginDataDrivenTest.givenWebpage_whenLogin_thenVerify(TC003LoginDataDrivenTest.java:62)
at java.base/java.util.ArrayList.forEach(ArrayList.java:1604)
at java.base/java.util.concurrent.FutureTask.run(FutureTask.java:328)
at java.base/java.util.concurrent.ThreadPoolExecutor.runWorker(ThreadPoolExecutor.java:1095)
at java.base/java.util.concurrent.ThreadPoolExecutor$Worker.run(ThreadPoolExecutor.java:619)
at java.base/java.lang.Thread.run(Thread.java:1447)
... Removed 17 stack frames]]>
    </failure>
  </testcase> <!-- givenWebpage_whenLogin_thenVerify -->
  <testcase classname="day52.test_cases.TC003LoginDataDrivenTest" name="givenWebpage_whenLogin_thenVerify" time="0.0">
    <failure type="java.lang.AssertionError">
      <![CDATA[java.lang.AssertionError: 
at day52.test_cases.TC003LoginDataDrivenTest.givenWebpage_whenLogin_thenVerify(TC003LoginDataDrivenTest.java:62)
at java.base/java.util.ArrayList.forEach(ArrayList.java:1604)
at java.base/java.util.concurrent.FutureTask.run(FutureTask.java:328)
at java.base/java.util.concurrent.ThreadPoolExecutor.runWorker(ThreadPoolExecutor.java:1095)
at java.base/java.util.concurrent.ThreadPoolExecutor$Worker.run(ThreadPoolExecutor.java:619)
at java.base/java.lang.Thread.run(Thread.java:1447)
... Removed 17 stack frames]]>
    </failure>
  </testcase> <!-- givenWebpage_whenLogin_thenVerify -->
  <testcase classname="day52.test_cases.TC003LoginDataDrivenTest" name="givenWebpage_whenLogin_thenVerify" time="0.0">
    <failure type="java.lang.AssertionError">
      <![CDATA[java.lang.AssertionError: 
at day52.test_cases.TC003LoginDataDrivenTest.givenWebpage_whenLogin_thenVerify(TC003LoginDataDrivenTest.java:62)
at java.base/java.util.ArrayList.forEach(ArrayList.java:1604)
at java.base/java.util.concurrent.FutureTask.run(FutureTask.java:328)
at java.base/java.util.concurrent.ThreadPoolExecutor.runWorker(ThreadPoolExecutor.java:1095)
at java.base/java.util.concurrent.ThreadPoolExecutor$Worker.run(ThreadPoolExecutor.java:619)
at java.base/java.lang.Thread.run(Thread.java:1447)
... Removed 17 stack frames]]>
    </failure>
  </testcase> <!-- givenWebpage_whenLogin_thenVerify -->
  <testcase classname="day52.test_cases.TC003LoginDataDrivenTest" name="givenWebpage_whenLogin_thenVerify" time="0.0">
    <failure type="java.lang.AssertionError">
      <![CDATA[java.lang.AssertionError: 
at day52.test_cases.TC003LoginDataDrivenTest.givenWebpage_whenLogin_thenVerify(TC003LoginDataDrivenTest.java:62)
at java.base/java.util.ArrayList.forEach(ArrayList.java:1604)
at java.base/java.util.concurrent.FutureTask.run(FutureTask.java:328)
at java.base/java.util.concurrent.ThreadPoolExecutor.runWorker(ThreadPoolExecutor.java:1095)
at java.base/java.util.concurrent.ThreadPoolExecutor$Worker.run(ThreadPoolExecutor.java:619)
at java.base/java.lang.Thread.run(Thread.java:1447)
... Removed 17 stack frames]]>
    </failure>
  </testcase> <!-- givenWebpage_whenLogin_thenVerify -->
  <testcase classname="day52.test_cases.TC003LoginDataDrivenTest" name="givenWebpage_whenLogin_thenVerify" time="0.0">
    <failure type="java.lang.AssertionError">
      <![CDATA[java.lang.AssertionError: 
at day52.test_cases.TC003LoginDataDrivenTest.givenWebpage_whenLogin_thenVerify(TC003LoginDataDrivenTest.java:62)
at java.base/java.util.ArrayList.forEach(ArrayList.java:1604)
at java.base/java.util.concurrent.FutureTask.run(FutureTask.java:328)
at java.base/java.util.concurrent.ThreadPoolExecutor.runWorker(ThreadPoolExecutor.java:1095)
at java.base/java.util.concurrent.ThreadPoolExecutor$Worker.run(ThreadPoolExecutor.java:619)
at java.base/java.lang.Thread.run(Thread.java:1447)
... Removed 17 stack frames]]>
    </failure>
  </testcase> <!-- givenWebpage_whenLogin_thenVerify -->
  <testcase classname="day52.test_cases.TC003LoginDataDrivenTest" name="givenWebpage_whenLogin_thenVerify" time="0.001">
    <failure type="java.lang.AssertionError">
      <![CDATA[java.lang.AssertionError: 
at day52.test_cases.TC003LoginDataDrivenTest.givenWebpage_whenLogin_thenVerify(TC003LoginDataDrivenTest.java:62)
at java.base/java.util.ArrayList.forEach(ArrayList.java:1604)
at java.base/java.util.concurrent.FutureTask.run(FutureTask.java:328)
at java.base/java.util.concurrent.ThreadPoolExecutor.runWorker(ThreadPoolExecutor.java:1095)
at java.base/java.util.concurrent.ThreadPoolExecutor$Worker.run(ThreadPoolExecutor.java:619)
at java.base/java.lang.Thread.run(Thread.java:1447)
... Removed 17 stack frames]]>
    </failure>
  </testcase> <!-- givenWebpage_whenLogin_thenVerify -->
  <testcase classname="day52.test_cases.TC003LoginDataDrivenTest" name="givenWebpage_whenLogin_thenVerify" time="0.0">
    <failure type="java.lang.AssertionError">
      <![CDATA[java.lang.AssertionError: 
at day52.test_cases.TC003LoginDataDrivenTest.givenWebpage_whenLogin_thenVerify(TC003LoginDataDrivenTest.java:62)
at java.base/java.util.ArrayList.forEach(ArrayList.java:1604)
at java.base/java.util.concurrent.FutureTask.run(FutureTask.java:328)
at java.base/java.util.concurrent.ThreadPoolExecutor.runWorker(ThreadPoolExecutor.java:1095)
at java.base/java.util.concurrent.ThreadPoolExecutor$Worker.run(ThreadPoolExecutor.java:619)
at java.base/java.lang.Thread.run(Thread.java:1447)
... Removed 17 stack frames]]>
    </failure>
  </testcase> <!-- givenWebpage_whenLogin_thenVerify -->
  <testcase classname="day52.test_cases.TC003LoginDataDrivenTest" name="givenWebpage_whenLogin_thenVerify" time="0.001">
    <failure type="java.lang.AssertionError">
      <![CDATA[java.lang.AssertionError: 
at day52.test_cases.TC003LoginDataDrivenTest.givenWebpage_whenLogin_thenVerify(TC003LoginDataDrivenTest.java:62)
at java.base/java.util.ArrayList.forEach(ArrayList.java:1604)
at java.base/java.util.concurrent.FutureTask.run(FutureTask.java:328)
at java.base/java.util.concurrent.ThreadPoolExecutor.runWorker(ThreadPoolExecutor.java:1095)
at java.base/java.util.concurrent.ThreadPoolExecutor$Worker.run(ThreadPoolExecutor.java:619)
at java.base/java.lang.Thread.run(Thread.java:1447)
... Removed 17 stack frames]]>
    </failure>
  </testcase> <!-- givenWebpage_whenLogin_thenVerify -->
  <testcase classname="day52.test_cases.TC003LoginDataDrivenTest" name="givenWebpage_whenLogin_thenVerify" time="0.001">
    <failure type="java.lang.AssertionError">
      <![CDATA[java.lang.AssertionError: 
at day52.test_cases.TC003LoginDataDrivenTest.givenWebpage_whenLogin_thenVerify(TC003LoginDataDrivenTest.java:62)
at java.base/java.util.ArrayList.forEach(ArrayList.java:1604)
at java.base/java.util.concurrent.FutureTask.run(FutureTask.java:328)
at java.base/java.util.concurrent.ThreadPoolExecutor.runWorker(ThreadPoolExecutor.java:1095)
at java.base/java.util.concurrent.ThreadPoolExecutor$Worker.run(ThreadPoolExecutor.java:619)
at java.base/java.lang.Thread.run(Thread.java:1447)
... Removed 17 stack frames]]>
    </failure>
  </testcase> <!-- givenWebpage_whenLogin_thenVerify -->
  <testcase classname="day52.test_cases.TC003LoginDataDrivenTest" name="givenWebpage_whenLogin_thenVerify" time="0.0">
    <failure type="java.lang.AssertionError">
      <![CDATA[java.lang.AssertionError: 
at day52.test_cases.TC003LoginDataDrivenTest.givenWebpage_whenLogin_thenVerify(TC003LoginDataDrivenTest.java:62)
at java.base/java.util.ArrayList.forEach(ArrayList.java:1604)
at java.base/java.util.concurrent.FutureTask.run(FutureTask.java:328)
at java.base/java.util.concurrent.ThreadPoolExecutor.runWorker(ThreadPoolExecutor.java:1095)
at java.base/java.util.concurrent.ThreadPoolExecutor$Worker.run(ThreadPoolExecutor.java:619)
at java.base/java.lang.Thread.run(Thread.java:1447)
... Removed 17 stack frames]]>
    </failure>
  </testcase> <!-- givenWebpage_whenLogin_thenVerify -->
  <testcase classname="day52.test_cases.TC003LoginDataDrivenTest" name="givenWebpage_whenLogin_thenVerify" time="0.0">
    <failure type="java.lang.AssertionError">
      <![CDATA[java.lang.AssertionError: 
at day52.test_cases.TC003LoginDataDrivenTest.givenWebpage_whenLogin_thenVerify(TC003LoginDataDrivenTest.java:62)
at java.base/java.util.ArrayList.forEach(ArrayList.java:1604)
at java.base/java.util.concurrent.FutureTask.run(FutureTask.java:328)
at java.base/java.util.concurrent.ThreadPoolExecutor.runWorker(ThreadPoolExecutor.java:1095)
at java.base/java.util.concurrent.ThreadPoolExecutor$Worker.run(ThreadPoolExecutor.java:619)
at java.base/java.lang.Thread.run(Thread.java:1447)
... Removed 17 stack frames]]>
    </failure>
  </testcase> <!-- givenWebpage_whenLogin_thenVerify -->
  <testcase classname="day52.test_cases.TC003LoginDataDrivenTest" name="givenWebpage_whenLogin_thenVerify" time="0.0">
    <failure type="java.lang.AssertionError">
      <![CDATA[java.lang.AssertionError: 
at day52.test_cases.TC003LoginDataDrivenTest.givenWebpage_whenLogin_thenVerify(TC003LoginDataDrivenTest.java:62)
at java.base/java.util.ArrayList.forEach(ArrayList.java:1604)
at java.base/java.util.concurrent.FutureTask.run(FutureTask.java:328)
at java.base/java.util.concurrent.ThreadPoolExecutor.runWorker(ThreadPoolExecutor.java:1095)
at java.base/java.util.concurrent.ThreadPoolExecutor$Worker.run(ThreadPoolExecutor.java:619)
at java.base/java.lang.Thread.run(Thread.java:1447)
... Removed 17 stack frames]]>
    </failure>
  </testcase> <!-- givenWebpage_whenLogin_thenVerify -->
  <testcase classname="day52.test_cases.TC003LoginDataDrivenTest" name="givenWebpage_whenLogin_thenVerify" time="0.001">
    <failure type="java.lang.AssertionError">
      <![CDATA[java.lang.AssertionError: 
at day52.test_cases.TC003LoginDataDrivenTest.givenWebpage_whenLogin_thenVerify(TC003LoginDataDrivenTest.java:62)
at java.base/java.util.ArrayList.forEach(ArrayList.java:1604)
at java.base/java.util.concurrent.FutureTask.run(FutureTask.java:328)
at java.base/java.util.concurrent.ThreadPoolExecutor.runWorker(ThreadPoolExecutor.java:1095)
at java.base/java.util.concurrent.ThreadPoolExecutor$Worker.run(ThreadPoolExecutor.java:619)
at java.base/java.lang.Thread.run(Thread.java:1447)
... Removed 17 stack frames]]>
    </failure>
  </testcase> <!-- givenWebpage_whenLogin_thenVerify -->
  <testcase classname="day52.test_cases.TC003LoginDataDrivenTest" name="givenWebpage_whenLogin_thenVerify" time="0.0">
    <failure type="java.lang.AssertionError">
      <![CDATA[java.lang.AssertionError: 
at day52.test_cases.TC003LoginDataDrivenTest.givenWebpage_whenLogin_thenVerify(TC003LoginDataDrivenTest.java:62)
at java.base/java.util.ArrayList.forEach(ArrayList.java:1604)
at java.base/java.util.concurrent.FutureTask.run(FutureTask.java:328)
at java.base/java.util.concurrent.ThreadPoolExecutor.runWorker(ThreadPoolExecutor.java:1095)
at java.base/java.util.concurrent.ThreadPoolExecutor$Worker.run(ThreadPoolExecutor.java:619)
at java.base/java.lang.Thread.run(Thread.java:1447)
... Removed 17 stack frames]]>
    </failure>
  </testcase> <!-- givenWebpage_whenLogin_thenVerify -->
  <testcase classname="day52.test_cases.TC003LoginDataDrivenTest" name="givenWebpage_whenLogin_thenVerify" time="0.0">
    <failure type="java.lang.AssertionError">
      <![CDATA[java.lang.AssertionError: 
at day52.test_cases.TC003LoginDataDrivenTest.givenWebpage_whenLogin_thenVerify(TC003LoginDataDrivenTest.java:62)
at java.base/java.util.ArrayList.forEach(ArrayList.java:1604)
at java.base/java.util.concurrent.FutureTask.run(FutureTask.java:328)
at java.base/java.util.concurrent.ThreadPoolExecutor.runWorker(ThreadPoolExecutor.java:1095)
at java.base/java.util.concurrent.ThreadPoolExecutor$Worker.run(ThreadPoolExecutor.java:619)
at java.base/java.lang.Thread.run(Thread.java:1447)
... Removed 17 stack frames]]>
    </failure>
  </testcase> <!-- givenWebpage_whenLogin_thenVerify -->
  <testcase classname="day52.test_cases.TC003LoginDataDrivenTest" name="givenWebpage_whenLogin_thenVerify" time="0.0">
    <failure type="java.lang.AssertionError">
      <![CDATA[java.lang.AssertionError: 
at day52.test_cases.TC003LoginDataDrivenTest.givenWebpage_whenLogin_thenVerify(TC003LoginDataDrivenTest.java:62)
at java.base/java.util.ArrayList.forEach(ArrayList.java:1604)
at java.base/java.util.concurrent.FutureTask.run(FutureTask.java:328)
at java.base/java.util.concurrent.ThreadPoolExecutor.runWorker(ThreadPoolExecutor.java:1095)
at java.base/java.util.concurrent.ThreadPoolExecutor$Worker.run(ThreadPoolExecutor.java:619)
at java.base/java.lang.Thread.run(Thread.java:1447)
... Removed 17 stack frames]]>
    </failure>
  </testcase> <!-- givenWebpage_whenLogin_thenVerify -->
  <testcase classname="day52.test_cases.TC003LoginDataDrivenTest" name="givenWebpage_whenLogin_thenVerify" time="0.001">
    <failure type="java.lang.AssertionError">
      <![CDATA[java.lang.AssertionError: 
at day52.test_cases.TC003LoginDataDrivenTest.givenWebpage_whenLogin_thenVerify(TC003LoginDataDrivenTest.java:62)
at java.base/java.util.ArrayList.forEach(ArrayList.java:1604)
at java.base/java.util.concurrent.FutureTask.run(FutureTask.java:328)
at java.base/java.util.concurrent.ThreadPoolExecutor.runWorker(ThreadPoolExecutor.java:1095)
at java.base/java.util.concurrent.ThreadPoolExecutor$Worker.run(ThreadPoolExecutor.java:619)
at java.base/java.lang.Thread.run(Thread.java:1447)
... Removed 17 stack frames]]>
    </failure>
  </testcase> <!-- givenWebpage_whenLogin_thenVerify -->
  <testcase classname="day52.test_cases.TC003LoginDataDrivenTest" name="givenWebpage_whenLogin_thenVerify" time="0.0">
    <failure type="java.lang.AssertionError">
      <![CDATA[java.lang.AssertionError: 
at day52.test_cases.TC003LoginDataDrivenTest.givenWebpage_whenLogin_thenVerify(TC003LoginDataDrivenTest.java:62)
at java.base/java.util.ArrayList.forEach(ArrayList.java:1604)
at java.base/java.util.concurrent.FutureTask.run(FutureTask.java:328)
at java.base/java.util.concurrent.ThreadPoolExecutor.runWorker(ThreadPoolExecutor.java:1095)
at java.base/java.util.concurrent.ThreadPoolExecutor$Worker.run(ThreadPoolExecutor.java:619)
at java.base/java.lang.Thread.run(Thread.java:1447)
... Removed 17 stack frames]]>
    </failure>
  </testcase> <!-- givenWebpage_whenLogin_thenVerify -->
  <testcase classname="day52.test_cases.TC003LoginDataDrivenTest" name="givenWebpage_whenLogin_thenVerify" time="0.0">
    <failure type="java.lang.AssertionError">
      <![CDATA[java.lang.AssertionError: 
at day52.test_cases.TC003LoginDataDrivenTest.givenWebpage_whenLogin_thenVerify(TC003LoginDataDrivenTest.java:62)
at java.base/java.util.ArrayList.forEach(ArrayList.java:1604)
at java.base/java.util.concurrent.FutureTask.run(FutureTask.java:328)
at java.base/java.util.concurrent.ThreadPoolExecutor.runWorker(ThreadPoolExecutor.java:1095)
at java.base/java.util.concurrent.ThreadPoolExecutor$Worker.run(ThreadPoolExecutor.java:619)
at java.base/java.lang.Thread.run(Thread.java:1447)
... Removed 17 stack frames]]>
    </failure>
  </testcase> <!-- givenWebpage_whenLogin_thenVerify -->
  <testcase classname="day52.test_cases.TC003LoginDataDrivenTest" name="givenWebpage_whenLogin_thenVerify" time="0.0">
    <failure type="java.lang.AssertionError">
      <![CDATA[java.lang.AssertionError: 
at day52.test_cases.TC003LoginDataDrivenTest.givenWebpage_whenLogin_thenVerify(TC003LoginDataDrivenTest.java:62)
at java.base/java.util.ArrayList.forEach(ArrayList.java:1604)
at java.base/java.util.concurrent.FutureTask.run(FutureTask.java:328)
at java.base/java.util.concurrent.ThreadPoolExecutor.runWorker(ThreadPoolExecutor.java:1095)
at java.base/java.util.concurrent.ThreadPoolExecutor$Worker.run(ThreadPoolExecutor.java:619)
at java.base/java.lang.Thread.run(Thread.java:1447)
... Removed 17 stack frames]]>
    </failure>
  </testcase> <!-- givenWebpage_whenLogin_thenVerify -->
  <testcase classname="day52.test_cases.TC003LoginDataDrivenTest" name="givenWebpage_whenLogin_thenVerify" time="0.001">
    <failure type="java.lang.AssertionError">
      <![CDATA[java.lang.AssertionError: 
at day52.test_cases.TC003LoginDataDrivenTest.givenWebpage_whenLogin_thenVerify(TC003LoginDataDrivenTest.java:62)
at java.base/java.util.ArrayList.forEach(ArrayList.java:1604)
at java.base/java.util.concurrent.FutureTask.run(FutureTask.java:328)
at java.base/java.util.concurrent.ThreadPoolExecutor.runWorker(ThreadPoolExecutor.java:1095)
at java.base/java.util.concurrent.ThreadPoolExecutor$Worker.run(ThreadPoolExecutor.java:619)
at java.base/java.lang.Thread.run(Thread.java:1447)
... Removed 17 stack frames]]>
    </failure>
  </testcase> <!-- givenWebpage_whenLogin_thenVerify -->
  <testcase classname="day52.test_cases.TC003LoginDataDrivenTest" name="givenWebpage_whenLogin_thenVerify" time="0.0">
    <failure type="java.lang.AssertionError">
      <![CDATA[java.lang.AssertionError: 
at day52.test_cases.TC003LoginDataDrivenTest.givenWebpage_whenLogin_thenVerify(TC003LoginDataDrivenTest.java:62)
at java.base/java.util.ArrayList.forEach(ArrayList.java:1604)
at java.base/java.util.concurrent.FutureTask.run(FutureTask.java:328)
at java.base/java.util.concurrent.ThreadPoolExecutor.runWorker(ThreadPoolExecutor.java:1095)
at java.base/java.util.concurrent.ThreadPoolExecutor$Worker.run(ThreadPoolExecutor.java:619)
at java.base/java.lang.Thread.run(Thread.java:1447)
... Removed 17 stack frames]]>
    </failure>
  </testcase> <!-- givenWebpage_whenLogin_thenVerify -->
  <testcase classname="day52.test_cases.TC003LoginDataDrivenTest" name="givenWebpage_whenLogin_thenVerify" time="0.0">
    <failure type="java.lang.AssertionError">
      <![CDATA[java.lang.AssertionError: 
at day52.test_cases.TC003LoginDataDrivenTest.givenWebpage_whenLogin_thenVerify(TC003LoginDataDrivenTest.java:62)
at java.base/java.util.ArrayList.forEach(ArrayList.java:1604)
at java.base/java.util.concurrent.FutureTask.run(FutureTask.java:328)
at java.base/java.util.concurrent.ThreadPoolExecutor.runWorker(ThreadPoolExecutor.java:1095)
at java.base/java.util.concurrent.ThreadPoolExecutor$Worker.run(ThreadPoolExecutor.java:619)
at java.base/java.lang.Thread.run(Thread.java:1447)
... Removed 17 stack frames]]>
    </failure>
  </testcase> <!-- givenWebpage_whenLogin_thenVerify -->
  <testcase classname="day52.test_cases.TC003LoginDataDrivenTest" name="givenWebpage_whenLogin_thenVerify" time="0.0">
    <failure type="java.lang.AssertionError">
      <![CDATA[java.lang.AssertionError: 
at day52.test_cases.TC003LoginDataDrivenTest.givenWebpage_whenLogin_thenVerify(TC003LoginDataDrivenTest.java:62)
at java.base/java.util.ArrayList.forEach(ArrayList.java:1604)
at java.base/java.util.concurrent.FutureTask.run(FutureTask.java:328)
at java.base/java.util.concurrent.ThreadPoolExecutor.runWorker(ThreadPoolExecutor.java:1095)
at java.base/java.util.concurrent.ThreadPoolExecutor$Worker.run(ThreadPoolExecutor.java:619)
at java.base/java.lang.Thread.run(Thread.java:1447)
... Removed 17 stack frames]]>
    </failure>
  </testcase> <!-- givenWebpage_whenLogin_thenVerify -->
  <testcase classname="day52.test_cases.TC003LoginDataDrivenTest" name="givenWebpage_whenLogin_thenVerify" time="0.001">
    <failure type="java.lang.AssertionError">
      <![CDATA[java.lang.AssertionError: 
at day52.test_cases.TC003LoginDataDrivenTest.givenWebpage_whenLogin_thenVerify(TC003LoginDataDrivenTest.java:62)
at java.base/java.util.ArrayList.forEach(ArrayList.java:1604)
at java.base/java.util.concurrent.FutureTask.run(FutureTask.java:328)
at java.base/java.util.concurrent.ThreadPoolExecutor.runWorker(ThreadPoolExecutor.java:1095)
at java.base/java.util.concurrent.ThreadPoolExecutor$Worker.run(ThreadPoolExecutor.java:619)
at java.base/java.lang.Thread.run(Thread.java:1447)
... Removed 17 stack frames]]>
    </failure>
  </testcase> <!-- givenWebpage_whenLogin_thenVerify -->
  <testcase classname="day52.test_cases.TC003LoginDataDrivenTest" name="givenWebpage_whenLogin_thenVerify" time="0.0">
    <failure type="java.lang.AssertionError">
      <![CDATA[java.lang.AssertionError: 
at day52.test_cases.TC003LoginDataDrivenTest.givenWebpage_whenLogin_thenVerify(TC003LoginDataDrivenTest.java:62)
at java.base/java.util.ArrayList.forEach(ArrayList.java:1604)
at java.base/java.util.concurrent.FutureTask.run(FutureTask.java:328)
at java.base/java.util.concurrent.ThreadPoolExecutor.runWorker(ThreadPoolExecutor.java:1095)
at java.base/java.util.concurrent.ThreadPoolExecutor$Worker.run(ThreadPoolExecutor.java:619)
at java.base/java.lang.Thread.run(Thread.java:1447)
... Removed 17 stack frames]]>
    </failure>
  </testcase> <!-- givenWebpage_whenLogin_thenVerify -->
  <testcase classname="day52.test_cases.TC003LoginDataDrivenTest" name="givenWebpage_whenLogin_thenVerify" time="0.0">
    <failure type="java.lang.AssertionError">
      <![CDATA[java.lang.AssertionError: 
at day52.test_cases.TC003LoginDataDrivenTest.givenWebpage_whenLogin_thenVerify(TC003LoginDataDrivenTest.java:62)
at java.base/java.util.ArrayList.forEach(ArrayList.java:1604)
at java.base/java.util.concurrent.FutureTask.run(FutureTask.java:328)
at java.base/java.util.concurrent.ThreadPoolExecutor.runWorker(ThreadPoolExecutor.java:1095)
at java.base/java.util.concurrent.ThreadPoolExecutor$Worker.run(ThreadPoolExecutor.java:619)
at java.base/java.lang.Thread.run(Thread.java:1447)
... Removed 17 stack frames]]>
    </failure>
  </testcase> <!-- givenWebpage_whenLogin_thenVerify -->
  <testcase classname="day52.test_cases.TC003LoginDataDrivenTest" name="givenWebpage_whenLogin_thenVerify" time="0.001">
    <failure type="java.lang.AssertionError">
      <![CDATA[java.lang.AssertionError: 
at day52.test_cases.TC003LoginDataDrivenTest.givenWebpage_whenLogin_thenVerify(TC003LoginDataDrivenTest.java:62)
at java.base/java.util.ArrayList.forEach(ArrayList.java:1604)
at java.base/java.util.concurrent.FutureTask.run(FutureTask.java:328)
at java.base/java.util.concurrent.ThreadPoolExecutor.runWorker(ThreadPoolExecutor.java:1095)
at java.base/java.util.concurrent.ThreadPoolExecutor$Worker.run(ThreadPoolExecutor.java:619)
at java.base/java.lang.Thread.run(Thread.java:1447)
... Removed 17 stack frames]]>
    </failure>
  </testcase> <!-- givenWebpage_whenLogin_thenVerify -->
  <testcase classname="day52.test_cases.TC003LoginDataDrivenTest" name="givenWebpage_whenLogin_thenVerify" time="0.001">
    <failure type="java.lang.AssertionError">
      <![CDATA[java.lang.AssertionError: 
at day52.test_cases.TC003LoginDataDrivenTest.givenWebpage_whenLogin_thenVerify(TC003LoginDataDrivenTest.java:62)
at java.base/java.util.ArrayList.forEach(ArrayList.java:1604)
at java.base/java.util.concurrent.FutureTask.run(FutureTask.java:328)
at java.base/java.util.concurrent.ThreadPoolExecutor.runWorker(ThreadPoolExecutor.java:1095)
at java.base/java.util.concurrent.ThreadPoolExecutor$Worker.run(ThreadPoolExecutor.java:619)
at java.base/java.lang.Thread.run(Thread.java:1447)
... Removed 17 stack frames]]>
    </failure>
  </testcase> <!-- givenWebpage_whenLogin_thenVerify -->
  <testcase classname="day52.test_cases.TC003LoginDataDrivenTest" name="givenWebpage_whenLogin_thenVerify" time="0.0">
    <failure type="java.lang.AssertionError">
      <![CDATA[java.lang.AssertionError: 
at day52.test_cases.TC003LoginDataDrivenTest.givenWebpage_whenLogin_thenVerify(TC003LoginDataDrivenTest.java:62)
at java.base/java.util.ArrayList.forEach(ArrayList.java:1604)
at java.base/java.util.concurrent.FutureTask.run(FutureTask.java:328)
at java.base/java.util.concurrent.ThreadPoolExecutor.runWorker(ThreadPoolExecutor.java:1095)
at java.base/java.util.concurrent.ThreadPoolExecutor$Worker.run(ThreadPoolExecutor.java:619)
at java.base/java.lang.Thread.run(Thread.java:1447)
... Removed 17 stack frames]]>
    </failure>
  </testcase> <!-- givenWebpage_whenLogin_thenVerify -->
  <testcase classname="day52.test_cases.TC003LoginDataDrivenTest" name="givenWebpage_whenLogin_thenVerify" time="0.001">
    <failure type="java.lang.AssertionError">
      <![CDATA[java.lang.AssertionError: 
at day52.test_cases.TC003LoginDataDrivenTest.givenWebpage_whenLogin_thenVerify(TC003LoginDataDrivenTest.java:62)
at java.base/java.util.ArrayList.forEach(ArrayList.java:1604)
at java.base/java.util.concurrent.FutureTask.run(FutureTask.java:328)
at java.base/java.util.concurrent.ThreadPoolExecutor.runWorker(ThreadPoolExecutor.java:1095)
at java.base/java.util.concurrent.ThreadPoolExecutor$Worker.run(ThreadPoolExecutor.java:619)
at java.base/java.lang.Thread.run(Thread.java:1447)
... Removed 17 stack frames]]>
    </failure>
  </testcase> <!-- givenWebpage_whenLogin_thenVerify -->
  <testcase classname="day52.test_cases.TC003LoginDataDrivenTest" name="givenWebpage_whenLogin_thenVerify" time="0.0">
    <failure type="java.lang.AssertionError">
      <![CDATA[java.lang.AssertionError: 
at day52.test_cases.TC003LoginDataDrivenTest.givenWebpage_whenLogin_thenVerify(TC003LoginDataDrivenTest.java:62)
at java.base/java.util.ArrayList.forEach(ArrayList.java:1604)
at java.base/java.util.concurrent.FutureTask.run(FutureTask.java:328)
at java.base/java.util.concurrent.ThreadPoolExecutor.runWorker(ThreadPoolExecutor.java:1095)
at java.base/java.util.concurrent.ThreadPoolExecutor$Worker.run(ThreadPoolExecutor.java:619)
at java.base/java.lang.Thread.run(Thread.java:1447)
... Removed 17 stack frames]]>
    </failure>
  </testcase> <!-- givenWebpage_whenLogin_thenVerify -->
  <testcase classname="day52.test_cases.TC003LoginDataDrivenTest" name="givenWebpage_whenLogin_thenVerify" time="0.001">
    <failure type="java.lang.AssertionError">
      <![CDATA[java.lang.AssertionError: 
at day52.test_cases.TC003LoginDataDrivenTest.givenWebpage_whenLogin_thenVerify(TC003LoginDataDrivenTest.java:62)
at java.base/java.util.ArrayList.forEach(ArrayList.java:1604)
at java.base/java.util.concurrent.FutureTask.run(FutureTask.java:328)
at java.base/java.util.concurrent.ThreadPoolExecutor.runWorker(ThreadPoolExecutor.java:1095)
at java.base/java.util.concurrent.ThreadPoolExecutor$Worker.run(ThreadPoolExecutor.java:619)
at java.base/java.lang.Thread.run(Thread.java:1447)
... Removed 17 stack frames]]>
    </failure>
  </testcase> <!-- givenWebpage_whenLogin_thenVerify -->
  <testcase classname="day52.test_cases.TC003LoginDataDrivenTest" name="givenWebpage_whenLogin_thenVerify" time="0.0">
    <failure type="java.lang.AssertionError">
      <![CDATA[java.lang.AssertionError: 
at day52.test_cases.TC003LoginDataDrivenTest.givenWebpage_whenLogin_thenVerify(TC003LoginDataDrivenTest.java:62)
at java.base/java.util.ArrayList.forEach(ArrayList.java:1604)
at java.base/java.util.concurrent.FutureTask.run(FutureTask.java:328)
at java.base/java.util.concurrent.ThreadPoolExecutor.runWorker(ThreadPoolExecutor.java:1095)
at java.base/java.util.concurrent.ThreadPoolExecutor$Worker.run(ThreadPoolExecutor.java:619)
at java.base/java.lang.Thread.run(Thread.java:1447)
... Removed 17 stack frames]]>
    </failure>
  </testcase> <!-- givenWebpage_whenLogin_thenVerify -->
  <testcase classname="day52.test_cases.TC003LoginDataDrivenTest" name="givenWebpage_whenLogin_thenVerify" time="0.0">
    <failure type="java.lang.AssertionError">
      <![CDATA[java.lang.AssertionError: 
at day52.test_cases.TC003LoginDataDrivenTest.givenWebpage_whenLogin_thenVerify(TC003LoginDataDrivenTest.java:62)
at java.base/java.util.ArrayList.forEach(ArrayList.java:1604)
at java.base/java.util.concurrent.FutureTask.run(FutureTask.java:328)
at java.base/java.util.concurrent.ThreadPoolExecutor.runWorker(ThreadPoolExecutor.java:1095)
at java.base/java.util.concurrent.ThreadPoolExecutor$Worker.run(ThreadPoolExecutor.java:619)
at java.base/java.lang.Thread.run(Thread.java:1447)
... Removed 17 stack frames]]>
    </failure>
  </testcase> <!-- givenWebpage_whenLogin_thenVerify -->
  <testcase classname="day52.test_cases.TC003LoginDataDrivenTest" name="givenWebpage_whenLogin_thenVerify" time="0.001">
    <failure type="java.lang.AssertionError">
      <![CDATA[java.lang.AssertionError: 
at day52.test_cases.TC003LoginDataDrivenTest.givenWebpage_whenLogin_thenVerify(TC003LoginDataDrivenTest.java:62)
at java.base/java.util.ArrayList.forEach(ArrayList.java:1604)
at java.base/java.util.concurrent.FutureTask.run(FutureTask.java:328)
at java.base/java.util.concurrent.ThreadPoolExecutor.runWorker(ThreadPoolExecutor.java:1095)
at java.base/java.util.concurrent.ThreadPoolExecutor$Worker.run(ThreadPoolExecutor.java:619)
at java.base/java.lang.Thread.run(Thread.java:1447)
... Removed 17 stack frames]]>
    </failure>
  </testcase> <!-- givenWebpage_whenLogin_thenVerify -->
  <testcase classname="day52.test_cases.TC003LoginDataDrivenTest" name="givenWebpage_whenLogin_thenVerify" time="0.0">
    <failure type="java.lang.AssertionError">
      <![CDATA[java.lang.AssertionError: 
at day52.test_cases.TC003LoginDataDrivenTest.givenWebpage_whenLogin_thenVerify(TC003LoginDataDrivenTest.java:62)
at java.base/java.util.ArrayList.forEach(ArrayList.java:1604)
at java.base/java.util.concurrent.FutureTask.run(FutureTask.java:328)
at java.base/java.util.concurrent.ThreadPoolExecutor.runWorker(ThreadPoolExecutor.java:1095)
at java.base/java.util.concurrent.ThreadPoolExecutor$Worker.run(ThreadPoolExecutor.java:619)
at java.base/java.lang.Thread.run(Thread.java:1447)
... Removed 17 stack frames]]>
    </failure>
  </testcase> <!-- givenWebpage_whenLogin_thenVerify -->
  <testcase classname="day52.test_cases.TC003LoginDataDrivenTest" name="givenWebpage_whenLogin_thenVerify" time="0.001">
    <failure type="java.lang.AssertionError">
      <![CDATA[java.lang.AssertionError: 
at day52.test_cases.TC003LoginDataDrivenTest.givenWebpage_whenLogin_thenVerify(TC003LoginDataDrivenTest.java:62)
at java.base/java.util.ArrayList.forEach(ArrayList.java:1604)
at java.base/java.util.concurrent.FutureTask.run(FutureTask.java:328)
at java.base/java.util.concurrent.ThreadPoolExecutor.runWorker(ThreadPoolExecutor.java:1095)
at java.base/java.util.concurrent.ThreadPoolExecutor$Worker.run(ThreadPoolExecutor.java:619)
at java.base/java.lang.Thread.run(Thread.java:1447)
... Removed 17 stack frames]]>
    </failure>
  </testcase> <!-- givenWebpage_whenLogin_thenVerify -->
  <testcase classname="day52.test_cases.TC003LoginDataDrivenTest" name="givenWebpage_whenLogin_thenVerify" time="0.0">
    <failure type="java.lang.AssertionError">
      <![CDATA[java.lang.AssertionError: 
at day52.test_cases.TC003LoginDataDrivenTest.givenWebpage_whenLogin_thenVerify(TC003LoginDataDrivenTest.java:62)
at java.base/java.util.ArrayList.forEach(ArrayList.java:1604)
at java.base/java.util.concurrent.FutureTask.run(FutureTask.java:328)
at java.base/java.util.concurrent.ThreadPoolExecutor.runWorker(ThreadPoolExecutor.java:1095)
at java.base/java.util.concurrent.ThreadPoolExecutor$Worker.run(ThreadPoolExecutor.java:619)
at java.base/java.lang.Thread.run(Thread.java:1447)
... Removed 17 stack frames]]>
    </failure>
  </testcase> <!-- givenWebpage_whenLogin_thenVerify -->
  <testcase classname="day52.test_cases.TC003LoginDataDrivenTest" name="givenWebpage_whenLogin_thenVerify" time="0.0">
    <failure type="java.lang.AssertionError">
      <![CDATA[java.lang.AssertionError: 
at day52.test_cases.TC003LoginDataDrivenTest.givenWebpage_whenLogin_thenVerify(TC003LoginDataDrivenTest.java:62)
at java.base/java.util.ArrayList.forEach(ArrayList.java:1604)
at java.base/java.util.concurrent.FutureTask.run(FutureTask.java:328)
at java.base/java.util.concurrent.ThreadPoolExecutor.runWorker(ThreadPoolExecutor.java:1095)
at java.base/java.util.concurrent.ThreadPoolExecutor$Worker.run(ThreadPoolExecutor.java:619)
at java.base/java.lang.Thread.run(Thread.java:1447)
... Removed 17 stack frames]]>
    </failure>
  </testcase> <!-- givenWebpage_whenLogin_thenVerify -->
  <testcase classname="day52.test_cases.TC003LoginDataDrivenTest" name="givenWebpage_whenLogin_thenVerify" time="0.001">
    <failure type="java.lang.AssertionError">
      <![CDATA[java.lang.AssertionError: 
at day52.test_cases.TC003LoginDataDrivenTest.givenWebpage_whenLogin_thenVerify(TC003LoginDataDrivenTest.java:62)
at java.base/java.util.ArrayList.forEach(ArrayList.java:1604)
at java.base/java.util.concurrent.FutureTask.run(FutureTask.java:328)
at java.base/java.util.concurrent.ThreadPoolExecutor.runWorker(ThreadPoolExecutor.java:1095)
at java.base/java.util.concurrent.ThreadPoolExecutor$Worker.run(ThreadPoolExecutor.java:619)
at java.base/java.lang.Thread.run(Thread.java:1447)
... Removed 17 stack frames]]>
    </failure>
  </testcase> <!-- givenWebpage_whenLogin_thenVerify -->
  <testcase classname="day52.test_cases.TC003LoginDataDrivenTest" name="givenWebpage_whenLogin_thenVerify" time="0.0">
    <failure type="java.lang.AssertionError">
      <![CDATA[java.lang.AssertionError: 
at day52.test_cases.TC003LoginDataDrivenTest.givenWebpage_whenLogin_thenVerify(TC003LoginDataDrivenTest.java:62)
at java.base/java.util.ArrayList.forEach(ArrayList.java:1604)
at java.base/java.util.concurrent.FutureTask.run(FutureTask.java:328)
at java.base/java.util.concurrent.ThreadPoolExecutor.runWorker(ThreadPoolExecutor.java:1095)
at java.base/java.util.concurrent.ThreadPoolExecutor$Worker.run(ThreadPoolExecutor.java:619)
at java.base/java.lang.Thread.run(Thread.java:1447)
... Removed 17 stack frames]]>
    </failure>
  </testcase> <!-- givenWebpage_whenLogin_thenVerify -->
  <testcase classname="day52.test_cases.TC003LoginDataDrivenTest" name="givenWebpage_whenLogin_thenVerify" time="0.0">
    <failure type="java.lang.AssertionError">
      <![CDATA[java.lang.AssertionError: 
at day52.test_cases.TC003LoginDataDrivenTest.givenWebpage_whenLogin_thenVerify(TC003LoginDataDrivenTest.java:62)
at java.base/java.util.ArrayList.forEach(ArrayList.java:1604)
at java.base/java.util.concurrent.FutureTask.run(FutureTask.java:328)
at java.base/java.util.concurrent.ThreadPoolExecutor.runWorker(ThreadPoolExecutor.java:1095)
at java.base/java.util.concurrent.ThreadPoolExecutor$Worker.run(ThreadPoolExecutor.java:619)
at java.base/java.lang.Thread.run(Thread.java:1447)
... Removed 17 stack frames]]>
    </failure>
  </testcase> <!-- givenWebpage_whenLogin_thenVerify -->
  <testcase classname="day52.test_cases.TC003LoginDataDrivenTest" name="givenWebpage_whenLogin_thenVerify" time="0.001">
    <failure type="java.lang.AssertionError">
      <![CDATA[java.lang.AssertionError: 
at day52.test_cases.TC003LoginDataDrivenTest.givenWebpage_whenLogin_thenVerify(TC003LoginDataDrivenTest.java:62)
at java.base/java.util.ArrayList.forEach(ArrayList.java:1604)
at java.base/java.util.concurrent.FutureTask.run(FutureTask.java:328)
at java.base/java.util.concurrent.ThreadPoolExecutor.runWorker(ThreadPoolExecutor.java:1095)
at java.base/java.util.concurrent.ThreadPoolExecutor$Worker.run(ThreadPoolExecutor.java:619)
at java.base/java.lang.Thread.run(Thread.java:1447)
... Removed 17 stack frames]]>
    </failure>
  </testcase> <!-- givenWebpage_whenLogin_thenVerify -->
  <testcase classname="day52.test_cases.TC003LoginDataDrivenTest" name="givenWebpage_whenLogin_thenVerify" time="0.001">
    <failure type="java.lang.AssertionError">
      <![CDATA[java.lang.AssertionError: 
at day52.test_cases.TC003LoginDataDrivenTest.givenWebpage_whenLogin_thenVerify(TC003LoginDataDrivenTest.java:62)
at java.base/java.util.ArrayList.forEach(ArrayList.java:1604)
at java.base/java.util.concurrent.FutureTask.run(FutureTask.java:328)
at java.base/java.util.concurrent.ThreadPoolExecutor.runWorker(ThreadPoolExecutor.java:1095)
at java.base/java.util.concurrent.ThreadPoolExecutor$Worker.run(ThreadPoolExecutor.java:619)
at java.base/java.lang.Thread.run(Thread.java:1447)
... Removed 17 stack frames]]>
    </failure>
  </testcase> <!-- givenWebpage_whenLogin_thenVerify -->
  <testcase classname="day52.test_cases.TC003LoginDataDrivenTest" name="givenWebpage_whenLogin_thenVerify" time="0.001">
    <failure type="java.lang.AssertionError">
      <![CDATA[java.lang.AssertionError: 
at day52.test_cases.TC003LoginDataDrivenTest.givenWebpage_whenLogin_thenVerify(TC003LoginDataDrivenTest.java:62)
at java.base/java.util.ArrayList.forEach(ArrayList.java:1604)
at java.base/java.util.concurrent.FutureTask.run(FutureTask.java:328)
at java.base/java.util.concurrent.ThreadPoolExecutor.runWorker(ThreadPoolExecutor.java:1095)
at java.base/java.util.concurrent.ThreadPoolExecutor$Worker.run(ThreadPoolExecutor.java:619)
at java.base/java.lang.Thread.run(Thread.java:1447)
... Removed 17 stack frames]]>
    </failure>
  </testcase> <!-- givenWebpage_whenLogin_thenVerify -->
  <testcase classname="day52.test_cases.TC003LoginDataDrivenTest" name="givenWebpage_whenLogin_thenVerify" time="0.001">
    <failure type="java.lang.AssertionError">
      <![CDATA[java.lang.AssertionError: 
at day52.test_cases.TC003LoginDataDrivenTest.givenWebpage_whenLogin_thenVerify(TC003LoginDataDrivenTest.java:62)
at java.base/java.util.ArrayList.forEach(ArrayList.java:1604)
at java.base/java.util.concurrent.FutureTask.run(FutureTask.java:328)
at java.base/java.util.concurrent.ThreadPoolExecutor.runWorker(ThreadPoolExecutor.java:1095)
at java.base/java.util.concurrent.ThreadPoolExecutor$Worker.run(ThreadPoolExecutor.java:619)
at java.base/java.lang.Thread.run(Thread.java:1447)
... Removed 17 stack frames]]>
    </failure>
  </testcase> <!-- givenWebpage_whenLogin_thenVerify -->
  <testcase classname="day52.test_cases.TC003LoginDataDrivenTest" name="givenWebpage_whenLogin_thenVerify" time="0.0">
    <failure type="java.lang.AssertionError">
      <![CDATA[java.lang.AssertionError: 
at day52.test_cases.TC003LoginDataDrivenTest.givenWebpage_whenLogin_thenVerify(TC003LoginDataDrivenTest.java:62)
at java.base/java.util.ArrayList.forEach(ArrayList.java:1604)
at java.base/java.util.concurrent.FutureTask.run(FutureTask.java:328)
at java.base/java.util.concurrent.ThreadPoolExecutor.runWorker(ThreadPoolExecutor.java:1095)
at java.base/java.util.concurrent.ThreadPoolExecutor$Worker.run(ThreadPoolExecutor.java:619)
at java.base/java.lang.Thread.run(Thread.java:1447)
... Removed 17 stack frames]]>
    </failure>
  </testcase> <!-- givenWebpage_whenLogin_thenVerify -->
  <testcase classname="day52.test_cases.TC003LoginDataDrivenTest" name="givenWebpage_whenLogin_thenVerify" time="0.001">
    <failure type="java.lang.AssertionError">
      <![CDATA[java.lang.AssertionError: 
at day52.test_cases.TC003LoginDataDrivenTest.givenWebpage_whenLogin_thenVerify(TC003LoginDataDrivenTest.java:62)
at java.base/java.util.ArrayList.forEach(ArrayList.java:1604)
at java.base/java.util.concurrent.FutureTask.run(FutureTask.java:328)
at java.base/java.util.concurrent.ThreadPoolExecutor.runWorker(ThreadPoolExecutor.java:1095)
at java.base/java.util.concurrent.ThreadPoolExecutor$Worker.run(ThreadPoolExecutor.java:619)
at java.base/java.lang.Thread.run(Thread.java:1447)
... Removed 17 stack frames]]>
    </failure>
  </testcase> <!-- givenWebpage_whenLogin_thenVerify -->
  <testcase classname="day52.test_cases.TC003LoginDataDrivenTest" name="givenWebpage_whenLogin_thenVerify" time="0.0">
    <failure type="java.lang.AssertionError">
      <![CDATA[java.lang.AssertionError: 
at day52.test_cases.TC003LoginDataDrivenTest.givenWebpage_whenLogin_thenVerify(TC003LoginDataDrivenTest.java:62)
at java.base/java.util.ArrayList.forEach(ArrayList.java:1604)
at java.base/java.util.concurrent.FutureTask.run(FutureTask.java:328)
at java.base/java.util.concurrent.ThreadPoolExecutor.runWorker(ThreadPoolExecutor.java:1095)
at java.base/java.util.concurrent.ThreadPoolExecutor$Worker.run(ThreadPoolExecutor.java:619)
at java.base/java.lang.Thread.run(Thread.java:1447)
... Removed 17 stack frames]]>
    </failure>
  </testcase> <!-- givenWebpage_whenLogin_thenVerify -->
  <testcase classname="day52.test_cases.TC003LoginDataDrivenTest" name="givenWebpage_whenLogin_thenVerify" time="0.0">
    <failure type="java.lang.AssertionError">
      <![CDATA[java.lang.AssertionError: 
[...]
... Removed 17 stack frames]]>
    </failure>
  </testcase> <!-- givenWebpage_whenLogin_thenVerify -->
  <testcase classname="day52.test_cases.TC003LoginDataDrivenTest" name="givenWebpage_whenLogin_thenVerify" time="0.0">
    <failure type="java.lang.AssertionError">
      <![CDATA[java.lang.AssertionError: 
at day52.test_cases.TC003LoginDataDrivenTest.givenWebpage_whenLogin_thenVerify(TC003LoginDataDrivenTest.java:62)
at java.base/java.util.ArrayList.forEach(ArrayList.java:1604)
at java.base/java.util.concurrent.FutureTask.run(FutureTask.java:328)
at java.base/java.util.concurrent.ThreadPoolExecutor.runWorker(ThreadPoolExecutor.java:1095)
at java.base/java.util.concurrent.ThreadPoolExecutor$Worker.run(ThreadPoolExecutor.java:619)
at java.base/java.lang.Thread.run(Thread.java:1447)
... Removed 17 stack frames]]>
    </failure>
  </testcase> <!-- givenWebpage_whenLogin_thenVerify -->
  <testcase classname="day52.test_cases.TC003LoginDataDrivenTest" name="givenWebpage_whenLogin_thenVerify" time="0.001">
    <failure type="java.lang.AssertionError">
      <![CDATA[java.lang.AssertionError: 
at day52.test_cases.TC003LoginDataDrivenTest.givenWebpage_whenLogin_thenVerify(TC003LoginDataDrivenTest.java:62)
at java.base/java.util.ArrayList.forEach(ArrayList.java:1604)
at java.base/java.util.concurrent.FutureTask.run(FutureTask.java:328)
at java.base/java.util.concurrent.ThreadPoolExecutor.runWorker(ThreadPoolExecutor.java:1095)
at java.base/java.util.concurrent.ThreadPoolExecutor$Worker.run(ThreadPoolExecutor.java:619)
at java.base/java.lang.Thread.run(Thread.java:1447)
... Removed 17 stack frames]]>
    </failure>
  </testcase> <!-- givenWebpage_whenLogin_thenVerify -->
  <testcase classname="day52.test_cases.TC003LoginDataDrivenTest" name="givenWebpage_whenLogin_thenVerify" time="0.0">
    <failure type="java.lang.AssertionError">
      <![CDATA[java.lang.AssertionError: 
at day52.test_cases.TC003LoginDataDrivenTest.givenWebpage_whenLogin_thenVerify(TC003LoginDataDrivenTest.java:62)
at java.base/java.util.ArrayList.forEach(ArrayList.java:1604)
at java.base/java.util.concurrent.FutureTask.run(FutureTask.java:328)
at java.base/java.util.concurrent.ThreadPoolExecutor.runWorker(ThreadPoolExecutor.java:1095)
at java.base/java.util.concurrent.ThreadPoolExecutor$Worker.run(ThreadPoolExecutor.java:619)
at java.base/java.lang.Thread.run(Thread.java:1447)
... Removed 17 stack frames]]>
    </failure>
  </testcase> <!-- givenWebpage_whenLogin_thenVerify -->
  <testcase classname="day52.test_cases.TC003LoginDataDrivenTest" name="givenWebpage_whenLogin_thenVerify" time="0.001">
    <failure type="java.lang.AssertionError">
      <![CDATA[java.lang.AssertionError: 
at day52.test_cases.TC003LoginDataDrivenTest.givenWebpage_whenLogin_thenVerify(TC003LoginDataDrivenTest.java:62)
at java.base/java.util.ArrayList.forEach(ArrayList.java:1604)
at java.base/java.util.concurrent.FutureTask.run(FutureTask.java:328)
at java.base/java.util.concurrent.ThreadPoolExecutor.runWorker(ThreadPoolExecutor.java:1095)
at java.base/java.util.concurrent.ThreadPoolExecutor$Worker.run(ThreadPoolExecutor.java:619)
at java.base/java.lang.Thread.run(Thread.java:1447)
... Removed 17 stack frames]]>
    </failure>
  </testcase> <!-- givenWebpage_whenLogin_thenVerify -->
  <testcase classname="day52.test_cases.TC003LoginDataDrivenTest" name="givenWebpage_whenLogin_thenVerify" time="0.0">
    <failure type="java.lang.AssertionError">
      <![CDATA[java.lang.AssertionError: 
at day52.test_cases.TC003LoginDataDrivenTest.givenWebpage_whenLogin_thenVerify(TC003LoginDataDrivenTest.java:62)
at java.base/java.util.ArrayList.forEach(ArrayList.java:1604)
at java.base/java.util.concurrent.FutureTask.run(FutureTask.java:328)
at java.base/java.util.concurrent.ThreadPoolExecutor.runWorker(ThreadPoolExecutor.java:1095)
at java.base/java.util.concurrent.ThreadPoolExecutor$Worker.run(ThreadPoolExecutor.java:619)
at java.base/java.lang.Thread.run(Thread.java:1447)
... Removed 17 stack frames]]>
    </failure>
  </testcase> <!-- givenWebpage_whenLogin_thenVerify -->
  <testcase classname="day52.test_cases.TC003LoginDataDrivenTest" name="givenWebpage_whenLogin_thenVerify" time="0.001">
    <failure type="java.lang.AssertionError">
      <![CDATA[java.lang.AssertionError: 
at day52.test_cases.TC003LoginDataDrivenTest.givenWebpage_whenLogin_thenVerify(TC003LoginDataDrivenTest.java:62)
at java.base/java.util.ArrayList.forEach(ArrayList.java:1604)
at java.base/java.util.concurrent.FutureTask.run(FutureTask.java:328)
at java.base/java.util.concurrent.ThreadPoolExecutor.runWorker(ThreadPoolExecutor.java:1095)
at java.base/java.util.concurrent.ThreadPoolExecutor$Worker.run(ThreadPoolExecutor.java:619)
at java.base/java.lang.Thread.run(Thread.java:1447)
... Removed 17 stack frames]]>
    </failure>
  </testcase> <!-- givenWebpage_whenLogin_thenVerify -->
  <testcase classname="day52.test_cases.TC003LoginDataDrivenTest" name="givenWebpage_whenLogin_thenVerify" time="0.0">
    <failure type="java.lang.AssertionError">
      <![CDATA[java.lang.AssertionError: 
at day52.test_cases.TC003LoginDataDrivenTest.givenWebpage_whenLogin_thenVerify(TC003LoginDataDrivenTest.java:62)
at java.base/java.util.ArrayList.forEach(ArrayList.java:1604)
at java.base/java.util.concurrent.FutureTask.run(FutureTask.java:328)
at java.base/java.util.concurrent.ThreadPoolExecutor.runWorker(ThreadPoolExecutor.java:1095)
at java.base/java.util.concurrent.ThreadPoolExecutor$Worker.run(ThreadPoolExecutor.java:619)
at java.base/java.lang.Thread.run(Thread.java:1447)
... Removed 17 stack frames]]>
    </failure>
  </testcase> <!-- givenWebpage_whenLogin_thenVerify -->
  <testcase classname="day52.test_cases.TC003LoginDataDrivenTest" name="givenWebpage_whenLogin_thenVerify" time="0.001">
    <failure type="java.lang.AssertionError">
      <![CDATA[java.lang.AssertionError: 
at day52.test_cases.TC003LoginDataDrivenTest.givenWebpage_whenLogin_thenVerify(TC003LoginDataDrivenTest.java:62)
at java.base/java.util.ArrayList.forEach(ArrayList.java:1604)
at java.base/java.util.concurrent.FutureTask.run(FutureTask.java:328)
at java.base/java.util.concurrent.ThreadPoolExecutor.runWorker(ThreadPoolExecutor.java:1095)
at java.base/java.util.concurrent.ThreadPoolExecutor$Worker.run(ThreadPoolExecutor.java:619)
at java.base/java.lang.Thread.run(Thread.java:1447)
... Removed 17 stack frames]]>
    </failure>
  </testcase> <!-- givenWebpage_whenLogin_thenVerify -->
  <testcase classname="day52.test_cases.TC003LoginDataDrivenTest" name="givenWebpage_whenLogin_thenVerify" time="0.0">
    <failure type="java.lang.AssertionError">
      <![CDATA[java.lang.AssertionError: 
at day52.test_cases.TC003LoginDataDrivenTest.givenWebpage_whenLogin_thenVerify(TC003LoginDataDrivenTest.java:62)
at java.base/java.util.ArrayList.forEach(ArrayList.java:1604)
at java.base/java.util.concurrent.FutureTask.run(FutureTask.java:328)
at java.base/java.util.concurrent.ThreadPoolExecutor.runWorker(ThreadPoolExecutor.java:1095)
at java.base/java.util.concurrent.ThreadPoolExecutor$Worker.run(ThreadPoolExecutor.java:619)
at java.base/java.lang.Thread.run(Thread.java:1447)
... Removed 17 stack frames]]>
    </failure>
  </testcase> <!-- givenWebpage_whenLogin_thenVerify -->
  <testcase classname="day52.test_cases.TC003LoginDataDrivenTest" name="givenWebpage_whenLogin_thenVerify" time="0.0">
    <failure type="java.lang.AssertionError">
      <![CDATA[java.lang.AssertionError: 
at day52.test_cases.TC003LoginDataDrivenTest.givenWebpage_whenLogin_thenVerify(TC003LoginDataDrivenTest.java:62)
at java.base/java.util.ArrayList.forEach(ArrayList.java:1604)
at java.base/java.util.concurrent.FutureTask.run(FutureTask.java:328)
at java.base/java.util.concurrent.ThreadPoolExecutor.runWorker(ThreadPoolExecutor.java:1095)
at java.base/java.util.concurrent.ThreadPoolExecutor$Worker.run(ThreadPoolExecutor.java:619)
at java.base/java.lang.Thread.run(Thread.java:1447)
... Removed 17 stack frames]]>
    </failure>
  </testcase> <!-- givenWebpage_whenLogin_thenVerify -->
  <testcase classname="day52.test_cases.TC003LoginDataDrivenTest" name="givenWebpage_whenLogin_thenVerify" time="0.0">
    <failure type="java.lang.AssertionError">
      <![CDATA[java.lang.AssertionError: 
at day52.test_cases.TC003LoginDataDrivenTest.givenWebpage_whenLogin_thenVerify(TC003LoginDataDrivenTest.java:62)
at java.base/java.util.ArrayList.forEach(ArrayList.java:1604)
at java.base/java.util.concurrent.FutureTask.run(FutureTask.java:328)
at java.base/java.util.concurrent.ThreadPoolExecutor.runWorker(ThreadPoolExecutor.java:1095)
at java.base/java.util.concurrent.ThreadPoolExecutor$Worker.run(ThreadPoolExecutor.java:619)
at java.base/java.lang.Thread.run(Thread.java:1447)
... Removed 17 stack frames]]>
    </failure>
  </testcase> <!-- givenWebpage_whenLogin_thenVerify -->
  <testcase classname="day52.test_cases.TC003LoginDataDrivenTest" name="givenWebpage_whenLogin_thenVerify" time="0.0">
    <failure type="java.lang.AssertionError">
      <![CDATA[java.lang.AssertionError: 
at day52.test_cases.TC003LoginDataDrivenTest.givenWebpage_whenLogin_thenVerify(TC003LoginDataDrivenTest.java:62)
at java.base/java.util.ArrayList.forEach(ArrayList.java:1604)
at java.base/java.util.concurrent.FutureTask.run(FutureTask.java:328)
at java.base/java.util.concurrent.ThreadPoolExecutor.runWorker(ThreadPoolExecutor.java:1095)
at java.base/java.util.concurrent.ThreadPoolExecutor$Worker.run(ThreadPoolExecutor.java:619)
at java.base/java.lang.Thread.run(Thread.java:1447)
... Removed 17 stack frames]]>
    </failure>
  </testcase> <!-- givenWebpage_whenLogin_thenVerify -->
  <testcase classname="day52.test_cases.TC003LoginDataDrivenTest" name="givenWebpage_whenLogin_thenVerify" time="0.0">
    <failure type="java.lang.AssertionError">
      <![CDATA[java.lang.AssertionError: 
at day52.test_cases.TC003LoginDataDrivenTest.givenWebpage_whenLogin_thenVerify(TC003LoginDataDrivenTest.java:62)
at java.base/java.util.ArrayList.forEach(ArrayList.java:1604)
at java.base/java.util.concurrent.FutureTask.run(FutureTask.java:328)
at java.base/java.util.concurrent.ThreadPoolExecutor.runWorker(ThreadPoolExecutor.java:1095)
at java.base/java.util.concurrent.ThreadPoolExecutor$Worker.run(ThreadPoolExecutor.java:619)
at java.base/java.lang.Thread.run(Thread.java:1447)
... Removed 17 stack frames]]>
    </failure>
  </testcase> <!-- givenWebpage_whenLogin_thenVerify -->
  <testcase classname="day52.test_cases.TC003LoginDataDrivenTest" name="givenWebpage_whenLogin_thenVerify" time="0.001">
    <failure type="java.lang.AssertionError">
      <![CDATA[java.lang.AssertionError: 
at day52.test_cases.TC003LoginDataDrivenTest.givenWebpage_whenLogin_thenVerify(TC003LoginDataDrivenTest.java:62)
at java.base/java.util.ArrayList.forEach(ArrayList.java:1604)
at java.base/java.util.concurrent.FutureTask.run(FutureTask.java:328)
at java.base/java.util.concurrent.ThreadPoolExecutor.runWorker(ThreadPoolExecutor.java:1095)
at java.base/java.util.concurrent.ThreadPoolExecutor$Worker.run(ThreadPoolExecutor.java:619)
at java.base/java.lang.Thread.run(Thread.java:1447)
... Removed 17 stack frames]]>
    </failure>
  </testcase> <!-- givenWebpage_whenLogin_thenVerify -->
  <testcase classname="day52.test_cases.TC003LoginDataDrivenTest" name="givenWebpage_whenLogin_thenVerify" time="0.0">
    <failure type="java.lang.AssertionError">
      <![CDATA[java.lang.AssertionError: 
at day52.test_cases.TC003LoginDataDrivenTest.givenWebpage_whenLogin_thenVerify(TC003LoginDataDrivenTest.java:62)
at java.base/java.util.ArrayList.forEach(ArrayList.java:1604)
at java.base/java.util.concurrent.FutureTask.run(FutureTask.java:328)
at java.base/java.util.concurrent.ThreadPoolExecutor.runWorker(ThreadPoolExecutor.java:1095)
at java.base/java.util.concurrent.ThreadPoolExecutor$Worker.run(ThreadPoolExecutor.java:619)
at java.base/java.lang.Thread.run(Thread.java:1447)
... Removed 17 stack frames]]>
    </failure>
  </testcase> <!-- givenWebpage_whenLogin_thenVerify -->
  <testcase classname="day52.test_cases.TC003LoginDataDrivenTest" name="givenWebpage_whenLogin_thenVerify" time="0.0">
    <failure type="java.lang.AssertionError">
      <![CDATA[java.lang.AssertionError: 
at day52.test_cases.TC003LoginDataDrivenTest.givenWebpage_whenLogin_thenVerify(TC003LoginDataDrivenTest.java:62)
at java.base/java.util.ArrayList.forEach(ArrayList.java:1604)
at java.base/java.util.concurrent.FutureTask.run(FutureTask.java:328)
at java.base/java.util.concurrent.ThreadPoolExecutor.runWorker(ThreadPoolExecutor.java:1095)
at java.base/java.util.concurrent.ThreadPoolExecutor$Worker.run(ThreadPoolExecutor.java:619)
at java.base/java.lang.Thread.run(Thread.java:1447)
... Removed 17 stack frames]]>
    </failure>
  </testcase> <!-- givenWebpage_whenLogin_thenVerify -->
  <testcase classname="day52.test_cases.TC003LoginDataDrivenTest" name="givenWebpage_whenLogin_thenVerify" time="0.001">
    <failure type="java.lang.AssertionError">
      <![CDATA[java.lang.AssertionError: 
at day52.test_cases.TC003LoginDataDrivenTest.givenWebpage_whenLogin_thenVerify(TC003LoginDataDrivenTest.java:62)
at java.base/java.util.ArrayList.forEach(ArrayList.java:1604)
at java.base/java.util.concurrent.FutureTask.run(FutureTask.java:328)
at java.base/java.util.concurrent.ThreadPoolExecutor.runWorker(ThreadPoolExecutor.java:1095)
at java.base/java.util.concurrent.ThreadPoolExecutor$Worker.run(ThreadPoolExecutor.java:619)
at java.base/java.lang.Thread.run(Thread.java:1447)
... Removed 17 stack frames]]>
    </failure>
  </testcase> <!-- givenWebpage_whenLogin_thenVerify -->
  <testcase classname="day52.test_cases.TC003LoginDataDrivenTest" name="givenWebpage_whenLogin_thenVerify" time="0.0">
    <failure type="java.lang.AssertionError">
      <![CDATA[java.lang.AssertionError: 
at day52.test_cases.TC003LoginDataDrivenTest.givenWebpage_whenLogin_thenVerify(TC003LoginDataDrivenTest.java:62)
at java.base/java.util.ArrayList.forEach(ArrayList.java:1604)
at java.base/java.util.concurrent.FutureTask.run(FutureTask.java:328)
at java.base/java.util.concurrent.ThreadPoolExecutor.runWorker(ThreadPoolExecutor.java:1095)
at java.base/java.util.concurrent.ThreadPoolExecutor$Worker.run(ThreadPoolExecutor.java:619)
at java.base/java.lang.Thread.run(Thread.java:1447)
... Removed 17 stack frames]]>
    </failure>
  </testcase> <!-- givenWebpage_whenLogin_thenVerify -->
  <testcase classname="day52.test_cases.TC003LoginDataDrivenTest" name="givenWebpage_whenLogin_thenVerify" time="0.0">
    <failure type="java.lang.AssertionError">
      <![CDATA[java.lang.AssertionError: 
at day52.test_cases.TC003LoginDataDrivenTest.givenWebpage_whenLogin_thenVerify(TC003LoginDataDrivenTest.java:62)
at java.base/java.util.ArrayList.forEach(ArrayList.java:1604)
at java.base/java.util.concurrent.FutureTask.run(FutureTask.java:328)
at java.base/java.util.concurrent.ThreadPoolExecutor.runWorker(ThreadPoolExecutor.java:1095)
at java.base/java.util.concurrent.ThreadPoolExecutor$Worker.run(ThreadPoolExecutor.java:619)
at java.base/java.lang.Thread.run(Thread.java:1447)
... Removed 17 stack frames]]>
    </failure>
  </testcase> <!-- givenWebpage_whenLogin_thenVerify -->
  <testcase classname="day52.test_cases.TC003LoginDataDrivenTest" name="givenWebpage_whenLogin_thenVerify" time="0.001">
    <failure type="java.lang.AssertionError">
      <![CDATA[java.lang.AssertionError: 
at day52.test_cases.TC003LoginDataDrivenTest.givenWebpage_whenLogin_thenVerify(TC003LoginDataDrivenTest.java:62)
at java.base/java.util.ArrayList.forEach(ArrayList.java:1604)
at java.base/java.util.concurrent.FutureTask.run(FutureTask.java:328)
at java.base/java.util.concurrent.ThreadPoolExecutor.runWorker(ThreadPoolExecutor.java:1095)
at java.base/java.util.concurrent.ThreadPoolExecutor$Worker.run(ThreadPoolExecutor.java:619)
at java.base/java.lang.Thread.run(Thread.java:1447)
... Removed 17 stack frames]]>
    </failure>
  </testcase> <!-- givenWebpage_whenLogin_thenVerify -->
  <testcase classname="day52.test_cases.TC003LoginDataDrivenTest" name="givenWebpage_whenLogin_thenVerify" time="0.0">
    <failure type="java.lang.AssertionError">
      <![CDATA[java.lang.AssertionError: 
at day52.test_cases.TC003LoginDataDrivenTest.givenWebpage_whenLogin_thenVerify(TC003LoginDataDrivenTest.java:62)
at java.base/java.util.ArrayList.forEach(ArrayList.java:1604)
at java.base/java.util.concurrent.FutureTask.run(FutureTask.java:328)
at java.base/java.util.concurrent.ThreadPoolExecutor.runWorker(ThreadPoolExecutor.java:1095)
at java.base/java.util.concurrent.ThreadPoolExecutor$Worker.run(ThreadPoolExecutor.java:619)
at java.base/java.lang.Thread.run(Thread.java:1447)
... Removed 17 stack frames]]>
    </failure>
  </testcase> <!-- givenWebpage_whenLogin_thenVerify -->
  <testcase classname="day52.test_cases.TC003LoginDataDrivenTest" name="givenWebpage_whenLogin_thenVerify" time="0.0">
    <failure type="java.lang.AssertionError">
      <![CDATA[java.lang.AssertionError: 
at day52.test_cases.TC003LoginDataDrivenTest.givenWebpage_whenLogin_thenVerify(TC003LoginDataDrivenTest.java:62)
at java.base/java.util.ArrayList.forEach(ArrayList.java:1604)
at java.base/java.util.concurrent.FutureTask.run(FutureTask.java:328)
at java.base/java.util.concurrent.ThreadPoolExecutor.runWorker(ThreadPoolExecutor.java:1095)
at java.base/java.util.concurrent.ThreadPoolExecutor$Worker.run(ThreadPoolExecutor.java:619)
at java.base/java.lang.Thread.run(Thread.java:1447)
... Removed 17 stack frames]]>
    </failure>
  </testcase> <!-- givenWebpage_whenLogin_thenVerify -->
  <testcase classname="day52.test_cases.TC003LoginDataDrivenTest" name="givenWebpage_whenLogin_thenVerify" time="0.001">
    <failure type="java.lang.AssertionError">
      <![CDATA[java.lang.AssertionError: 
at day52.test_cases.TC003LoginDataDrivenTest.givenWebpage_whenLogin_thenVerify(TC003LoginDataDrivenTest.java:62)
at java.base/java.util.ArrayList.forEach(ArrayList.java:1604)
at java.base/java.util.concurrent.FutureTask.run(FutureTask.java:328)
at java.base/java.util.concurrent.ThreadPoolExecutor.runWorker(ThreadPoolExecutor.java:1095)
at java.base/java.util.concurrent.ThreadPoolExecutor$Worker.run(ThreadPoolExecutor.java:619)
at java.base/java.lang.Thread.run(Thread.java:1447)
... Removed 17 stack frames]]>
    </failure>
  </testcase> <!-- givenWebpage_whenLogin_thenVerify -->
  <testcase classname="day52.test_cases.TC003LoginDataDrivenTest" name="givenWebpage_whenLogin_thenVerify" time="0.001">
    <failure type="java.lang.AssertionError">
      <![CDATA[java.lang.AssertionError: 
at day52.test_cases.TC003LoginDataDrivenTest.givenWebpage_whenLogin_thenVerify(TC003LoginDataDrivenTest.java:62)
at java.base/java.util.ArrayList.forEach(ArrayList.java:1604)
at java.base/java.util.concurrent.FutureTask.run(FutureTask.java:328)
at java.base/java.util.concurrent.ThreadPoolExecutor.runWorker(ThreadPoolExecutor.java:1095)
at java.base/java.util.concurrent.ThreadPoolExecutor$Worker.run(ThreadPoolExecutor.java:619)
at java.base/java.lang.Thread.run(Thread.java:1447)
... Removed 17 stack frames]]>
    </failure>
  </testcase> <!-- givenWebpage_whenLogin_thenVerify -->
  <testcase classname="day52.test_cases.TC003LoginDataDrivenTest" name="givenWebpage_whenLogin_thenVerify" time="0.001">
    <failure type="java.lang.AssertionError">
      <![CDATA[java.lang.AssertionError: 
at day52.test_cases.TC003LoginDataDrivenTest.givenWebpage_whenLogin_thenVerify(TC003LoginDataDrivenTest.java:62)
at java.base/java.util.ArrayList.forEach(ArrayList.java:1604)
at java.base/java.util.concurrent.FutureTask.run(FutureTask.java:328)
at java.base/java.util.concurrent.ThreadPoolExecutor.runWorker(ThreadPoolExecutor.java:1095)
at java.base/java.util.concurrent.ThreadPoolExecutor$Worker.run(ThreadPoolExecutor.java:619)
at java.base/java.lang.Thread.run(Thread.java:1447)
... Removed 17 stack frames]]>
    </failure>
  </testcase> <!-- givenWebpage_whenLogin_thenVerify -->
</testsuite> <!-- firefox-test -->
