<?xml version="1.0" encoding="UTF-8"?>
<!-- Generated by org.testng.reporters.JUnitXMLReporter -->
<testsuite ignored="0" hostname="Godfreys-MacBook-Pro.local" failures="0" tests="1001" name="safari-test" time="71.157" errors="0" timestamp="2026-04-14T08:13:10 GMT+07:00">
  <testcase classname="day52.test_cases.TC001AccountRegistrationTest" name="givenWebpage_whenRegisterNewAccount_theSuccess" time="0.0">
    <skipped/>
  </testcase> <!-- givenWebpage_whenRegisterNewAccount_theSuccess -->
  <testcase classname="day52.test_cases.TC002AccountLoginTest" name="givenWebpage_whenLogin_theSuccess" time="0.0">
    <skipped/>
  </testcase> <!-- givenWebpage_whenLogin_theSuccess -->
  <testcase classname="day52.test_cases.TC003LoginDataDrivenTest" name="givenWebpage_whenLogin_thenVerify" time="0.0">
    <skipped/>
  </testcase> <!-- givenWebpage_whenLogin_thenVerify -->
  <testcase classname="day52.test_cases.TC003LoginDataDrivenTest" name="givenWebpage_whenLogin_thenVerify" time="0.0">
    <skipped/>
  </testcase> <!-- givenWebpage_whenLogin_thenVerify -->
  <testcase classname="day52.test_cases.TC003LoginDataDrivenTest" name="givenWebpage_whenLogin_thenVerify" time="0.0">
    <skipped/>
  </testcase> <!-- givenWebpage_whenLogin_thenVerify -->
  <testcase classname="day52.test_cases.TC003LoginDataDrivenTest" name="givenWebpage_whenLogin_thenVerify" time="0.0">
    <skipped/>
  </testcase> <!-- givenWebpage_whenLogin_thenVerify -->
  <testcase classname="day52.test_cases.TC003LoginDataDrivenTest" name="givenWebpage_whenLogin_thenVerify" time="0.0">
    <skipped/>
  </testcase> <!-- givenWebpage_whenLogin_thenVerify -->
  <testcase classname="day52.test_cases.TC003LoginDataDrivenTest" name="givenWebpage_whenLogin_thenVerify" time="0.0">
    <skipped/>
  </testcase> <!-- givenWebpage_whenLogin_thenVerify -->
  <testcase classname="day52.test_cases.TC003LoginDataDrivenTest" name="givenWebpage_whenLogin_thenVerify" time="0.0">
    <skipped/>
  </testcase> <!-- givenWebpage_whenLogin_thenVerify -->
  <testcase classname="day52.test_cases.TC003LoginDataDrivenTest" name="givenWebpage_whenLogin_thenVerify" time="0.0">
    <skipped/>
  </testcase> <!-- givenWebpage_whenLogin_thenVerify -->
  <testcase classname="day52.test_cases.TC003LoginDataDrivenTest" name="givenWebpage_whenLogin_thenVerify" time="0.0">
    <skipped/>
  </testcase> <!-- givenWebpage_whenLogin_thenVerify -->
  <testcase classname="day52.test_cases.TC003LoginDataDrivenTest" name="givenWebpage_whenLogin_thenVerify" time="0.0">
    <skipped/>
  </testcase> <!-- givenWebpage_whenLogin_thenVerify -->
  <testcase classname="day52.test_cases.TC003LoginDataDrivenTest" name="givenWebpage_whenLogin_thenVerify" time="0.0">
    <skipped/>
  </testcase> <!-- givenWebpage_whenLogin_thenVerify -->
  <testcase classname="day52.test_cases.TC003LoginDataDrivenTest" name="givenWebpage_whenLogin_thenVerify" time="0.0">
    <skipped/>
  </testcase> <!-- givenWebpage_whenLogin_thenVerify -->
  <testcase classname="day52.test_cases.TC003LoginDataDrivenTest" name="givenWebpage_whenLogin_thenVerify" time="0.0">
    <skipped/>
  </testcase> <!-- givenWebpage_whenLogin_thenVerify -->
  <testcase classname="day52.test_cases.TC003LoginDataDrivenTest" name="givenWebpage_whenLogin_thenVerify" time="0.0">
    <skipped/>
  </testcase> <!-- givenWebpage_whenLogin_thenVerify -->
  <testcase classname="day52.test_cases.TC003LoginDataDrivenTest" name="givenWebpage_whenLogin_thenVerify" time="0.0">
    <skipped/>
  </testcase> <!-- givenWebpage_whenLogin_thenVerify -->
  <testcase classname="day52.test_cases.TC003LoginDataDrivenTest" name="givenWebpage_whenLogin_thenVerify" time="0.0">
    <skipped/>
  </testcase> <!-- givenWebpage_whenLogin_thenVerify -->
  <testcase classname="day52.test_cases.TC003LoginDataDrivenTest" name="givenWebpage_whenLogin_thenVerify" time="0.0">
    <skipped/>
  </testcase> <!-- givenWebpage_whenLogin_thenVerify -->
  <testcase classname="day52.test_cases.TC003LoginDataDrivenTest" name="givenWebpage_whenLogin_thenVerify" time="0.0">
    <skipped/>
  </testcase> <!-- givenWebpage_whenLogin_thenVerify -->
  <testcase classname="day52.test_cases.TC003LoginDataDrivenTest" name="givenWebpage_whenLogin_thenVerify" time="0.0">
    <skipped/>
  </testcase> <!-- givenWebpage_whenLogin_thenVerify -->
  <testcase classname="day52.test_cases.TC003LoginDataDrivenTest" name="givenWebpage_whenLogin_thenVerify" time="0.0">
    <skipped/>
  </testcase> <!-- givenWebpage_whenLogin_thenVerify -->
  <testcase classname="day52.test_cases.TC003LoginDataDrivenTest" name="givenWebpage_whenLogin_thenVerify" time="0.0">
    <skipped/>
  </testcase> <!-- givenWebpage_whenLogin_thenVerify -->
  <testcase classname="day52.test_cases.TC003LoginDataDrivenTest" name="givenWebpage_whenLogin_thenVerify" time="0.0">
    <skipped/>
  </testcase> <!-- givenWebpage_whenLogin_thenVerify -->
  <testcase classname="day52.test_cases.TC003LoginDataDrivenTest" name="givenWebpage_whenLogin_thenVerify" time="0.001">
    <skipped/>
  </testcase> <!-- givenWebpage_whenLogin_thenVerify -->
  <testcase classname="day52.test_cases.TC003LoginDataDrivenTest" name="givenWebpage_whenLogin_thenVerify" time="0.0">
    <skipped/>
  </testcase> <!-- givenWebpage_whenLogin_thenVerify -->
  <testcase classname="day52.test_cases.TC003LoginDataDrivenTest" name="givenWebpage_whenLogin_thenVerify" time="0.0">
    <skipped/>
  </testcase> <!-- givenWebpage_whenLogin_thenVerify -->
  <testcase classname="day52.test_cases.TC003LoginDataDrivenTest" name="givenWebpage_whenLogin_thenVerify" time="0.0">
    <skipped/>
  </testcase> <!-- givenWebpage_whenLogin_thenVerify -->
  <testcase classname="day52.test_cases.TC003LoginDataDrivenTest" name="givenWebpage_whenLogin_thenVerify" time="0.0">
    <skipped/>
  </testcase> <!-- givenWebpage_whenLogin_thenVerify -->
  <testcase classname="day52.test_cases.TC003LoginDataDrivenTest" name="givenWebpage_whenLogin_thenVerify" time="0.0">
    <skipped/>
  </testcase> <!-- givenWebpage_whenLogin_thenVerify -->
  <testcase classname="day52.test_cases.TC003LoginDataDrivenTest" name="givenWebpage_whenLogin_thenVerify" time="0.0">
    <skipped/>
  </testcase> <!-- givenWebpage_whenLogin_thenVerify -->
  <testcase classname="day52.test_cases.TC003LoginDataDrivenTest" name="givenWebpage_whenLogin_thenVerify" time="0.0">
    <skipped/>
  </testcase> <!-- givenWebpage_whenLogin_thenVerify -->
  <testcase classname="day52.test_cases.TC003LoginDataDrivenTest" name="givenWebpage_whenLogin_thenVerify" time="0.0">
    <skipped/>
  </testcase> <!-- givenWebpage_whenLogin_thenVerify -->
  <testcase classname="day52.test_cases.TC003LoginDataDrivenTest" name="givenWebpage_whenLogin_thenVerify" time="0.0">
    <skipped/>
  </testcase> <!-- givenWebpage_whenLogin_thenVerify -->
  <testcase classname="day52.test_cases.TC003LoginDataDrivenTest" name="givenWebpage_whenLogin_thenVerify" time="0.0">
    <skipped/>
  </testcase> <!-- givenWebpage_whenLogin_thenVerify -->
  <testcase classname="day52.test_cases.TC003LoginDataDrivenTest" name="givenWebpage_whenLogin_thenVerify" time="0.0">
    <skipped/>
  </testcase> <!-- givenWebpage_whenLogin_thenVerify -->
  <testcase classname="day52.test_cases.TC003LoginDataDrivenTest" name="givenWebpage_whenLogin_thenVerify" time="0.0">
    <skipped/>
  </testcase> <!-- givenWebpage_whenLogin_thenVerify -->
  <testcase classname="day52.test_cases.TC003LoginDataDrivenTest" name="givenWebpage_whenLogin_thenVerify" time="0.0">
    <skipped/>
  </testcase> <!-- givenWebpage_whenLogin_thenVerify -->
  <testcase classname="day52.test_cases.TC003LoginDataDrivenTest" name="givenWebpage_whenLogin_thenVerify" time="0.0">
    <skipped/>
  </testcase> <!-- givenWebpage_whenLogin_thenVerify -->
  <testcase classname="day52.test_cases.TC003LoginDataDrivenTest" name="givenWebpage_whenLogin_thenVerify" time="0.0">
    <skipped/>
  </testcase> <!-- givenWebpage_whenLogin_thenVerify -->
  <testcase classname="day52.test_cases.TC003LoginDataDrivenTest" name="givenWebpage_whenLogin_thenVerify" time="0.0">
    <skipped/>
  </testcase> <!-- givenWebpage_whenLogin_thenVerify -->
  <testcase classname="day52.test_cases.TC003LoginDataDrivenTest" name="givenWebpage_whenLogin_thenVerify" time="0.0">
    <skipped/>
  </testcase> <!-- givenWebpage_whenLogin_thenVerify -->
  <testcase classname="day52.test_cases.TC003LoginDataDrivenTest" name="givenWebpage_whenLogin_thenVerify" time="0.0">
    <skipped/>
  </testcase> <!-- givenWebpage_whenLogin_thenVerify -->
  <testcase classname="day52.test_cases.TC003LoginDataDrivenTest" name="givenWebpage_whenLogin_thenVerify" time="0.0">
    <skipped/>
  </testcase> <!-- givenWebpage_whenLogin_thenVerify -->
  <testcase classname="day52.test_cases.TC003LoginDataDrivenTest" name="givenWebpage_whenLogin_thenVerify" time="0.001">
    <skipped/>
  </testcase> <!-- givenWebpage_whenLogin_thenVerify -->
  <testcase classname="day52.test_cases.TC003LoginDataDrivenTest" name="givenWebpage_whenLogin_thenVerify" time="0.0">
    <skipped/>
  </testcase> <!-- givenWebpage_whenLogin_thenVerify -->
  <testcase classname="day52.test_cases.TC003LoginDataDrivenTest" name="givenWebpage_whenLogin_thenVerify" time="0.0">
    <skipped/>
  </testcase> <!-- givenWebpage_whenLogin_thenVerify -->
  <testcase classname="day52.test_cases.TC003LoginDataDrivenTest" name="givenWebpage_whenLogin_thenVerify" time="0.0">
    <skipped/>
  </testcase> <!-- givenWebpage_whenLogin_thenVerify -->
  <testcase classname="day52.test_cases.TC003LoginDataDrivenTest" name="givenWebpage_whenLogin_thenVerify" time="0.0">
    <skipped/>
  </testcase> <!-- givenWebpage_whenLogin_thenVerify -->
  <testcase classname="day52.test_cases.TC003LoginDataDrivenTest" name="givenWebpage_whenLogin_thenVerify" time="0.0">
    <skipped/>
  </testcase> <!-- givenWebpage_whenLogin_thenVerify -->
  <testcase classname="day52.test_cases.TC003LoginDataDrivenTest" name="givenWebpage_whenLogin_thenVerify" time="0.0">
    <skipped/>
  </testcase> <!-- givenWebpage_whenLogin_thenVerify -->
  <testcase classname="day52.test_cases.TC003LoginDataDrivenTest" name="givenWebpage_whenLogin_thenVerify" time="0.0">
    <skipped/>
  </testcase> <!-- givenWebpage_whenLogin_thenVerify -->
  <testcase classname="day52.test_cases.TC003LoginDataDrivenTest" name="givenWebpage_whenLogin_thenVerify" time="0.0">
    <skipped/>
  </testcase> <!-- givenWebpage_whenLogin_thenVerify -->
  <testcase classname="day52.test_cases.TC003LoginDataDrivenTest" name="givenWebpage_whenLogin_thenVerify" time="0.0">
    <skipped/>
  </testcase> <!-- givenWebpage_whenLogin_thenVerify -->
  <testcase classname="day52.test_cases.TC003LoginDataDrivenTest" name="givenWebpage_whenLogin_thenVerify" time="0.0">
    <skipped/>
  </testcase> <!-- givenWebpage_whenLogin_thenVerify -->
  <testcase classname="day52.test_cases.TC003LoginDataDrivenTest" name="givenWebpage_whenLogin_thenVerify" time="0.0">
    <skipped/>
  </testcase> <!-- givenWebpage_whenLogin_thenVerify -->
  <testcase classname="day52.test_cases.TC003LoginDataDrivenTest" name="givenWebpage_whenLogin_thenVerify" time="0.0">
    <skipped/>
  </testcase> <!-- givenWebpage_whenLogin_thenVerify -->
  <testcase classname="day52.test_cases.TC003LoginDataDrivenTest" name="givenWebpage_whenLogin_thenVerify" time="0.0">
    <skipped/>
  </testcase> <!-- givenWebpage_whenLogin_thenVerify -->
  <testcase classname="day52.test_cases.TC003LoginDataDrivenTest" name="givenWebpage_whenLogin_thenVerify" time="0.0">
    <skipped/>
  </testcase> <!-- givenWebpage_whenLogin_thenVerify -->
  <testcase classname="day52.test_cases.TC003LoginDataDrivenTest" name="givenWebpage_whenLogin_thenVerify" time="0.0">
    <skipped/>
  </testcase> <!-- givenWebpage_whenLogin_thenVerify -->
  <testcase classname="day52.test_cases.TC003LoginDataDrivenTest" name="givenWebpage_whenLogin_thenVerify" time="0.0">
    <skipped/>
  </testcase> <!-- givenWebpage_whenLogin_thenVerify -->
  <testcase classname="day52.test_cases.TC003LoginDataDrivenTest" name="givenWebpage_whenLogin_thenVerify" time="0.0">
    <skipped/>
  </testcase> <!-- givenWebpage_whenLogin_thenVerify -->
  <testcase classname="day52.test_cases.TC003LoginDataDrivenTest" name="givenWebpage_whenLogin_thenVerify" time="0.0">
    <skipped/>
  </testcase> <!-- givenWebpage_whenLogin_thenVerify -->
  <testcase classname="day52.test_cases.TC003LoginDataDrivenTest" name="givenWebpage_whenLogin_thenVerify" time="0.0">
    <skipped/>
  </testcase> <!-- givenWebpage_whenLogin_thenVerify -->
  <testcase classname="day52.test_cases.TC003LoginDataDrivenTest" name="givenWebpage_whenLogin_thenVerify" time="0.0">
    <skipped/>
  </testcase> <!-- givenWebpage_whenLogin_thenVerify -->
  <testcase classname="day52.test_cases.TC003LoginDataDrivenTest" name="givenWebpage_whenLogin_thenVerify" time="0.0">
    <skipped/>
  </testcase> <!-- givenWebpage_whenLogin_thenVerify -->
  <testcase classname="day52.test_cases.TC003LoginDataDrivenTest" name="givenWebpage_whenLogin_thenVerify" time="0.0">
    <skipped/>
  </testcase> <!-- givenWebpage_whenLogin_thenVerify -->
  <testcase classname="day52.test_cases.TC003LoginDataDrivenTest" name="givenWebpage_whenLogin_thenVerify" time="0.0">
    <skipped/>
  </testcase> <!-- givenWebpage_whenLogin_thenVerify -->
  <testcase classname="day52.test_cases.TC003LoginDataDrivenTest" name="givenWebpage_whenLogin_thenVerify" time="0.0">
    <skipped/>
  </testcase> <!-- givenWebpage_whenLogin_thenVerify -->
  <testcase classname="day52.test_cases.TC003LoginDataDrivenTest" name="givenWebpage_whenLogin_thenVerify" time="0.0">
    <skipped/>
  </testcase> <!-- givenWebpage_whenLogin_thenVerify -->
  <testcase classname="day52.test_cases.TC003LoginDataDrivenTest" name="givenWebpage_whenLogin_thenVerify" time="0.0">
    <skipped/>
  </testcase> <!-- givenWebpage_whenLogin_thenVerify -->
  <testcase classname="day52.test_cases.TC003LoginDataDrivenTest" name="givenWebpage_whenLogin_thenVerify" time="0.0">
    <skipped/>
  </testcase> <!-- givenWebpage_whenLogin_thenVerify -->
  <testcase classname="day52.test_cases.TC003LoginDataDrivenTest" name="givenWebpage_whenLogin_thenVerify" time="0.0">
    <skipped/>
  </testcase> <!-- givenWebpage_whenLogin_thenVerify -->
  <testcase classname="day52.test_cases.TC003LoginDataDrivenTest" name="givenWebpage_whenLogin_thenVerify" time="0.0">
    <skipped/>
  </testcase> <!-- givenWebpage_whenLogin_thenVerify -->
  <testcase classname="day52.test_cases.TC003LoginDataDrivenTest" name="givenWebpage_whenLogin_thenVerify" time="0.0">
    <skipped/>
  </testcase> <!-- givenWebpage_whenLogin_thenVerify -->
  <testcase classname="day52.test_cases.TC003LoginDataDrivenTest" name="givenWebpage_whenLogin_thenVerify" time="0.0">
    <skipped/>
  </testcase> <!-- givenWebpage_whenLogin_thenVerify -->
  <testcase classname="day52.test_cases.TC003LoginDataDrivenTest" name="givenWebpage_whenLogin_thenVerify" time="0.0">
    <skipped/>
  </testcase> <!-- givenWebpage_whenLogin_thenVerify -->
  <testcase classname="day52.test_cases.TC003LoginDataDrivenTest" name="givenWebpage_whenLogin_thenVerify" time="0.0">
    <skipped/>
  </testcase> <!-- givenWebpage_whenLogin_thenVerify -->
  <testcase classname="day52.test_cases.TC003LoginDataDrivenTest" name="givenWebpage_whenLogin_thenVerify" time="0.0">
    <skipped/>
  </testcase> <!-- givenWebpage_whenLogin_thenVerify -->
  <testcase classname="day52.test_cases.TC003LoginDataDrivenTest" name="givenWebpage_whenLogin_thenVerify" time="0.0">
    <skipped/>
  </testcase> <!-- givenWebpage_whenLogin_thenVerify -->
  <testcase classname="day52.test_cases.TC003LoginDataDrivenTest" name="givenWebpage_whenLogin_thenVerify" time="0.0">
    <skipped/>
  </testcase> <!-- givenWebpage_whenLogin_thenVerify -->
  <testcase classname="day52.test_cases.TC003LoginDataDrivenTest" name="givenWebpage_whenLogin_thenVerify" time="0.0">
    <skipped/>
  </testcase> <!-- givenWebpage_whenLogin_thenVerify -->
  <testcase classname="day52.test_cases.TC003LoginDataDrivenTest" name="givenWebpage_whenLogin_thenVerify" time="0.0">
    <skipped/>
  </testcase> <!-- givenWebpage_whenLogin_thenVerify -->
  <testcase classname="day52.test_cases.TC003LoginDataDrivenTest" name="givenWebpage_whenLogin_thenVerify" time="0.0">
    <skipped/>
  </testcase> <!-- givenWebpage_whenLogin_thenVerify -->
  <testcase classname="day52.test_cases.TC003LoginDataDrivenTest" name="givenWebpage_whenLogin_thenVerify" time="0.0">
    <skipped/>
  </testcase> <!-- givenWebpage_whenLogin_thenVerify -->
  <testcase classname="day52.test_cases.TC003LoginDataDrivenTest" name="givenWebpage_whenLogin_thenVerify" time="0.0">
    <skipped/>
  </testcase> <!-- givenWebpage_whenLogin_thenVerify -->
  <testcase classname="day52.test_cases.TC003LoginDataDrivenTest" name="givenWebpage_whenLogin_thenVerify" time="0.0">
    <skipped/>
  </testcase> <!-- givenWebpage_whenLogin_thenVerify -->
  <testcase classname="day52.test_cases.TC003LoginDataDrivenTest" name="givenWebpage_whenLogin_thenVerify" time="0.0">
    <skipped/>
  </testcase> <!-- givenWebpage_whenLogin_thenVerify -->
  <testcase classname="day52.test_cases.TC003LoginDataDrivenTest" name="givenWebpage_whenLogin_thenVerify" time="0.0">
    <skipped/>
  </testcase> <!-- givenWebpage_whenLogin_thenVerify -->
  <testcase classname="day52.test_cases.TC003LoginDataDrivenTest" name="givenWebpage_whenLogin_thenVerify" time="0.0">
    <skipped/>
  </testcase> <!-- givenWebpage_whenLogin_thenVerify -->
  <testcase classname="day52.test_cases.TC003LoginDataDrivenTest" name="givenWebpage_whenLogin_thenVerify" time="0.0">
    <skipped/>
  </testcase> <!-- givenWebpage_whenLogin_thenVerify -->
  <testcase classname="day52.test_cases.TC003LoginDataDrivenTest" name="givenWebpage_whenLogin_thenVerify" time="0.0">
    <skipped/>
  </testcase> <!-- givenWebpage_whenLogin_thenVerify -->
  <testcase classname="day52.test_cases.TC003LoginDataDrivenTest" name="givenWebpage_whenLogin_thenVerify" time="0.0">
    <skipped/>
  </testcase> <!-- givenWebpage_whenLogin_thenVerify -->
  <testcase classname="day52.test_cases.TC003LoginDataDrivenTest" name="givenWebpage_whenLogin_thenVerify" time="0.0">
    <skipped/>
  </testcase> <!-- givenWebpage_whenLogin_thenVerify -->
  <testcase classname="day52.test_cases.TC003LoginDataDrivenTest" name="givenWebpage_whenLogin_thenVerify" time="0.0">
    <skipped/>
  </testcase> <!-- givenWebpage_whenLogin_thenVerify -->
  <testcase classname="day52.test_cases.TC003LoginDataDrivenTest" name="givenWebpage_whenLogin_thenVerify" time="0.0">
    <skipped/>
  </testcase> <!-- givenWebpage_whenLogin_thenVerify -->
  <testcase classname="day52.test_cases.TC003LoginDataDrivenTest" name="givenWebpage_whenLogin_thenVerify" time="0.0">
    <skipped/>
  </testcase> <!-- givenWebpage_whenLogin_thenVerify -->
  <testcase classname="day52.test_cases.TC003LoginDataDrivenTest" name="givenWebpage_whenLogin_thenVerify" time="0.0">
    <skipped/>
  </testcase> <!-- givenWebpage_whenLogin_thenVerify -->
  <testcase classname="day52.test_cases.TC003LoginDataDrivenTest" name="givenWebpage_whenLogin_thenVerify" time="0.0">
    <skipped/>
  </testcase> <!-- givenWebpage_whenLogin_thenVerify -->
  <testcase classname="day52.test_cases.TC003LoginDataDrivenTest" name="givenWebpage_whenLogin_thenVerify" time="0.0">
    <skipped/>
  </testcase> <!-- givenWebpage_whenLogin_thenVerify -->
  <testcase classname="day52.test_cases.TC003LoginDataDrivenTest" name="givenWebpage_whenLogin_thenVerify" time="0.0">
    <skipped/>
  </testcase> <!-- givenWebpage_whenLogin_thenVerify -->
  <testcase classname="day52.test_cases.TC003LoginDataDrivenTest" name="givenWebpage_whenLogin_thenVerify" time="0.0">
    <skipped/>
  </testcase> <!-- givenWebpage_whenLogin_thenVerify -->
  <testcase classname="day52.test_cases.TC003LoginDataDrivenTest" name="givenWebpage_whenLogin_thenVerify" time="0.001">
    <skipped/>
  </testcase> <!-- givenWebpage_whenLogin_thenVerify -->
  <testcase classname="day52.test_cases.TC003LoginDataDrivenTest" name="givenWebpage_whenLogin_thenVerify" time="0.0">
    <skipped/>
  </testcase> <!-- givenWebpage_whenLogin_thenVerify -->
  <testcase classname="day52.test_cases.TC003LoginDataDrivenTest" name="givenWebpage_whenLogin_thenVerify" time="0.0">
    <skipped/>
  </testcase> <!-- givenWebpage_whenLogin_thenVerify -->
  <testcase classname="day52.test_cases.TC003LoginDataDrivenTest" name="givenWebpage_whenLogin_thenVerify" time="0.0">
    <skipped/>
  </testcase> <!-- givenWebpage_whenLogin_thenVerify -->
  <testcase classname="day52.test_cases.TC003LoginDataDrivenTest" name="givenWebpage_whenLogin_thenVerify" time="0.0">
    <skipped/>
  </testcase> <!-- givenWebpage_whenLogin_thenVerify -->
  <testcase classname="day52.test_cases.TC003LoginDataDrivenTest" name="givenWebpage_whenLogin_thenVerify" time="0.0">
    <skipped/>
  </testcase> <!-- givenWebpage_whenLogin_thenVerify -->
  <testcase classname="day52.test_cases.TC003LoginDataDrivenTest" name="givenWebpage_whenLogin_thenVerify" time="0.0">
    <skipped/>
  </testcase> <!-- givenWebpage_whenLogin_thenVerify -->
  <testcase classname="day52.test_cases.TC003LoginDataDrivenTest" name="givenWebpage_whenLogin_thenVerify" time="0.0">
    <skipped/>
  </testcase> <!-- givenWebpage_whenLogin_thenVerify -->
  <testcase classname="day52.test_cases.TC003LoginDataDrivenTest" name="givenWebpage_whenLogin_thenVerify" time="0.0">
    <skipped/>
  </testcase> <!-- givenWebpage_whenLogin_thenVerify -->
  <testcase classname="day52.test_cases.TC003LoginDataDrivenTest" name="givenWebpage_whenLogin_thenVerify" time="0.0">
    <skipped/>
  </testcase> <!-- givenWebpage_whenLogin_thenVerify -->
  <testcase classname="day52.test_cases.TC003LoginDataDrivenTest" name="givenWebpage_whenLogin_thenVerify" time="0.0">
    <skipped/>
  </testcase> <!-- givenWebpage_whenLogin_thenVerify -->
  <testcase classname="day52.test_cases.TC003LoginDataDrivenTest" name="givenWebpage_whenLogin_thenVerify" time="0.0">
    <skipped/>
  </testcase> <!-- givenWebpage_whenLogin_thenVerify -->
  <testcase classname="day52.test_cases.TC003LoginDataDrivenTest" name="givenWebpage_whenLogin_thenVerify" time="0.0">
    <skipped/>
  </testcase> <!-- givenWebpage_whenLogin_thenVerify -->
  <testcase classname="day52.test_cases.TC003LoginDataDrivenTest" name="givenWebpage_whenLogin_thenVerify" time="0.0">
    <skipped/>
  </testcase> <!-- givenWebpage_whenLogin_thenVerify -->
  <testcase classname="day52.test_cases.TC003LoginDataDrivenTest" name="givenWebpage_whenLogin_thenVerify" time="0.0">
    <skipped/>
  </testcase> <!-- givenWebpage_whenLogin_thenVerify -->
  <testcase classname="day52.test_cases.TC003LoginDataDrivenTest" name="givenWebpage_whenLogin_thenVerify" time="0.0">
    <skipped/>
  </testcase> <!-- givenWebpage_whenLogin_thenVerify -->
  <testcase classname="day52.test_cases.TC003LoginDataDrivenTest" name="givenWebpage_whenLogin_thenVerify" time="0.0">
    <skipped/>
  </testcase> <!-- givenWebpage_whenLogin_thenVerify -->
  <testcase classname="day52.test_cases.TC003LoginDataDrivenTest" name="givenWebpage_whenLogin_thenVerify" time="0.0">
    <skipped/>
  </testcase> <!-- givenWebpage_whenLogin_thenVerify -->
  <testcase classname="day52.test_cases.TC003LoginDataDrivenTest" name="givenWebpage_whenLogin_thenVerify" time="0.0">
    <skipped/>
  </testcase> <!-- givenWebpage_whenLogin_thenVerify -->
  <testcase classname="day52.test_cases.TC003LoginDataDrivenTest" name="givenWebpage_whenLogin_thenVerify" time="0.0">
    <skipped/>
  </testcase> <!-- givenWebpage_whenLogin_thenVerify -->
  <testcase classname="day52.test_cases.TC003LoginDataDrivenTest" name="givenWebpage_whenLogin_thenVerify" time="0.0">
    <skipped/>
  </testcase> <!-- givenWebpage_whenLogin_thenVerify -->
  <testcase classname="day52.test_cases.TC003LoginDataDrivenTest" name="givenWebpage_whenLogin_thenVerify" time="0.0">
    <skipped/>
  </testcase> <!-- givenWebpage_whenLogin_thenVerify -->
  <testcase classname="day52.test_cases.TC003LoginDataDrivenTest" name="givenWebpage_whenLogin_thenVerify" time="0.0">
    <skipped/>
  </testcase> <!-- givenWebpage_whenLogin_thenVerify -->
  <testcase classname="day52.test_cases.TC003LoginDataDrivenTest" name="givenWebpage_whenLogin_thenVerify" time="0.0">
    <skipped/>
  </testcase> <!-- givenWebpage_whenLogin_thenVerify -->
  <testcase classname="day52.test_cases.TC003LoginDataDrivenTest" name="givenWebpage_whenLogin_thenVerify" time="0.0">
    <skipped/>
  </testcase> <!-- givenWebpage_whenLogin_thenVerify -->
  <testcase classname="day52.test_cases.TC003LoginDataDrivenTest" name="givenWebpage_whenLogin_thenVerify" time="0.0">
    <skipped/>
  </testcase> <!-- givenWebpage_whenLogin_thenVerify -->
  <testcase classname="day52.test_cases.TC003LoginDataDrivenTest" name="givenWebpage_whenLogin_thenVerify" time="0.0">
    <skipped/>
  </testcase> <!-- givenWebpage_whenLogin_thenVerify -->
  <testcase classname="day52.test_cases.TC003LoginDataDrivenTest" name="givenWebpage_whenLogin_thenVerify" time="0.0">
    <skipped/>
  </testcase> <!-- givenWebpage_whenLogin_thenVerify -->
  <testcase classname="day52.test_cases.TC003LoginDataDrivenTest" name="givenWebpage_whenLogin_thenVerify" time="0.0">
    <skipped/>
  </testcase> <!-- givenWebpage_whenLogin_thenVerify -->
  <testcase classname="day52.test_cases.TC003LoginDataDrivenTest" name="givenWebpage_whenLogin_thenVerify" time="0.0">
    <skipped/>
  </testcase> <!-- givenWebpage_whenLogin_thenVerify -->
  <testcase classname="day52.test_cases.TC003LoginDataDrivenTest" name="givenWebpage_whenLogin_thenVerify" time="0.0">
    <skipped/>
  </testcase> <!-- givenWebpage_whenLogin_thenVerify -->
  <testcase classname="day52.test_cases.TC003LoginDataDrivenTest" name="givenWebpage_whenLogin_thenVerify" time="0.0">
    <skipped/>
  </testcase> <!-- givenWebpage_whenLogin_thenVerify -->
  <testcase classname="day52.test_cases.TC003LoginDataDrivenTest" name="givenWebpage_whenLogin_thenVerify" time="0.0">
    <skipped/>
  </testcase> <!-- givenWebpage_whenLogin_thenVerify -->
  <testcase classname="day52.test_cases.TC003LoginDataDrivenTest" name="givenWebpage_whenLogin_thenVerify" time="0.0">
    <skipped/>
  </testcase> <!-- givenWebpage_whenLogin_thenVerify -->
  <testcase classname="day52.test_cases.TC003LoginDataDrivenTest" name="givenWebpage_whenLogin_thenVerify" time="0.0">
    <skipped/>
  </testcase> <!-- givenWebpage_whenLogin_thenVerify -->
  <testcase classname="day52.test_cases.TC003LoginDataDrivenTest" name="givenWebpage_whenLogin_thenVerify" time="0.0">
    <skipped/>
  </testcase> <!-- givenWebpage_whenLogin_thenVerify -->
  <testcase classname="day52.test_cases.TC003LoginDataDrivenTest" name="givenWebpage_whenLogin_thenVerify" time="0.0">
    <skipped/>
  </testcase> <!-- givenWebpage_whenLogin_thenVerify -->
  <testcase classname="day52.test_cases.TC003LoginDataDrivenTest" name="givenWebpage_whenLogin_thenVerify" time="0.0">
    <skipped/>
  </testcase> <!-- givenWebpage_whenLogin_thenVerify -->
  <testcase classname="day52.test_cases.TC003LoginDataDrivenTest" name="givenWebpage_whenLogin_thenVerify" time="0.0">
    <skipped/>
  </testcase> <!-- givenWebpage_whenLogin_thenVerify -->
  <testcase classname="day52.test_cases.TC003LoginDataDrivenTest" name="givenWebpage_whenLogin_thenVerify" time="0.0">
    <skipped/>
  </testcase> <!-- givenWebpage_whenLogin_thenVerify -->
  <testcase classname="day52.test_cases.TC003LoginDataDrivenTest" name="givenWebpage_whenLogin_thenVerify" time="0.0">
    <skipped/>
  </testcase> <!-- givenWebpage_whenLogin_thenVerify -->
  <testcase classname="day52.test_cases.TC003LoginDataDrivenTest" name="givenWebpage_whenLogin_thenVerify" time="0.0">
    <skipped/>
  </testcase> <!-- givenWebpage_whenLogin_thenVerify -->
  <testcase classname="day52.test_cases.TC003LoginDataDrivenTest" name="givenWebpage_whenLogin_thenVerify" time="0.0">
    <skipped/>
  </testcase> <!-- givenWebpage_whenLogin_thenVerify -->
  <testcase classname="day52.test_cases.TC003LoginDataDrivenTest" name="givenWebpage_whenLogin_thenVerify" time="0.0">
    <skipped/>
  </testcase> <!-- givenWebpage_whenLogin_thenVerify -->
  <testcase classname="day52.test_cases.TC003LoginDataDrivenTest" name="givenWebpage_whenLogin_thenVerify" time="0.0">
    <skipped/>
  </testcase> <!-- givenWebpage_whenLogin_thenVerify -->
  <testcase classname="day52.test_cases.TC003LoginDataDrivenTest" name="givenWebpage_whenLogin_thenVerify" time="0.0">
    <skipped/>
  </testcase> <!-- givenWebpage_whenLogin_thenVerify -->
  <testcase classname="day52.test_cases.TC003LoginDataDrivenTest" name="givenWebpage_whenLogin_thenVerify" time="0.0">
    <skipped/>
  </testcase> <!-- givenWebpage_whenLogin_thenVerify -->
  <testcase classname="day52.test_cases.TC003LoginDataDrivenTest" name="givenWebpage_whenLogin_thenVerify" time="0.0">
    <skipped/>
  </testcase> <!-- givenWebpage_whenLogin_thenVerify -->
  <testcase classname="day52.test_cases.TC003LoginDataDrivenTest" name="givenWebpage_whenLogin_thenVerify" time="0.0">
    <skipped/>
  </testcase> <!-- givenWebpage_whenLogin_thenVerify -->
  <testcase classname="day52.test_cases.TC003LoginDataDrivenTest" name="givenWebpage_whenLogin_thenVerify" time="0.0">
    <skipped/>
  </testcase> <!-- givenWebpage_whenLogin_thenVerify -->
  <testcase classname="day52.test_cases.TC003LoginDataDrivenTest" name="givenWebpage_whenLogin_thenVerify" time="0.0">
    <skipped/>
  </testcase> <!-- givenWebpage_whenLogin_thenVerify -->
  <testcase classname="day52.test_cases.TC003LoginDataDrivenTest" name="givenWebpage_whenLogin_thenVerify" time="0.0">
    <skipped/>
  </testcase> <!-- givenWebpage_whenLogin_thenVerify -->
  <testcase classname="day52.test_cases.TC003LoginDataDrivenTest" name="givenWebpage_whenLogin_thenVerify" time="0.0">
    <skipped/>
  </testcase> <!-- givenWebpage_whenLogin_thenVerify -->
  <testcase classname="day52.test_cases.TC003LoginDataDrivenTest" name="givenWebpage_whenLogin_thenVerify" time="0.0">
    <skipped/>
  </testcase> <!-- givenWebpage_whenLogin_thenVerify -->
  <testcase classname="day52.test_cases.TC003LoginDataDrivenTest" name="givenWebpage_whenLogin_thenVerify" time="0.0">
    <skipped/>
  </testcase> <!-- givenWebpage_whenLogin_thenVerify -->
  <testcase classname="day52.test_cases.TC003LoginDataDrivenTest" name="givenWebpage_whenLogin_thenVerify" time="0.0">
    <skipped/>
  </testcase> <!-- givenWebpage_whenLogin_thenVerify -->
  <testcase classname="day52.test_cases.TC003LoginDataDrivenTest" name="givenWebpage_whenLogin_thenVerify" time="0.0">
    <skipped/>
  </testcase> <!-- givenWebpage_whenLogin_thenVerify -->
  <testcase classname="day52.test_cases.TC003LoginDataDrivenTest" name="givenWebpage_whenLogin_thenVerify" time="0.0">
    <skipped/>
  </testcase> <!-- givenWebpage_whenLogin_thenVerify -->
  <testcase classname="day52.test_cases.TC003LoginDataDrivenTest" name="givenWebpage_whenLogin_thenVerify" time="0.0">
    <skipped/>
  </testcase> <!-- givenWebpage_whenLogin_thenVerify -->
  <testcase classname="day52.test_cases.TC003LoginDataDrivenTest" name="givenWebpage_whenLogin_thenVerify" time="0.0">
    <skipped/>
  </testcase> <!-- givenWebpage_whenLogin_thenVerify -->
  <testcase classname="day52.test_cases.TC003LoginDataDrivenTest" name="givenWebpage_whenLogin_thenVerify" time="0.0">
    <skipped/>
  </testcase> <!-- givenWebpage_whenLogin_thenVerify -->
  <testcase classname="day52.test_cases.TC003LoginDataDrivenTest" name="givenWebpage_whenLogin_thenVerify" time="0.0">
    <skipped/>
  </testcase> <!-- givenWebpage_whenLogin_thenVerify -->
  <testcase classname="day52.test_cases.TC003LoginDataDrivenTest" name="givenWebpage_whenLogin_thenVerify" time="0.0">
    <skipped/>
  </testcase> <!-- givenWebpage_whenLogin_thenVerify -->
  <testcase classname="day52.test_cases.TC003LoginDataDrivenTest" name="givenWebpage_whenLogin_thenVerify" time="0.0">
    <skipped/>
  </testcase> <!-- givenWebpage_whenLogin_thenVerify -->
  <testcase classname="day52.test_cases.TC003LoginDataDrivenTest" name="givenWebpage_whenLogin_thenVerify" time="0.0">
    <skipped/>
  </testcase> <!-- givenWebpage_whenLogin_thenVerify -->
  <testcase classname="day52.test_cases.TC003LoginDataDrivenTest" name="givenWebpage_whenLogin_thenVerify" time="0.0">
    <skipped/>
  </testcase> <!-- givenWebpage_whenLogin_thenVerify -->
  <testcase classname="day52.test_cases.TC003LoginDataDrivenTest" name="givenWebpage_whenLogin_thenVerify" time="0.0">
    <skipped/>
  </testcase> <!-- givenWebpage_whenLogin_thenVerify -->
  <testcase classname="day52.test_cases.TC003LoginDataDrivenTest" name="givenWebpage_whenLogin_thenVerify" time="0.0">
    <skipped/>
  </testcase> <!-- givenWebpage_whenLogin_thenVerify -->
  <testcase classname="day52.test_cases.TC003LoginDataDrivenTest" name="givenWebpage_whenLogin_thenVerify" time="0.0">
    <skipped/>
  </testcase> <!-- givenWebpage_whenLogin_thenVerify -->
  <testcase classname="day52.test_cases.TC003LoginDataDrivenTest" name="givenWebpage_whenLogin_thenVerify" time="0.0">
    <skipped/>
  </testcase> <!-- givenWebpage_whenLogin_thenVerify -->
  <testcase classname="day52.test_cases.TC003LoginDataDrivenTest" name="givenWebpage_whenLogin_thenVerify" time="0.0">
    <skipped/>
  </testcase> <!-- givenWebpage_whenLogin_thenVerify -->
  <testcase classname="day52.test_cases.TC003LoginDataDrivenTest" name="givenWebpage_whenLogin_thenVerify" time="0.0">
    <skipped/>
  </testcase> <!-- givenWebpage_whenLogin_thenVerify -->
  <testcase classname="day52.test_cases.TC003LoginDataDrivenTest" name="givenWebpage_whenLogin_thenVerify" time="0.0">
    <skipped/>
  </testcase> <!-- givenWebpage_whenLogin_thenVerify -->
  <testcase classname="day52.test_cases.TC003LoginDataDrivenTest" name="givenWebpage_whenLogin_thenVerify" time="0.0">
    <skipped/>
  </testcase> <!-- givenWebpage_whenLogin_thenVerify -->
  <testcase classname="day52.test_cases.TC003LoginDataDrivenTest" name="givenWebpage_whenLogin_thenVerify" time="0.0">
    <skipped/>
  </testcase> <!-- givenWebpage_whenLogin_thenVerify -->
  <testcase classname="day52.test_cases.TC003LoginDataDrivenTest" name="givenWebpage_whenLogin_thenVerify" time="0.0">
    <skipped/>
  </testcase> <!-- givenWebpage_whenLogin_thenVerify -->
  <testcase classname="day52.test_cases.TC003LoginDataDrivenTest" name="givenWebpage_whenLogin_thenVerify" time="0.0">
    <skipped/>
  </testcase> <!-- givenWebpage_whenLogin_thenVerify -->
  <testcase classname="day52.test_cases.TC003LoginDataDrivenTest" name="givenWebpage_whenLogin_thenVerify" time="0.0">
    <skipped/>
  </testcase> <!-- givenWebpage_whenLogin_thenVerify -->
  <testcase classname="day52.test_cases.TC003LoginDataDrivenTest" name="givenWebpage_whenLogin_thenVerify" time="0.0">
    <skipped/>
  </testcase> <!-- givenWebpage_whenLogin_thenVerify -->
  <testcase classname="day52.test_cases.TC003LoginDataDrivenTest" name="givenWebpage_whenLogin_thenVerify" time="0.0">
    <skipped/>
  </testcase> <!-- givenWebpage_whenLogin_thenVerify -->
  <testcase classname="day52.test_cases.TC003LoginDataDrivenTest" name="givenWebpage_whenLogin_thenVerify" time="0.0">
    <skipped/>
  </testcase> <!-- givenWebpage_whenLogin_thenVerify -->
  <testcase classname="day52.test_cases.TC003LoginDataDrivenTest" name="givenWebpage_whenLogin_thenVerify" time="0.0">
    <skipped/>
  </testcase> <!-- givenWebpage_whenLogin_thenVerify -->
  <testcase classname="day52.test_cases.TC003LoginDataDrivenTest" name="givenWebpage_whenLogin_thenVerify" time="0.0">
    <skipped/>
  </testcase> <!-- givenWebpage_whenLogin_thenVerify -->
  <testcase classname="day52.test_cases.TC003LoginDataDrivenTest" name="givenWebpage_whenLogin_thenVerify" time="0.0">
    <skipped/>
  </testcase> <!-- givenWebpage_whenLogin_thenVerify -->
  <testcase classname="day52.test_cases.TC003LoginDataDrivenTest" name="givenWebpage_whenLogin_thenVerify" time="0.0">
    <skipped/>
  </testcase> <!-- givenWebpage_whenLogin_thenVerify -->
  <testcase classname="day52.test_cases.TC003LoginDataDrivenTest" name="givenWebpage_whenLogin_thenVerify" time="0.0">
    <skipped/>
  </testcase> <!-- givenWebpage_whenLogin_thenVerify -->
  <testcase classname="day52.test_cases.TC003LoginDataDrivenTest" name="givenWebpage_whenLogin_thenVerify" time="0.0">
    <skipped/>
  </testcase> <!-- givenWebpage_whenLogin_thenVerify -->
  <testcase classname="day52.test_cases.TC003LoginDataDrivenTest" name="givenWebpage_whenLogin_thenVerify" time="0.0">
    <skipped/>
  </testcase> <!-- givenWebpage_whenLogin_thenVerify -->
  <testcase classname="day52.test_cases.TC003LoginDataDrivenTest" name="givenWebpage_whenLogin_thenVerify" time="0.0">
    <skipped/>
  </testcase> <!-- givenWebpage_whenLogin_thenVerify -->
  <testcase classname="day52.test_cases.TC003LoginDataDrivenTest" name="givenWebpage_whenLogin_thenVerify" time="0.0">
    <skipped/>
  </testcase> <!-- givenWebpage_whenLogin_thenVerify -->
  <testcase classname="day52.test_cases.TC003LoginDataDrivenTest" name="givenWebpage_whenLogin_thenVerify" time="0.0">
    <skipped/>
  </testcase> <!-- givenWebpage_whenLogin_thenVerify -->
  <testcase classname="day52.test_cases.TC003LoginDataDrivenTest" name="givenWebpage_whenLogin_thenVerify" time="0.0">
    <skipped/>
  </testcase> <!-- givenWebpage_whenLogin_thenVerify -->
  <testcase classname="day52.test_cases.TC003LoginDataDrivenTest" name="givenWebpage_whenLogin_thenVerify" time="0.001">
    <skipped/>
  </testcase> <!-- givenWebpage_whenLogin_thenVerify -->
  <testcase classname="day52.test_cases.TC003LoginDataDrivenTest" name="givenWebpage_whenLogin_thenVerify" time="0.0">
    <skipped/>
  </testcase> <!-- givenWebpage_whenLogin_thenVerify -->
  <testcase classname="day52.test_cases.TC003LoginDataDrivenTest" name="givenWebpage_whenLogin_thenVerify" time="0.0">
    <skipped/>
  </testcase> <!-- givenWebpage_whenLogin_thenVerify -->
  <testcase classname="day52.test_cases.TC003LoginDataDrivenTest" name="givenWebpage_whenLogin_thenVerify" time="0.0">
    <skipped/>
  </testcase> <!-- givenWebpage_whenLogin_thenVerify -->
  <testcase classname="day52.test_cases.TC003LoginDataDrivenTest" name="givenWebpage_whenLogin_thenVerify" time="0.0">
    <skipped/>
  </testcase> <!-- givenWebpage_whenLogin_thenVerify -->
  <testcase classname="day52.test_cases.TC003LoginDataDrivenTest" name="givenWebpage_whenLogin_thenVerify" time="0.0">
    <skipped/>
  </testcase> <!-- givenWebpage_whenLogin_thenVerify -->
  <testcase classname="day52.test_cases.TC003LoginDataDrivenTest" name="givenWebpage_whenLogin_thenVerify" time="0.0">
    <skipped/>
  </testcase> <!-- givenWebpage_whenLogin_thenVerify -->
  <testcase classname="day52.test_cases.TC003LoginDataDrivenTest" name="givenWebpage_whenLogin_thenVerify" time="0.0">
    <skipped/>
  </testcase> <!-- givenWebpage_whenLogin_thenVerify -->
  <testcase classname="day52.test_cases.TC003LoginDataDrivenTest" name="givenWebpage_whenLogin_thenVerify" time="0.0">
    <skipped/>
  </testcase> <!-- givenWebpage_whenLogin_thenVerify -->
  <testcase classname="day52.test_cases.TC003LoginDataDrivenTest" name="givenWebpage_whenLogin_thenVerify" time="0.0">
    <skipped/>
  </testcase> <!-- givenWebpage_whenLogin_thenVerify -->
  <testcase classname="day52.test_cases.TC003LoginDataDrivenTest" name="givenWebpage_whenLogin_thenVerify" time="0.0">
    <skipped/>
  </testcase> <!-- givenWebpage_whenLogin_thenVerify -->
  <testcase classname="day52.test_cases.TC003LoginDataDrivenTest" name="givenWebpage_whenLogin_thenVerify" time="0.0">
    <skipped/>
  </testcase> <!-- givenWebpage_whenLogin_thenVerify -->
  <testcase classname="day52.test_cases.TC003LoginDataDrivenTest" name="givenWebpage_whenLogin_thenVerify" time="0.0">
    <skipped/>
  </testcase> <!-- givenWebpage_whenLogin_thenVerify -->
  <testcase classname="day52.test_cases.TC003LoginDataDrivenTest" name="givenWebpage_whenLogin_thenVerify" time="0.0">
    <skipped/>
  </testcase> <!-- givenWebpage_whenLogin_thenVerify -->
  <testcase classname="day52.test_cases.TC003LoginDataDrivenTest" name="givenWebpage_whenLogin_thenVerify" time="0.0">
    <skipped/>
  </testcase> <!-- givenWebpage_whenLogin_thenVerify -->
  <testcase classname="day52.test_cases.TC003LoginDataDrivenTest" name="givenWebpage_whenLogin_thenVerify" time="0.0">
    <skipped/>
  </testcase> <!-- givenWebpage_whenLogin_thenVerify -->
  <testcase classname="day52.test_cases.TC003LoginDataDrivenTest" name="givenWebpage_whenLogin_thenVerify" time="0.0">
    <skipped/>
  </testcase> <!-- givenWebpage_whenLogin_thenVerify -->
  <testcase classname="day52.test_cases.TC003LoginDataDrivenTest" name="givenWebpage_whenLogin_thenVerify" time="0.0">
    <skipped/>
  </testcase> <!-- givenWebpage_whenLogin_thenVerify -->
  <testcase classname="day52.test_cases.TC003LoginDataDrivenTest" name="givenWebpage_whenLogin_thenVerify" time="0.0">
    <skipped/>
  </testcase> <!-- givenWebpage_whenLogin_thenVerify -->
  <testcase classname="day52.test_cases.TC003LoginDataDrivenTest" name="givenWebpage_whenLogin_thenVerify" time="0.0">
    <skipped/>
  </testcase> <!-- givenWebpage_whenLogin_thenVerify -->
  <testcase classname="day52.test_cases.TC003LoginDataDrivenTest" name="givenWebpage_whenLogin_thenVerify" time="0.001">
    <skipped/>
  </testcase> <!-- givenWebpage_whenLogin_thenVerify -->
  <testcase classname="day52.test_cases.TC003LoginDataDrivenTest" name="givenWebpage_whenLogin_thenVerify" time="0.0">
    <skipped/>
  </testcase> <!-- givenWebpage_whenLogin_thenVerify -->
  <testcase classname="day52.test_cases.TC003LoginDataDrivenTest" name="givenWebpage_whenLogin_thenVerify" time="0.0">
    <skipped/>
  </testcase> <!-- givenWebpage_whenLogin_thenVerify -->
  <testcase classname="day52.test_cases.TC003LoginDataDrivenTest" name="givenWebpage_whenLogin_thenVerify" time="0.0">
    <skipped/>
  </testcase> <!-- givenWebpage_whenLogin_thenVerify -->
  <testcase classname="day52.test_cases.TC003LoginDataDrivenTest" name="givenWebpage_whenLogin_thenVerify" time="0.0">
    <skipped/>
  </testcase> <!-- givenWebpage_whenLogin_thenVerify -->
  <testcase classname="day52.test_cases.TC003LoginDataDrivenTest" name="givenWebpage_whenLogin_thenVerify" time="0.0">
    <skipped/>
  </testcase> <!-- givenWebpage_whenLogin_thenVerify -->
  <testcase classname="day52.test_cases.TC003LoginDataDrivenTest" name="givenWebpage_whenLogin_thenVerify" time="0.0">
    <skipped/>
  </testcase> <!-- givenWebpage_whenLogin_thenVerify -->
  <testcase classname="day52.test_cases.TC003LoginDataDrivenTest" name="givenWebpage_whenLogin_thenVerify" time="0.0">
    <skipped/>
  </testcase> <!-- givenWebpage_whenLogin_thenVerify -->
  <testcase classname="day52.test_cases.TC003LoginDataDrivenTest" name="givenWebpage_whenLogin_thenVerify" time="0.0">
    <skipped/>
  </testcase> <!-- givenWebpage_whenLogin_thenVerify -->
  <testcase classname="day52.test_cases.TC003LoginDataDrivenTest" name="givenWebpage_whenLogin_thenVerify" time="0.0">
    <skipped/>
  </testcase> <!-- givenWebpage_whenLogin_thenVerify -->
  <testcase classname="day52.test_cases.TC003LoginDataDrivenTest" name="givenWebpage_whenLogin_thenVerify" time="0.0">
    <skipped/>
  </testcase> <!-- givenWebpage_whenLogin_thenVerify -->
  <testcase classname="day52.test_cases.TC003LoginDataDrivenTest" name="givenWebpage_whenLogin_thenVerify" time="0.0">
    <skipped/>
  </testcase> <!-- givenWebpage_whenLogin_thenVerify -->
  <testcase classname="day52.test_cases.TC003LoginDataDrivenTest" name="givenWebpage_whenLogin_thenVerify" time="0.0">
    <skipped/>
  </testcase> <!-- givenWebpage_whenLogin_thenVerify -->
  <testcase classname="day52.test_cases.TC003LoginDataDrivenTest" name="givenWebpage_whenLogin_thenVerify" time="0.0">
    <skipped/>
  </testcase> <!-- givenWebpage_whenLogin_thenVerify -->
  <testcase classname="day52.test_cases.TC003LoginDataDrivenTest" name="givenWebpage_whenLogin_thenVerify" time="0.0">
    <skipped/>
  </testcase> <!-- givenWebpage_whenLogin_thenVerify -->
  <testcase classname="day52.test_cases.TC003LoginDataDrivenTest" name="givenWebpage_whenLogin_thenVerify" time="0.0">
    <skipped/>
  </testcase> <!-- givenWebpage_whenLogin_thenVerify -->
  <testcase classname="day52.test_cases.TC003LoginDataDrivenTest" name="givenWebpage_whenLogin_thenVerify" time="0.0">
    <skipped/>
  </testcase> <!-- givenWebpage_whenLogin_thenVerify -->
  <testcase classname="day52.test_cases.TC003LoginDataDrivenTest" name="givenWebpage_whenLogin_thenVerify" time="0.0">
    <skipped/>
  </testcase> <!-- givenWebpage_whenLogin_thenVerify -->
  <testcase classname="day52.test_cases.TC003LoginDataDrivenTest" name="givenWebpage_whenLogin_thenVerify" time="0.0">
    <skipped/>
  </testcase> <!-- givenWebpage_whenLogin_thenVerify -->
  <testcase classname="day52.test_cases.TC003LoginDataDrivenTest" name="givenWebpage_whenLogin_thenVerify" time="0.0">
    <skipped/>
  </testcase> <!-- givenWebpage_whenLogin_thenVerify -->
  <testcase classname="day52.test_cases.TC003LoginDataDrivenTest" name="givenWebpage_whenLogin_thenVerify" time="0.0">
    <skipped/>
  </testcase> <!-- givenWebpage_whenLogin_thenVerify -->
  <testcase classname="day52.test_cases.TC003LoginDataDrivenTest" name="givenWebpage_whenLogin_thenVerify" time="0.0">
    <skipped/>
  </testcase> <!-- givenWebpage_whenLogin_thenVerify -->
  <testcase classname="day52.test_cases.TC003LoginDataDrivenTest" name="givenWebpage_whenLogin_thenVerify" time="0.0">
    <skipped/>
  </testcase> <!-- givenWebpage_whenLogin_thenVerify -->
  <testcase classname="day52.test_cases.TC003LoginDataDrivenTest" name="givenWebpage_whenLogin_thenVerify" time="0.0">
    <skipped/>
  </testcase> <!-- givenWebpage_whenLogin_thenVerify -->
  <testcase classname="day52.test_cases.TC003LoginDataDrivenTest" name="givenWebpage_whenLogin_thenVerify" time="0.0">
    <skipped/>
  </testcase> <!-- givenWebpage_whenLogin_thenVerify -->
  <testcase classname="day52.test_cases.TC003LoginDataDrivenTest" name="givenWebpage_whenLogin_thenVerify" time="0.0">
    <skipped/>
  </testcase> <!-- givenWebpage_whenLogin_thenVerify -->
  <testcase classname="day52.test_cases.TC003LoginDataDrivenTest" name="givenWebpage_whenLogin_thenVerify" time="0.0">
    <skipped/>
  </testcase> <!-- givenWebpage_whenLogin_thenVerify -->
  <testcase classname="day52.test_cases.TC003LoginDataDrivenTest" name="givenWebpage_whenLogin_thenVerify" time="0.0">
    <skipped/>
  </testcase> <!-- givenWebpage_whenLogin_thenVerify -->
  <testcase classname="day52.test_cases.TC003LoginDataDrivenTest" name="givenWebpage_whenLogin_thenVerify" time="0.0">
    <skipped/>
  </testcase> <!-- givenWebpage_whenLogin_thenVerify -->
  <testcase classname="day52.test_cases.TC003LoginDataDrivenTest" name="givenWebpage_whenLogin_thenVerify" time="0.0">
    <skipped/>
  </testcase> <!-- givenWebpage_whenLogin_thenVerify -->
  <testcase classname="day52.test_cases.TC003LoginDataDrivenTest" name="givenWebpage_whenLogin_thenVerify" time="0.0">
    <skipped/>
  </testcase> <!-- givenWebpage_whenLogin_thenVerify -->
  <testcase classname="day52.test_cases.TC003LoginDataDrivenTest" name="givenWebpage_whenLogin_thenVerify" time="0.0">
    <skipped/>
  </testcase> <!-- givenWebpage_whenLogin_thenVerify -->
  <testcase classname="day52.test_cases.TC003LoginDataDrivenTest" name="givenWebpage_whenLogin_thenVerify" time="0.0">
    <skipped/>
  </testcase> <!-- givenWebpage_whenLogin_thenVerify -->
  <testcase classname="day52.test_cases.TC003LoginDataDrivenTest" name="givenWebpage_whenLogin_thenVerify" time="0.0">
    <skipped/>
  </testcase> <!-- givenWebpage_whenLogin_thenVerify -->
  <testcase classname="day52.test_cases.TC003LoginDataDrivenTest" name="givenWebpage_whenLogin_thenVerify" time="0.0">
    <skipped/>
  </testcase> <!-- givenWebpage_whenLogin_thenVerify -->
  <testcase classname="day52.test_cases.TC003LoginDataDrivenTest" name="givenWebpage_whenLogin_thenVerify" time="0.0">
    <skipped/>
  </testcase> <!-- givenWebpage_whenLogin_thenVerify -->
  <testcase classname="day52.test_cases.TC003LoginDataDrivenTest" name="givenWebpage_whenLogin_thenVerify" time="0.0">
    <skipped/>
  </testcase> <!-- givenWebpage_whenLogin_thenVerify -->
  <testcase classname="day52.test_cases.TC003LoginDataDrivenTest" name="givenWebpage_whenLogin_thenVerify" time="0.0">
    <skipped/>
  </testcase> <!-- givenWebpage_whenLogin_thenVerify -->
  <testcase classname="day52.test_cases.TC003LoginDataDrivenTest" name="givenWebpage_whenLogin_thenVerify" time="0.0">
    <skipped/>
  </testcase> <!-- givenWebpage_whenLogin_thenVerify -->
  <testcase classname="day52.test_cases.TC003LoginDataDrivenTest" name="givenWebpage_whenLogin_thenVerify" time="0.0">
    <skipped/>
  </testcase> <!-- givenWebpage_whenLogin_thenVerify -->
  <testcase classname="day52.test_cases.TC003LoginDataDrivenTest" name="givenWebpage_whenLogin_thenVerify" time="0.0">
    <skipped/>
  </testcase> <!-- givenWebpage_whenLogin_thenVerify -->
  <testcase classname="day52.test_cases.TC003LoginDataDrivenTest" name="givenWebpage_whenLogin_thenVerify" time="0.0">
    <skipped/>
  </testcase> <!-- givenWebpage_whenLogin_thenVerify -->
  <testcase classname="day52.test_cases.TC003LoginDataDrivenTest" name="givenWebpage_whenLogin_thenVerify" time="0.0">
    <skipped/>
  </testcase> <!-- givenWebpage_whenLogin_thenVerify -->
  <testcase classname="day52.test_cases.TC003LoginDataDrivenTest" name="givenWebpage_whenLogin_thenVerify" time="0.0">
    <skipped/>
  </testcase> <!-- givenWebpage_whenLogin_thenVerify -->
  <testcase classname="day52.test_cases.TC003LoginDataDrivenTest" name="givenWebpage_whenLogin_thenVerify" time="0.0">
    <skipped/>
  </testcase> <!-- givenWebpage_whenLogin_thenVerify -->
  <testcase classname="day52.test_cases.TC003LoginDataDrivenTest" name="givenWebpage_whenLogin_thenVerify" time="0.0">
    <skipped/>
  </testcase> <!-- givenWebpage_whenLogin_thenVerify -->
  <testcase classname="day52.test_cases.TC003LoginDataDrivenTest" name="givenWebpage_whenLogin_thenVerify" time="0.0">
    <skipped/>
  </testcase> <!-- givenWebpage_whenLogin_thenVerify -->
  <testcase classname="day52.test_cases.TC003LoginDataDrivenTest" name="givenWebpage_whenLogin_thenVerify" time="0.0">
    <skipped/>
  </testcase> <!-- givenWebpage_whenLogin_thenVerify -->
  <testcase classname="day52.test_cases.TC003LoginDataDrivenTest" name="givenWebpage_whenLogin_thenVerify" time="0.0">
    <skipped/>
  </testcase> <!-- givenWebpage_whenLogin_thenVerify -->
  <testcase classname="day52.test_cases.TC003LoginDataDrivenTest" name="givenWebpage_whenLogin_thenVerify" time="0.0">
    <skipped/>
  </testcase> <!-- givenWebpage_whenLogin_thenVerify -->
  <testcase classname="day52.test_cases.TC003LoginDataDrivenTest" name="givenWebpage_whenLogin_thenVerify" time="0.001">
    <skipped/>
  </testcase> <!-- givenWebpage_whenLogin_thenVerify -->
  <testcase classname="day52.test_cases.TC003LoginDataDrivenTest" name="givenWebpage_whenLogin_thenVerify" time="0.0">
    <skipped/>
  </testcase> <!-- givenWebpage_whenLogin_thenVerify -->
  <testcase classname="day52.test_cases.TC003LoginDataDrivenTest" name="givenWebpage_whenLogin_thenVerify" time="0.0">
    <skipped/>
  </testcase> <!-- givenWebpage_whenLogin_thenVerify -->
  <testcase classname="day52.test_cases.TC003LoginDataDrivenTest" name="givenWebpage_whenLogin_thenVerify" time="0.0">
    <skipped/>
  </testcase> <!-- givenWebpage_whenLogin_thenVerify -->
  <testcase classname="day52.test_cases.TC003LoginDataDrivenTest" name="givenWebpage_whenLogin_thenVerify" time="0.0">
    <skipped/>
  </testcase> <!-- givenWebpage_whenLogin_thenVerify -->
  <testcase classname="day52.test_cases.TC003LoginDataDrivenTest" name="givenWebpage_whenLogin_thenVerify" time="0.0">
    <skipped/>
  </testcase> <!-- givenWebpage_whenLogin_thenVerify -->
  <testcase classname="day52.test_cases.TC003LoginDataDrivenTest" name="givenWebpage_whenLogin_thenVerify" time="0.0">
    <skipped/>
  </testcase> <!-- givenWebpage_whenLogin_thenVerify -->
  <testcase classname="day52.test_cases.TC003LoginDataDrivenTest" name="givenWebpage_whenLogin_thenVerify" time="0.0">
    <skipped/>
  </testcase> <!-- givenWebpage_whenLogin_thenVerify -->
  <testcase classname="day52.test_cases.TC003LoginDataDrivenTest" name="givenWebpage_whenLogin_thenVerify" time="0.0">
    <skipped/>
  </testcase> <!-- givenWebpage_whenLogin_thenVerify -->
  <testcase classname="day52.test_cases.TC003LoginDataDrivenTest" name="givenWebpage_whenLogin_thenVerify" time="0.0">
    <skipped/>
  </testcase> <!-- givenWebpage_whenLogin_thenVerify -->
  <testcase classname="day52.test_cases.TC003LoginDataDrivenTest" name="givenWebpage_whenLogin_thenVerify" time="0.0">
    <skipped/>
  </testcase> <!-- givenWebpage_whenLogin_thenVerify -->
  <testcase classname="day52.test_cases.TC003LoginDataDrivenTest" name="givenWebpage_whenLogin_thenVerify" time="0.0">
    <skipped/>
  </testcase> <!-- givenWebpage_whenLogin_thenVerify -->
  <testcase classname="day52.test_cases.TC003LoginDataDrivenTest" name="givenWebpage_whenLogin_thenVerify" time="0.0">
    <skipped/>
  </testcase> <!-- givenWebpage_whenLogin_thenVerify -->
  <testcase classname="day52.test_cases.TC003LoginDataDrivenTest" name="givenWebpage_whenLogin_thenVerify" time="0.0">
    <skipped/>
  </testcase> <!-- givenWebpage_whenLogin_thenVerify -->
  <testcase classname="day52.test_cases.TC003LoginDataDrivenTest" name="givenWebpage_whenLogin_thenVerify" time="0.0">
    <skipped/>
  </testcase> <!-- givenWebpage_whenLogin_thenVerify -->
  <testcase classname="day52.test_cases.TC003LoginDataDrivenTest" name="givenWebpage_whenLogin_thenVerify" time="0.0">
    <skipped/>
  </testcase> <!-- givenWebpage_whenLogin_thenVerify -->
  <testcase classname="day52.test_cases.TC003LoginDataDrivenTest" name="givenWebpage_whenLogin_thenVerify" time="0.0">
    <skipped/>
  </testcase> <!-- givenWebpage_whenLogin_thenVerify -->
  <testcase classname="day52.test_cases.TC003LoginDataDrivenTest" name="givenWebpage_whenLogin_thenVerify" time="0.0">
    <skipped/>
  </testcase> <!-- givenWebpage_whenLogin_thenVerify -->
  <testcase classname="day52.test_cases.TC003LoginDataDrivenTest" name="givenWebpage_whenLogin_thenVerify" time="0.0">
    <skipped/>
  </testcase> <!-- givenWebpage_whenLogin_thenVerify -->
  <testcase classname="day52.test_cases.TC003LoginDataDrivenTest" name="givenWebpage_whenLogin_thenVerify" time="0.0">
    <skipped/>
  </testcase> <!-- givenWebpage_whenLogin_thenVerify -->
  <testcase classname="day52.test_cases.TC003LoginDataDrivenTest" name="givenWebpage_whenLogin_thenVerify" time="0.0">
    <skipped/>
  </testcase> <!-- givenWebpage_whenLogin_thenVerify -->
  <testcase classname="day52.test_cases.TC003LoginDataDrivenTest" name="givenWebpage_whenLogin_thenVerify" time="0.0">
    <skipped/>
  </testcase> <!-- givenWebpage_whenLogin_thenVerify -->
  <testcase classname="day52.test_cases.TC003LoginDataDrivenTest" name="givenWebpage_whenLogin_thenVerify" time="0.0">
    <skipped/>
  </testcase> <!-- givenWebpage_whenLogin_thenVerify -->
  <testcase classname="day52.test_cases.TC003LoginDataDrivenTest" name="givenWebpage_whenLogin_thenVerify" time="0.0">
    <skipped/>
  </testcase> <!-- givenWebpage_whenLogin_thenVerify -->
  <testcase classname="day52.test_cases.TC003LoginDataDrivenTest" name="givenWebpage_whenLogin_thenVerify" time="0.0">
    <skipped/>
  </testcase> <!-- givenWebpage_whenLogin_thenVerify -->
  <testcase classname="day52.test_cases.TC003LoginDataDrivenTest" name="givenWebpage_whenLogin_thenVerify" time="0.0">
    <skipped/>
  </testcase> <!-- givenWebpage_whenLogin_thenVerify -->
  <testcase classname="day52.test_cases.TC003LoginDataDrivenTest" name="givenWebpage_whenLogin_thenVerify" time="0.0">
    <skipped/>
  </testcase> <!-- givenWebpage_whenLogin_thenVerify -->
  <testcase classname="day52.test_cases.TC003LoginDataDrivenTest" name="givenWebpage_whenLogin_thenVerify" time="0.0">
    <skipped/>
  </testcase> <!-- givenWebpage_whenLogin_thenVerify -->
  <testcase classname="day52.test_cases.TC003LoginDataDrivenTest" name="givenWebpage_whenLogin_thenVerify" time="0.0">
    <skipped/>
  </testcase> <!-- givenWebpage_whenLogin_thenVerify -->
  <testcase classname="day52.test_cases.TC003LoginDataDrivenTest" name="givenWebpage_whenLogin_thenVerify" time="0.0">
    <skipped/>
  </testcase> <!-- givenWebpage_whenLogin_thenVerify -->
  <testcase classname="day52.test_cases.TC003LoginDataDrivenTest" name="givenWebpage_whenLogin_thenVerify" time="0.0">
    <skipped/>
  </testcase> <!-- givenWebpage_whenLogin_thenVerify -->
  <testcase classname="day52.test_cases.TC003LoginDataDrivenTest" name="givenWebpage_whenLogin_thenVerify" time="0.0">
    <skipped/>
  </testcase> <!-- givenWebpage_whenLogin_thenVerify -->
  <testcase classname="day52.test_cases.TC003LoginDataDrivenTest" name="givenWebpage_whenLogin_thenVerify" time="0.0">
    <skipped/>
  </testcase> <!-- givenWebpage_whenLogin_thenVerify -->
  <testcase classname="day52.test_cases.TC003LoginDataDrivenTest" name="givenWebpage_whenLogin_thenVerify" time="0.0">
    <skipped/>
  </testcase> <!-- givenWebpage_whenLogin_thenVerify -->
  <testcase classname="day52.test_cases.TC003LoginDataDrivenTest" name="givenWebpage_whenLogin_thenVerify" time="0.0">
    <skipped/>
  </testcase> <!-- givenWebpage_whenLogin_thenVerify -->
  <testcase classname="day52.test_cases.TC003LoginDataDrivenTest" name="givenWebpage_whenLogin_thenVerify" time="0.0">
    <skipped/>
  </testcase> <!-- givenWebpage_whenLogin_thenVerify -->
  <testcase classname="day52.test_cases.TC003LoginDataDrivenTest" name="givenWebpage_whenLogin_thenVerify" time="0.0">
    <skipped/>
  </testcase> <!-- givenWebpage_whenLogin_thenVerify -->
  <testcase classname="day52.test_cases.TC003LoginDataDrivenTest" name="givenWebpage_whenLogin_thenVerify" time="0.0">
    <skipped/>
  </testcase> <!-- givenWebpage_whenLogin_thenVerify -->
  <testcase classname="day52.test_cases.TC003LoginDataDrivenTest" name="givenWebpage_whenLogin_thenVerify" time="0.0">
    <skipped/>
  </testcase> <!-- givenWebpage_whenLogin_thenVerify -->
  <testcase classname="day52.test_cases.TC003LoginDataDrivenTest" name="givenWebpage_whenLogin_thenVerify" time="0.0">
    <skipped/>
  </testcase> <!-- givenWebpage_whenLogin_thenVerify -->
  <testcase classname="day52.test_cases.TC003LoginDataDrivenTest" name="givenWebpage_whenLogin_thenVerify" time="0.0">
    <skipped/>
  </testcase> <!-- givenWebpage_whenLogin_thenVerify -->
  <testcase classname="day52.test_cases.TC003LoginDataDrivenTest" name="givenWebpage_whenLogin_thenVerify" time="0.0">
    <skipped/>
  </testcase> <!-- givenWebpage_whenLogin_thenVerify -->
  <testcase classname="day52.test_cases.TC003LoginDataDrivenTest" name="givenWebpage_whenLogin_thenVerify" time="0.0">
    <skipped/>
  </testcase> <!-- givenWebpage_whenLogin_thenVerify -->
  <testcase classname="day52.test_cases.TC003LoginDataDrivenTest" name="givenWebpage_whenLogin_thenVerify" time="0.0">
    <skipped/>
  </testcase> <!-- givenWebpage_whenLogin_thenVerify -->
  <testcase classname="day52.test_cases.TC003LoginDataDrivenTest" name="givenWebpage_whenLogin_thenVerify" time="0.0">
    <skipped/>
  </testcase> <!-- givenWebpage_whenLogin_thenVerify -->
  <testcase classname="day52.test_cases.TC003LoginDataDrivenTest" name="givenWebpage_whenLogin_thenVerify" time="0.0">
    <skipped/>
  </testcase> <!-- givenWebpage_whenLogin_thenVerify -->
  <testcase classname="day52.test_cases.TC003LoginDataDrivenTest" name="givenWebpage_whenLogin_thenVerify" time="0.0">
    <skipped/>
  </testcase> <!-- givenWebpage_whenLogin_thenVerify -->
  <testcase classname="day52.test_cases.TC003LoginDataDrivenTest" name="givenWebpage_whenLogin_thenVerify" time="0.0">
    <skipped/>
  </testcase> <!-- givenWebpage_whenLogin_thenVerify -->
  <testcase classname="day52.test_cases.TC003LoginDataDrivenTest" name="givenWebpage_whenLogin_thenVerify" time="0.0">
    <skipped/>
  </testcase> <!-- givenWebpage_whenLogin_thenVerify -->
  <testcase classname="day52.test_cases.TC003LoginDataDrivenTest" name="givenWebpage_whenLogin_thenVerify" time="0.0">
    <skipped/>
  </testcase> <!-- givenWebpage_whenLogin_thenVerify -->
  <testcase classname="day52.test_cases.TC003LoginDataDrivenTest" name="givenWebpage_whenLogin_thenVerify" time="0.0">
    <skipped/>
  </testcase> <!-- givenWebpage_whenLogin_thenVerify -->
  <testcase classname="day52.test_cases.TC003LoginDataDrivenTest" name="givenWebpage_whenLogin_thenVerify" time="0.0">
    <skipped/>
  </testcase> <!-- givenWebpage_whenLogin_thenVerify -->
  <testcase classname="day52.test_cases.TC003LoginDataDrivenTest" name="givenWebpage_whenLogin_thenVerify" time="0.0">
    <skipped/>
  </testcase> <!-- givenWebpage_whenLogin_thenVerify -->
  <testcase classname="day52.test_cases.TC003LoginDataDrivenTest" name="givenWebpage_whenLogin_thenVerify" time="0.0">
    <skipped/>
  </testcase> <!-- givenWebpage_whenLogin_thenVerify -->
  <testcase classname="day52.test_cases.TC003LoginDataDrivenTest" name="givenWebpage_whenLogin_thenVerify" time="0.0">
    <skipped/>
  </testcase> <!-- givenWebpage_whenLogin_thenVerify -->
  <testcase classname="day52.test_cases.TC003LoginDataDrivenTest" name="givenWebpage_whenLogin_thenVerify" time="0.0">
    <skipped/>
  </testcase> <!-- givenWebpage_whenLogin_thenVerify -->
  <testcase classname="day52.test_cases.TC003LoginDataDrivenTest" name="givenWebpage_whenLogin_thenVerify" time="0.0">
    <skipped/>
  </testcase> <!-- givenWebpage_whenLogin_thenVerify -->
  <testcase classname="day52.test_cases.TC003LoginDataDrivenTest" name="givenWebpage_whenLogin_thenVerify" time="0.0">
    <skipped/>
  </testcase> <!-- givenWebpage_whenLogin_thenVerify -->
  <testcase classname="day52.test_cases.TC003LoginDataDrivenTest" name="givenWebpage_whenLogin_thenVerify" time="0.0">
    <skipped/>
  </testcase> <!-- givenWebpage_whenLogin_thenVerify -->
  <testcase classname="day52.test_cases.TC003LoginDataDrivenTest" name="givenWebpage_whenLogin_thenVerify" time="0.0">
    <skipped/>
  </testcase> <!-- givenWebpage_whenLogin_thenVerify -->
  <testcase classname="day52.test_cases.TC003LoginDataDrivenTest" name="givenWebpage_whenLogin_thenVerify" time="0.0">
    <skipped/>
  </testcase> <!-- givenWebpage_whenLogin_thenVerify -->
  <testcase classname="day52.test_cases.TC003LoginDataDrivenTest" name="givenWebpage_whenLogin_thenVerify" time="0.0">
    <skipped/>
  </testcase> <!-- givenWebpage_whenLogin_thenVerify -->
  <testcase classname="day52.test_cases.TC003LoginDataDrivenTest" name="givenWebpage_whenLogin_thenVerify" time="0.0">
    <skipped/>
  </testcase> <!-- givenWebpage_whenLogin_thenVerify -->
  <testcase classname="day52.test_cases.TC003LoginDataDrivenTest" name="givenWebpage_whenLogin_thenVerify" time="0.0">
    <skipped/>
  </testcase> <!-- givenWebpage_whenLogin_thenVerify -->
  <testcase classname="day52.test_cases.TC003LoginDataDrivenTest" name="givenWebpage_whenLogin_thenVerify" time="0.0">
    <skipped/>
  </testcase> <!-- givenWebpage_whenLogin_thenVerify -->
  <testcase classname="day52.test_cases.TC003LoginDataDrivenTest" name="givenWebpage_whenLogin_thenVerify" time="0.0">
    <skipped/>
  </testcase> <!-- givenWebpage_whenLogin_thenVerify -->
  <testcase classname="day52.test_cases.TC003LoginDataDrivenTest" name="givenWebpage_whenLogin_thenVerify" time="0.0">
    <skipped/>
  </testcase> <!-- givenWebpage_whenLogin_thenVerify -->
  <testcase classname="day52.test_cases.TC003LoginDataDrivenTest" name="givenWebpage_whenLogin_thenVerify" time="0.0">
    <skipped/>
  </testcase> <!-- givenWebpage_whenLogin_thenVerify -->
  <testcase classname="day52.test_cases.TC003LoginDataDrivenTest" name="givenWebpage_whenLogin_thenVerify" time="0.0">
    <skipped/>
  </testcase> <!-- givenWebpage_whenLogin_thenVerify -->
  <testcase classname="day52.test_cases.TC003LoginDataDrivenTest" name="givenWebpage_whenLogin_thenVerify" time="0.0">
    <skipped/>
  </testcase> <!-- givenWebpage_whenLogin_thenVerify -->
  <testcase classname="day52.test_cases.TC003LoginDataDrivenTest" name="givenWebpage_whenLogin_thenVerify" time="0.0">
    <skipped/>
  </testcase> <!-- givenWebpage_whenLogin_thenVerify -->
  <testcase classname="day52.test_cases.TC003LoginDataDrivenTest" name="givenWebpage_whenLogin_thenVerify" time="0.0">
    <skipped/>
  </testcase> <!-- givenWebpage_whenLogin_thenVerify -->
  <testcase classname="day52.test_cases.TC003LoginDataDrivenTest" name="givenWebpage_whenLogin_thenVerify" time="0.0">
    <skipped/>
  </testcase> <!-- givenWebpage_whenLogin_thenVerify -->
  <testcase classname="day52.test_cases.TC003LoginDataDrivenTest" name="givenWebpage_whenLogin_thenVerify" time="0.0">
    <skipped/>
  </testcase> <!-- givenWebpage_whenLogin_thenVerify -->
  <testcase classname="day52.test_cases.TC003LoginDataDrivenTest" name="givenWebpage_whenLogin_thenVerify" time="0.0">
    <skipped/>
  </testcase> <!-- givenWebpage_whenLogin_thenVerify -->
  <testcase classname="day52.test_cases.TC003LoginDataDrivenTest" name="givenWebpage_whenLogin_thenVerify" time="0.0">
    <skipped/>
  </testcase> <!-- givenWebpage_whenLogin_thenVerify -->
  <testcase classname="day52.test_cases.TC003LoginDataDrivenTest" name="givenWebpage_whenLogin_thenVerify" time="0.0">
    <skipped/>
  </testcase> <!-- givenWebpage_whenLogin_thenVerify -->
  <testcase classname="day52.test_cases.TC003LoginDataDrivenTest" name="givenWebpage_whenLogin_thenVerify" time="0.0">
    <skipped/>
  </testcase> <!-- givenWebpage_whenLogin_thenVerify -->
  <testcase classname="day52.test_cases.TC003LoginDataDrivenTest" name="givenWebpage_whenLogin_thenVerify" time="0.0">
    <skipped/>
  </testcase> <!-- givenWebpage_whenLogin_thenVerify -->
  <testcase classname="day52.test_cases.TC003LoginDataDrivenTest" name="givenWebpage_whenLogin_thenVerify" time="0.0">
    <skipped/>
  </testcase> <!-- givenWebpage_whenLogin_thenVerify -->
  <testcase classname="day52.test_cases.TC003LoginDataDrivenTest" name="givenWebpage_whenLogin_thenVerify" time="0.0">
    <skipped/>
  </testcase> <!-- givenWebpage_whenLogin_thenVerify -->
  <testcase classname="day52.test_cases.TC003LoginDataDrivenTest" name="givenWebpage_whenLogin_thenVerify" time="0.0">
    <skipped/>
  </testcase> <!-- givenWebpage_whenLogin_thenVerify -->
  <testcase classname="day52.test_cases.TC003LoginDataDrivenTest" name="givenWebpage_whenLogin_thenVerify" time="0.0">
    <skipped/>
  </testcase> <!-- givenWebpage_whenLogin_thenVerify -->
  <testcase classname="day52.test_cases.TC003LoginDataDrivenTest" name="givenWebpage_whenLogin_thenVerify" time="0.0">
    <skipped/>
  </testcase> <!-- givenWebpage_whenLogin_thenVerify -->
  <testcase classname="day52.test_cases.TC003LoginDataDrivenTest" name="givenWebpage_whenLogin_thenVerify" time="0.0">
    <skipped/>
  </testcase> <!-- givenWebpage_whenLogin_thenVerify -->
  <testcase classname="day52.test_cases.TC003LoginDataDrivenTest" name="givenWebpage_whenLogin_thenVerify" time="0.0">
    <skipped/>
  </testcase> <!-- givenWebpage_whenLogin_thenVerify -->
  <testcase classname="day52.test_cases.TC003LoginDataDrivenTest" name="givenWebpage_whenLogin_thenVerify" time="0.0">
    <skipped/>
  </testcase> <!-- givenWebpage_whenLogin_thenVerify -->
  <testcase classname="day52.test_cases.TC003LoginDataDrivenTest" name="givenWebpage_whenLogin_thenVerify" time="0.0">
    <skipped/>
  </testcase> <!-- givenWebpage_whenLogin_thenVerify -->
  <testcase classname="day52.test_cases.TC003LoginDataDrivenTest" name="givenWebpage_whenLogin_thenVerify" time="0.0">
    <skipped/>
  </testcase> <!-- givenWebpage_whenLogin_thenVerify -->
  <testcase classname="day52.test_cases.TC003LoginDataDrivenTest" name="givenWebpage_whenLogin_thenVerify" time="0.0">
    <skipped/>
  </testcase> <!-- givenWebpage_whenLogin_thenVerify -->
  <testcase classname="day52.test_cases.TC003LoginDataDrivenTest" name="givenWebpage_whenLogin_thenVerify" time="0.0">
    <skipped/>
  </testcase> <!-- givenWebpage_whenLogin_thenVerify -->
  <testcase classname="day52.test_cases.TC003LoginDataDrivenTest" name="givenWebpage_whenLogin_thenVerify" time="0.0">
    <skipped/>
  </testcase> <!-- givenWebpage_whenLogin_thenVerify -->
  <testcase classname="day52.test_cases.TC003LoginDataDrivenTest" name="givenWebpage_whenLogin_thenVerify" time="0.0">
    <skipped/>
  </testcase> <!-- givenWebpage_whenLogin_thenVerify -->
  <testcase classname="day52.test_cases.TC003LoginDataDrivenTest" name="givenWebpage_whenLogin_thenVerify" time="0.0">
    <skipped/>
  </testcase> <!-- givenWebpage_whenLogin_thenVerify -->
  <testcase classname="day52.test_cases.TC003LoginDataDrivenTest" name="givenWebpage_whenLogin_thenVerify" time="0.0">
    <skipped/>
  </testcase> <!-- givenWebpage_whenLogin_thenVerify -->
  <testcase classname="day52.test_cases.TC003LoginDataDrivenTest" name="givenWebpage_whenLogin_thenVerify" time="0.0">
    <skipped/>
  </testcase> <!-- givenWebpage_whenLogin_thenVerify -->
  <testcase classname="day52.test_cases.TC003LoginDataDrivenTest" name="givenWebpage_whenLogin_thenVerify" time="0.0">
    <skipped/>
  </testcase> <!-- givenWebpage_whenLogin_thenVerify -->
  <testcase classname="day52.test_cases.TC003LoginDataDrivenTest" name="givenWebpage_whenLogin_thenVerify" time="0.0">
    <skipped/>
  </testcase> <!-- givenWebpage_whenLogin_thenVerify -->
  <testcase classname="day52.test_cases.TC003LoginDataDrivenTest" name="givenWebpage_whenLogin_thenVerify" time="0.0">
    <skipped/>
  </testcase> <!-- givenWebpage_whenLogin_thenVerify -->
  <testcase classname="day52.test_cases.TC003LoginDataDrivenTest" name="givenWebpage_whenLogin_thenVerify" time="0.0">
    <skipped/>
  </testcase> <!-- givenWebpage_whenLogin_thenVerify -->
  <testcase classname="day52.test_cases.TC003LoginDataDrivenTest" name="givenWebpage_whenLogin_thenVerify" time="0.0">
    <skipped/>
  </testcase> <!-- givenWebpage_whenLogin_thenVerify -->
  <testcase classname="day52.test_cases.TC003LoginDataDrivenTest" name="givenWebpage_whenLogin_thenVerify" time="0.0">
    <skipped/>
  </testcase> <!-- givenWebpage_whenLogin_thenVerify -->
  <testcase classname="day52.test_cases.TC003LoginDataDrivenTest" name="givenWebpage_whenLogin_thenVerify" time="0.0">
    <skipped/>
  </testcase> <!-- givenWebpage_whenLogin_thenVerify -->
  <testcase classname="day52.test_cases.TC003LoginDataDrivenTest" name="givenWebpage_whenLogin_thenVerify" time="0.0">
    <skipped/>
  </testcase> <!-- givenWebpage_whenLogin_thenVerify -->
  <testcase classname="day52.test_cases.TC003LoginDataDrivenTest" name="givenWebpage_whenLogin_thenVerify" time="0.0">
    <skipped/>
  </testcase> <!-- givenWebpage_whenLogin_thenVerify -->
  <testcase classname="day52.test_cases.TC003LoginDataDrivenTest" name="givenWebpage_whenLogin_thenVerify" time="0.0">
    <skipped/>
  </testcase> <!-- givenWebpage_whenLogin_thenVerify -->
  <testcase classname="day52.test_cases.TC003LoginDataDrivenTest" name="givenWebpage_whenLogin_thenVerify" time="0.0">
    <skipped/>
  </testcase> <!-- givenWebpage_whenLogin_thenVerify -->
  <testcase classname="day52.test_cases.TC003LoginDataDrivenTest" name="givenWebpage_whenLogin_thenVerify" time="0.0">
    <skipped/>
  </testcase> <!-- givenWebpage_whenLogin_thenVerify -->
  <testcase classname="day52.test_cases.TC003LoginDataDrivenTest" name="givenWebpage_whenLogin_thenVerify" time="0.0">
    <skipped/>
  </testcase> <!-- givenWebpage_whenLogin_thenVerify -->
  <testcase classname="day52.test_cases.TC003LoginDataDrivenTest" name="givenWebpage_whenLogin_thenVerify" time="0.0">
    <skipped/>
  </testcase> <!-- givenWebpage_whenLogin_thenVerify -->
  <testcase classname="day52.test_cases.TC003LoginDataDrivenTest" name="givenWebpage_whenLogin_thenVerify" time="0.0">
    <skipped/>
  </testcase> <!-- givenWebpage_whenLogin_thenVerify -->
  <testcase classname="day52.test_cases.TC003LoginDataDrivenTest" name="givenWebpage_whenLogin_thenVerify" time="0.0">
    <skipped/>
  </testcase> <!-- givenWebpage_whenLogin_thenVerify -->
  <testcase classname="day52.test_cases.TC003LoginDataDrivenTest" name="givenWebpage_whenLogin_thenVerify" time="0.0">
    <skipped/>
  </testcase> <!-- givenWebpage_whenLogin_thenVerify -->
  <testcase classname="day52.test_cases.TC003LoginDataDrivenTest" name="givenWebpage_whenLogin_thenVerify" time="0.0">
    <skipped/>
  </testcase> <!-- givenWebpage_whenLogin_thenVerify -->
  <testcase classname="day52.test_cases.TC003LoginDataDrivenTest" name="givenWebpage_whenLogin_thenVerify" time="0.0">
    <skipped/>
  </testcase> <!-- givenWebpage_whenLogin_thenVerify -->
  <testcase classname="day52.test_cases.TC003LoginDataDrivenTest" name="givenWebpage_whenLogin_thenVerify" time="0.0">
    <skipped/>
  </testcase> <!-- givenWebpage_whenLogin_thenVerify -->
  <testcase classname="day52.test_cases.TC003LoginDataDrivenTest" name="givenWebpage_whenLogin_thenVerify" time="0.0">
    <skipped/>
  </testcase> <!-- givenWebpage_whenLogin_thenVerify -->
  <testcase classname="day52.test_cases.TC003LoginDataDrivenTest" name="givenWebpage_whenLogin_thenVerify" time="0.0">
    <skipped/>
  </testcase> <!-- givenWebpage_whenLogin_thenVerify -->
  <testcase classname="day52.test_cases.TC003LoginDataDrivenTest" name="givenWebpage_whenLogin_thenVerify" time="0.0">
    <skipped/>
  </testcase> <!-- givenWebpage_whenLogin_thenVerify -->
  <testcase classname="day52.test_cases.TC003LoginDataDrivenTest" name="givenWebpage_whenLogin_thenVerify" time="0.0">
    <skipped/>
  </testcase> <!-- givenWebpage_whenLogin_thenVerify -->
  <testcase classname="day52.test_cases.TC003LoginDataDrivenTest" name="givenWebpage_whenLogin_thenVerify" time="0.0">
    <skipped/>
  </testcase> <!-- givenWebpage_whenLogin_thenVerify -->
  <testcase classname="day52.test_cases.TC003LoginDataDrivenTest" name="givenWebpage_whenLogin_thenVerify" time="0.0">
    <skipped/>
  </testcase> <!-- givenWebpage_whenLogin_thenVerify -->
  <testcase classname="day52.test_cases.TC003LoginDataDrivenTest" name="givenWebpage_whenLogin_thenVerify" time="0.0">
    <skipped/>
  </testcase> <!-- givenWebpage_whenLogin_thenVerify -->
  <testcase classname="day52.test_cases.TC003LoginDataDrivenTest" name="givenWebpage_whenLogin_thenVerify" time="0.0">
    <skipped/>
  </testcase> <!-- givenWebpage_whenLogin_thenVerify -->
  <testcase classname="day52.test_cases.TC003LoginDataDrivenTest" name="givenWebpage_whenLogin_thenVerify" time="0.0">
    <skipped/>
  </testcase> <!-- givenWebpage_whenLogin_thenVerify -->
  <testcase classname="day52.test_cases.TC003LoginDataDrivenTest" name="givenWebpage_whenLogin_thenVerify" time="0.0">
    <skipped/>
  </testcase> <!-- givenWebpage_whenLogin_thenVerify -->
  <testcase classname="day52.test_cases.TC003LoginDataDrivenTest" name="givenWebpage_whenLogin_thenVerify" time="0.0">
    <skipped/>
  </testcase> <!-- givenWebpage_whenLogin_thenVerify -->
  <testcase classname="day52.test_cases.TC003LoginDataDrivenTest" name="givenWebpage_whenLogin_thenVerify" time="0.0">
    <skipped/>
  </testcase> <!-- givenWebpage_whenLogin_thenVerify -->
  <testcase classname="day52.test_cases.TC003LoginDataDrivenTest" name="givenWebpage_whenLogin_thenVerify" time="0.0">
    <skipped/>
  </testcase> <!-- givenWebpage_whenLogin_thenVerify -->
  <testcase classname="day52.test_cases.TC003LoginDataDrivenTest" name="givenWebpage_whenLogin_thenVerify" time="0.0">
    <skipped/>
  </testcase> <!-- givenWebpage_whenLogin_thenVerify -->
  <testcase classname="day52.test_cases.TC003LoginDataDrivenTest" name="givenWebpage_whenLogin_thenVerify" time="0.0">
    <skipped/>
  </testcase> <!-- givenWebpage_whenLogin_thenVerify -->
  <testcase classname="day52.test_cases.TC003LoginDataDrivenTest" name="givenWebpage_whenLogin_thenVerify" time="0.0">
    <skipped/>
  </testcase> <!-- givenWebpage_whenLogin_thenVerify -->
  <testcase classname="day52.test_cases.TC003LoginDataDrivenTest" name="givenWebpage_whenLogin_thenVerify" time="0.0">
    <skipped/>
  </testcase> <!-- givenWebpage_whenLogin_thenVerify -->
  <testcase classname="day52.test_cases.TC003LoginDataDrivenTest" name="givenWebpage_whenLogin_thenVerify" time="0.0">
    <skipped/>
  </testcase> <!-- givenWebpage_whenLogin_thenVerify -->
  <testcase classname="day52.test_cases.TC003LoginDataDrivenTest" name="givenWebpage_whenLogin_thenVerify" time="0.0">
    <skipped/>
  </testcase> <!-- givenWebpage_whenLogin_thenVerify -->
  <testcase classname="day52.test_cases.TC003LoginDataDrivenTest" name="givenWebpage_whenLogin_thenVerify" time="0.0">
    <skipped/>
  </testcase> <!-- givenWebpage_whenLogin_thenVerify -->
  <testcase classname="day52.test_cases.TC003LoginDataDrivenTest" name="givenWebpage_whenLogin_thenVerify" time="0.0">
    <skipped/>
  </testcase> <!-- givenWebpage_whenLogin_thenVerify -->
  <testcase classname="day52.test_cases.TC003LoginDataDrivenTest" name="givenWebpage_whenLogin_thenVerify" time="0.0">
    <skipped/>
  </testcase> <!-- givenWebpage_whenLogin_thenVerify -->
  <testcase classname="day52.test_cases.TC003LoginDataDrivenTest" name="givenWebpage_whenLogin_thenVerify" time="0.0">
    <skipped/>
  </testcase> <!-- givenWebpage_whenLogin_thenVerify -->
  <testcase classname="day52.test_cases.TC003LoginDataDrivenTest" name="givenWebpage_whenLogin_thenVerify" time="0.0">
    <skipped/>
  </testcase> <!-- givenWebpage_whenLogin_thenVerify -->
  <testcase classname="day52.test_cases.TC003LoginDataDrivenTest" name="givenWebpage_whenLogin_thenVerify" time="0.0">
    <skipped/>
  </testcase> <!-- givenWebpage_whenLogin_thenVerify -->
  <testcase classname="day52.test_cases.TC003LoginDataDrivenTest" name="givenWebpage_whenLogin_thenVerify" time="0.0">
    <skipped/>
  </testcase> <!-- givenWebpage_whenLogin_thenVerify -->
  <testcase classname="day52.test_cases.TC003LoginDataDrivenTest" name="givenWebpage_whenLogin_thenVerify" time="0.0">
    <skipped/>
  </testcase> <!-- givenWebpage_whenLogin_thenVerify -->
  <testcase classname="day52.test_cases.TC003LoginDataDrivenTest" name="givenWebpage_whenLogin_thenVerify" time="0.0">
    <skipped/>
  </testcase> <!-- givenWebpage_whenLogin_thenVerify -->
  <testcase classname="day52.test_cases.TC003LoginDataDrivenTest" name="givenWebpage_whenLogin_thenVerify" time="0.0">
    <skipped/>
  </testcase> <!-- givenWebpage_whenLogin_thenVerify -->
  <testcase classname="day52.test_cases.TC003LoginDataDrivenTest" name="givenWebpage_whenLogin_thenVerify" time="0.0">
    <skipped/>
  </testcase> <!-- givenWebpage_whenLogin_thenVerify -->
  <testcase classname="day52.test_cases.TC003LoginDataDrivenTest" name="givenWebpage_whenLogin_thenVerify" time="0.0">
    <skipped/>
  </testcase> <!-- givenWebpage_whenLogin_thenVerify -->
  <testcase classname="day52.test_cases.TC003LoginDataDrivenTest" name="givenWebpage_whenLogin_thenVerify" time="0.0">
    <skipped/>
  </testcase> <!-- givenWebpage_whenLogin_thenVerify -->
  <testcase classname="day52.test_cases.TC003LoginDataDrivenTest" name="givenWebpage_whenLogin_thenVerify" time="0.0">
    <skipped/>
  </testcase> <!-- givenWebpage_whenLogin_thenVerify -->
  <testcase classname="day52.test_cases.TC003LoginDataDrivenTest" name="givenWebpage_whenLogin_thenVerify" time="0.0">
    <skipped/>
  </testcase> <!-- givenWebpage_whenLogin_thenVerify -->
  <testcase classname="day52.test_cases.TC003LoginDataDrivenTest" name="givenWebpage_whenLogin_thenVerify" time="0.0">
    <skipped/>
  </testcase> <!-- givenWebpage_whenLogin_thenVerify -->
  <testcase classname="day52.test_cases.TC003LoginDataDrivenTest" name="givenWebpage_whenLogin_thenVerify" time="0.0">
    <skipped/>
  </testcase> <!-- givenWebpage_whenLogin_thenVerify -->
  <testcase classname="day52.test_cases.TC003LoginDataDrivenTest" name="givenWebpage_whenLogin_thenVerify" time="0.0">
    <skipped/>
  </testcase> <!-- givenWebpage_whenLogin_thenVerify -->
[...]
    <skipped/>
  </testcase> <!-- givenWebpage_whenLogin_thenVerify -->
  <testcase classname="day52.test_cases.TC003LoginDataDrivenTest" name="givenWebpage_whenLogin_thenVerify" time="0.0">
    <skipped/>
  </testcase> <!-- givenWebpage_whenLogin_thenVerify -->
  <testcase classname="day52.test_cases.TC003LoginDataDrivenTest" name="givenWebpage_whenLogin_thenVerify" time="0.0">
    <skipped/>
  </testcase> <!-- givenWebpage_whenLogin_thenVerify -->
  <testcase classname="day52.test_cases.TC003LoginDataDrivenTest" name="givenWebpage_whenLogin_thenVerify" time="0.0">
    <skipped/>
  </testcase> <!-- givenWebpage_whenLogin_thenVerify -->
  <testcase classname="day52.test_cases.TC003LoginDataDrivenTest" name="givenWebpage_whenLogin_thenVerify" time="0.0">
    <skipped/>
  </testcase> <!-- givenWebpage_whenLogin_thenVerify -->
  <testcase classname="day52.test_cases.TC003LoginDataDrivenTest" name="givenWebpage_whenLogin_thenVerify" time="0.0">
    <skipped/>
  </testcase> <!-- givenWebpage_whenLogin_thenVerify -->
  <testcase classname="day52.test_cases.TC003LoginDataDrivenTest" name="givenWebpage_whenLogin_thenVerify" time="0.0">
    <skipped/>
  </testcase> <!-- givenWebpage_whenLogin_thenVerify -->
  <testcase classname="day52.test_cases.TC003LoginDataDrivenTest" name="givenWebpage_whenLogin_thenVerify" time="0.0">
    <skipped/>
  </testcase> <!-- givenWebpage_whenLogin_thenVerify -->
  <testcase classname="day52.test_cases.TC003LoginDataDrivenTest" name="givenWebpage_whenLogin_thenVerify" time="0.0">
    <skipped/>
  </testcase> <!-- givenWebpage_whenLogin_thenVerify -->
  <testcase classname="day52.test_cases.TC003LoginDataDrivenTest" name="givenWebpage_whenLogin_thenVerify" time="0.0">
    <skipped/>
  </testcase> <!-- givenWebpage_whenLogin_thenVerify -->
  <testcase classname="day52.test_cases.TC003LoginDataDrivenTest" name="givenWebpage_whenLogin_thenVerify" time="0.0">
    <skipped/>
  </testcase> <!-- givenWebpage_whenLogin_thenVerify -->
  <testcase classname="day52.test_cases.TC003LoginDataDrivenTest" name="givenWebpage_whenLogin_thenVerify" time="0.0">
    <skipped/>
  </testcase> <!-- givenWebpage_whenLogin_thenVerify -->
  <testcase classname="day52.test_cases.TC003LoginDataDrivenTest" name="givenWebpage_whenLogin_thenVerify" time="0.0">
    <skipped/>
  </testcase> <!-- givenWebpage_whenLogin_thenVerify -->
  <testcase classname="day52.test_cases.TC003LoginDataDrivenTest" name="givenWebpage_whenLogin_thenVerify" time="0.0">
    <skipped/>
  </testcase> <!-- givenWebpage_whenLogin_thenVerify -->
  <testcase classname="day52.test_cases.TC003LoginDataDrivenTest" name="givenWebpage_whenLogin_thenVerify" time="0.0">
    <skipped/>
  </testcase> <!-- givenWebpage_whenLogin_thenVerify -->
  <testcase classname="day52.test_cases.TC003LoginDataDrivenTest" name="givenWebpage_whenLogin_thenVerify" time="0.0">
    <skipped/>
  </testcase> <!-- givenWebpage_whenLogin_thenVerify -->
  <testcase classname="day52.test_cases.TC003LoginDataDrivenTest" name="givenWebpage_whenLogin_thenVerify" time="0.0">
    <skipped/>
  </testcase> <!-- givenWebpage_whenLogin_thenVerify -->
  <testcase classname="day52.test_cases.TC003LoginDataDrivenTest" name="givenWebpage_whenLogin_thenVerify" time="0.0">
    <skipped/>
  </testcase> <!-- givenWebpage_whenLogin_thenVerify -->
  <testcase classname="day52.test_cases.TC003LoginDataDrivenTest" name="givenWebpage_whenLogin_thenVerify" time="0.0">
    <skipped/>
  </testcase> <!-- givenWebpage_whenLogin_thenVerify -->
  <testcase classname="day52.test_cases.TC003LoginDataDrivenTest" name="givenWebpage_whenLogin_thenVerify" time="0.0">
    <skipped/>
  </testcase> <!-- givenWebpage_whenLogin_thenVerify -->
  <testcase classname="day52.test_cases.TC003LoginDataDrivenTest" name="givenWebpage_whenLogin_thenVerify" time="0.0">
    <skipped/>
  </testcase> <!-- givenWebpage_whenLogin_thenVerify -->
  <testcase classname="day52.test_cases.TC003LoginDataDrivenTest" name="givenWebpage_whenLogin_thenVerify" time="0.0">
    <skipped/>
  </testcase> <!-- givenWebpage_whenLogin_thenVerify -->
  <testcase classname="day52.test_cases.TC003LoginDataDrivenTest" name="givenWebpage_whenLogin_thenVerify" time="0.0">
    <skipped/>
  </testcase> <!-- givenWebpage_whenLogin_thenVerify -->
  <testcase classname="day52.test_cases.TC003LoginDataDrivenTest" name="givenWebpage_whenLogin_thenVerify" time="0.0">
    <skipped/>
  </testcase> <!-- givenWebpage_whenLogin_thenVerify -->
  <testcase classname="day52.test_cases.TC003LoginDataDrivenTest" name="givenWebpage_whenLogin_thenVerify" time="0.0">
    <skipped/>
  </testcase> <!-- givenWebpage_whenLogin_thenVerify -->
  <testcase classname="day52.test_cases.TC003LoginDataDrivenTest" name="givenWebpage_whenLogin_thenVerify" time="0.0">
    <skipped/>
  </testcase> <!-- givenWebpage_whenLogin_thenVerify -->
  <testcase classname="day52.test_cases.TC003LoginDataDrivenTest" name="givenWebpage_whenLogin_thenVerify" time="0.0">
    <skipped/>
  </testcase> <!-- givenWebpage_whenLogin_thenVerify -->
  <testcase classname="day52.test_cases.TC003LoginDataDrivenTest" name="givenWebpage_whenLogin_thenVerify" time="0.0">
    <skipped/>
  </testcase> <!-- givenWebpage_whenLogin_thenVerify -->
  <testcase classname="day52.test_cases.TC003LoginDataDrivenTest" name="givenWebpage_whenLogin_thenVerify" time="0.0">
    <skipped/>
  </testcase> <!-- givenWebpage_whenLogin_thenVerify -->
  <testcase classname="day52.test_cases.TC003LoginDataDrivenTest" name="givenWebpage_whenLogin_thenVerify" time="0.0">
    <skipped/>
  </testcase> <!-- givenWebpage_whenLogin_thenVerify -->
  <testcase classname="day52.test_cases.TC003LoginDataDrivenTest" name="givenWebpage_whenLogin_thenVerify" time="0.0">
    <skipped/>
  </testcase> <!-- givenWebpage_whenLogin_thenVerify -->
  <testcase classname="day52.test_cases.TC003LoginDataDrivenTest" name="givenWebpage_whenLogin_thenVerify" time="0.0">
    <skipped/>
  </testcase> <!-- givenWebpage_whenLogin_thenVerify -->
  <testcase classname="day52.test_cases.TC003LoginDataDrivenTest" name="givenWebpage_whenLogin_thenVerify" time="0.0">
    <skipped/>
  </testcase> <!-- givenWebpage_whenLogin_thenVerify -->
  <testcase classname="day52.test_cases.TC003LoginDataDrivenTest" name="givenWebpage_whenLogin_thenVerify" time="0.0">
    <skipped/>
  </testcase> <!-- givenWebpage_whenLogin_thenVerify -->
  <testcase classname="day52.test_cases.TC003LoginDataDrivenTest" name="givenWebpage_whenLogin_thenVerify" time="0.0">
    <skipped/>
  </testcase> <!-- givenWebpage_whenLogin_thenVerify -->
  <testcase classname="day52.test_cases.TC003LoginDataDrivenTest" name="givenWebpage_whenLogin_thenVerify" time="0.0">
    <skipped/>
  </testcase> <!-- givenWebpage_whenLogin_thenVerify -->
  <testcase classname="day52.test_cases.TC003LoginDataDrivenTest" name="givenWebpage_whenLogin_thenVerify" time="0.001">
    <skipped/>
  </testcase> <!-- givenWebpage_whenLogin_thenVerify -->
  <testcase classname="day52.test_cases.TC003LoginDataDrivenTest" name="givenWebpage_whenLogin_thenVerify" time="0.0">
    <skipped/>
  </testcase> <!-- givenWebpage_whenLogin_thenVerify -->
  <testcase classname="day52.test_cases.TC003LoginDataDrivenTest" name="givenWebpage_whenLogin_thenVerify" time="0.0">
    <skipped/>
  </testcase> <!-- givenWebpage_whenLogin_thenVerify -->
  <testcase classname="day52.test_cases.TC003LoginDataDrivenTest" name="givenWebpage_whenLogin_thenVerify" time="0.0">
    <skipped/>
  </testcase> <!-- givenWebpage_whenLogin_thenVerify -->
  <testcase classname="day52.test_cases.TC003LoginDataDrivenTest" name="givenWebpage_whenLogin_thenVerify" time="0.0">
    <skipped/>
  </testcase> <!-- givenWebpage_whenLogin_thenVerify -->
  <testcase classname="day52.test_cases.TC003LoginDataDrivenTest" name="givenWebpage_whenLogin_thenVerify" time="0.0">
    <skipped/>
  </testcase> <!-- givenWebpage_whenLogin_thenVerify -->
  <testcase classname="day52.test_cases.TC003LoginDataDrivenTest" name="givenWebpage_whenLogin_thenVerify" time="0.0">
    <skipped/>
  </testcase> <!-- givenWebpage_whenLogin_thenVerify -->
  <testcase classname="day52.test_cases.TC003LoginDataDrivenTest" name="givenWebpage_whenLogin_thenVerify" time="0.0">
    <skipped/>
  </testcase> <!-- givenWebpage_whenLogin_thenVerify -->
  <testcase classname="day52.test_cases.TC003LoginDataDrivenTest" name="givenWebpage_whenLogin_thenVerify" time="0.0">
    <skipped/>
  </testcase> <!-- givenWebpage_whenLogin_thenVerify -->
  <testcase classname="day52.test_cases.TC003LoginDataDrivenTest" name="givenWebpage_whenLogin_thenVerify" time="0.0">
    <skipped/>
  </testcase> <!-- givenWebpage_whenLogin_thenVerify -->
  <testcase classname="day52.test_cases.TC003LoginDataDrivenTest" name="givenWebpage_whenLogin_thenVerify" time="0.0">
    <skipped/>
  </testcase> <!-- givenWebpage_whenLogin_thenVerify -->
  <testcase classname="day52.test_cases.TC003LoginDataDrivenTest" name="givenWebpage_whenLogin_thenVerify" time="0.0">
    <skipped/>
  </testcase> <!-- givenWebpage_whenLogin_thenVerify -->
  <testcase classname="day52.test_cases.TC003LoginDataDrivenTest" name="givenWebpage_whenLogin_thenVerify" time="0.0">
    <skipped/>
  </testcase> <!-- givenWebpage_whenLogin_thenVerify -->
  <testcase classname="day52.test_cases.TC003LoginDataDrivenTest" name="givenWebpage_whenLogin_thenVerify" time="0.0">
    <skipped/>
  </testcase> <!-- givenWebpage_whenLogin_thenVerify -->
  <testcase classname="day52.test_cases.TC003LoginDataDrivenTest" name="givenWebpage_whenLogin_thenVerify" time="0.0">
    <skipped/>
  </testcase> <!-- givenWebpage_whenLogin_thenVerify -->
  <testcase classname="day52.test_cases.TC003LoginDataDrivenTest" name="givenWebpage_whenLogin_thenVerify" time="0.0">
    <skipped/>
  </testcase> <!-- givenWebpage_whenLogin_thenVerify -->
  <testcase classname="day52.test_cases.TC003LoginDataDrivenTest" name="givenWebpage_whenLogin_thenVerify" time="0.0">
    <skipped/>
  </testcase> <!-- givenWebpage_whenLogin_thenVerify -->
  <testcase classname="day52.test_cases.TC003LoginDataDrivenTest" name="givenWebpage_whenLogin_thenVerify" time="0.0">
    <skipped/>
  </testcase> <!-- givenWebpage_whenLogin_thenVerify -->
  <testcase classname="day52.test_cases.TC003LoginDataDrivenTest" name="givenWebpage_whenLogin_thenVerify" time="0.001">
    <skipped/>
  </testcase> <!-- givenWebpage_whenLogin_thenVerify -->
  <testcase classname="day52.test_cases.TC003LoginDataDrivenTest" name="givenWebpage_whenLogin_thenVerify" time="0.0">
    <skipped/>
  </testcase> <!-- givenWebpage_whenLogin_thenVerify -->
  <testcase classname="day52.test_cases.TC003LoginDataDrivenTest" name="givenWebpage_whenLogin_thenVerify" time="0.0">
    <skipped/>
  </testcase> <!-- givenWebpage_whenLogin_thenVerify -->
  <testcase classname="day52.test_cases.TC003LoginDataDrivenTest" name="givenWebpage_whenLogin_thenVerify" time="0.0">
    <skipped/>
  </testcase> <!-- givenWebpage_whenLogin_thenVerify -->
  <testcase classname="day52.test_cases.TC003LoginDataDrivenTest" name="givenWebpage_whenLogin_thenVerify" time="0.0">
    <skipped/>
  </testcase> <!-- givenWebpage_whenLogin_thenVerify -->
  <testcase classname="day52.test_cases.TC003LoginDataDrivenTest" name="givenWebpage_whenLogin_thenVerify" time="0.0">
    <skipped/>
  </testcase> <!-- givenWebpage_whenLogin_thenVerify -->
  <testcase classname="day52.test_cases.TC003LoginDataDrivenTest" name="givenWebpage_whenLogin_thenVerify" time="0.0">
    <skipped/>
  </testcase> <!-- givenWebpage_whenLogin_thenVerify -->
  <testcase classname="day52.test_cases.TC003LoginDataDrivenTest" name="givenWebpage_whenLogin_thenVerify" time="0.0">
    <skipped/>
  </testcase> <!-- givenWebpage_whenLogin_thenVerify -->
  <testcase classname="day52.test_cases.TC003LoginDataDrivenTest" name="givenWebpage_whenLogin_thenVerify" time="0.0">
    <skipped/>
  </testcase> <!-- givenWebpage_whenLogin_thenVerify -->
  <testcase classname="day52.test_cases.TC003LoginDataDrivenTest" name="givenWebpage_whenLogin_thenVerify" time="0.0">
    <skipped/>
  </testcase> <!-- givenWebpage_whenLogin_thenVerify -->
  <testcase classname="day52.test_cases.TC003LoginDataDrivenTest" name="givenWebpage_whenLogin_thenVerify" time="0.0">
    <skipped/>
  </testcase> <!-- givenWebpage_whenLogin_thenVerify -->
  <testcase classname="day52.test_cases.TC003LoginDataDrivenTest" name="givenWebpage_whenLogin_thenVerify" time="0.0">
    <skipped/>
  </testcase> <!-- givenWebpage_whenLogin_thenVerify -->
  <testcase classname="day52.test_cases.TC003LoginDataDrivenTest" name="givenWebpage_whenLogin_thenVerify" time="0.0">
    <skipped/>
  </testcase> <!-- givenWebpage_whenLogin_thenVerify -->
  <testcase classname="day52.test_cases.TC003LoginDataDrivenTest" name="givenWebpage_whenLogin_thenVerify" time="0.0">
    <skipped/>
  </testcase> <!-- givenWebpage_whenLogin_thenVerify -->
  <testcase classname="day52.test_cases.TC003LoginDataDrivenTest" name="givenWebpage_whenLogin_thenVerify" time="0.0">
    <skipped/>
  </testcase> <!-- givenWebpage_whenLogin_thenVerify -->
  <testcase classname="day52.test_cases.TC003LoginDataDrivenTest" name="givenWebpage_whenLogin_thenVerify" time="0.0">
    <skipped/>
  </testcase> <!-- givenWebpage_whenLogin_thenVerify -->
  <testcase classname="day52.test_cases.TC003LoginDataDrivenTest" name="givenWebpage_whenLogin_thenVerify" time="0.0">
    <skipped/>
  </testcase> <!-- givenWebpage_whenLogin_thenVerify -->
  <testcase classname="day52.test_cases.TC003LoginDataDrivenTest" name="givenWebpage_whenLogin_thenVerify" time="0.0">
    <skipped/>
  </testcase> <!-- givenWebpage_whenLogin_thenVerify -->
  <testcase classname="day52.test_cases.TC003LoginDataDrivenTest" name="givenWebpage_whenLogin_thenVerify" time="0.0">
    <skipped/>
  </testcase> <!-- givenWebpage_whenLogin_thenVerify -->
  <testcase classname="day52.test_cases.TC003LoginDataDrivenTest" name="givenWebpage_whenLogin_thenVerify" time="0.0">
    <skipped/>
  </testcase> <!-- givenWebpage_whenLogin_thenVerify -->
  <testcase classname="day52.test_cases.TC003LoginDataDrivenTest" name="givenWebpage_whenLogin_thenVerify" time="0.0">
    <skipped/>
  </testcase> <!-- givenWebpage_whenLogin_thenVerify -->
  <testcase classname="day52.test_cases.TC003LoginDataDrivenTest" name="givenWebpage_whenLogin_thenVerify" time="0.0">
    <skipped/>
  </testcase> <!-- givenWebpage_whenLogin_thenVerify -->
  <testcase classname="day52.test_cases.TC003LoginDataDrivenTest" name="givenWebpage_whenLogin_thenVerify" time="0.0">
    <skipped/>
  </testcase> <!-- givenWebpage_whenLogin_thenVerify -->
  <testcase classname="day52.test_cases.TC003LoginDataDrivenTest" name="givenWebpage_whenLogin_thenVerify" time="0.0">
    <skipped/>
  </testcase> <!-- givenWebpage_whenLogin_thenVerify -->
  <testcase classname="day52.test_cases.TC003LoginDataDrivenTest" name="givenWebpage_whenLogin_thenVerify" time="0.0">
    <skipped/>
  </testcase> <!-- givenWebpage_whenLogin_thenVerify -->
  <testcase classname="day52.test_cases.TC003LoginDataDrivenTest" name="givenWebpage_whenLogin_thenVerify" time="0.0">
    <skipped/>
  </testcase> <!-- givenWebpage_whenLogin_thenVerify -->
  <testcase classname="day52.test_cases.TC003LoginDataDrivenTest" name="givenWebpage_whenLogin_thenVerify" time="0.0">
    <skipped/>
  </testcase> <!-- givenWebpage_whenLogin_thenVerify -->
  <testcase classname="day52.test_cases.TC003LoginDataDrivenTest" name="givenWebpage_whenLogin_thenVerify" time="0.0">
    <skipped/>
  </testcase> <!-- givenWebpage_whenLogin_thenVerify -->
  <testcase classname="day52.test_cases.TC003LoginDataDrivenTest" name="givenWebpage_whenLogin_thenVerify" time="0.0">
    <skipped/>
  </testcase> <!-- givenWebpage_whenLogin_thenVerify -->
  <testcase classname="day52.test_cases.TC003LoginDataDrivenTest" name="givenWebpage_whenLogin_thenVerify" time="0.0">
    <skipped/>
  </testcase> <!-- givenWebpage_whenLogin_thenVerify -->
  <testcase classname="day52.test_cases.TC003LoginDataDrivenTest" name="givenWebpage_whenLogin_thenVerify" time="0.0">
    <skipped/>
  </testcase> <!-- givenWebpage_whenLogin_thenVerify -->
  <testcase classname="day52.test_cases.TC003LoginDataDrivenTest" name="givenWebpage_whenLogin_thenVerify" time="0.0">
    <skipped/>
  </testcase> <!-- givenWebpage_whenLogin_thenVerify -->
  <testcase classname="day52.test_cases.TC003LoginDataDrivenTest" name="givenWebpage_whenLogin_thenVerify" time="0.0">
    <skipped/>
  </testcase> <!-- givenWebpage_whenLogin_thenVerify -->
  <testcase classname="day52.test_cases.TC003LoginDataDrivenTest" name="givenWebpage_whenLogin_thenVerify" time="0.0">
    <skipped/>
  </testcase> <!-- givenWebpage_whenLogin_thenVerify -->
  <testcase classname="day52.test_cases.TC003LoginDataDrivenTest" name="givenWebpage_whenLogin_thenVerify" time="0.0">
    <skipped/>
  </testcase> <!-- givenWebpage_whenLogin_thenVerify -->
  <testcase classname="day52.test_cases.TC003LoginDataDrivenTest" name="givenWebpage_whenLogin_thenVerify" time="0.0">
    <skipped/>
  </testcase> <!-- givenWebpage_whenLogin_thenVerify -->
  <testcase classname="day52.test_cases.TC003LoginDataDrivenTest" name="givenWebpage_whenLogin_thenVerify" time="0.0">
    <skipped/>
  </testcase> <!-- givenWebpage_whenLogin_thenVerify -->
  <testcase classname="day52.test_cases.TC003LoginDataDrivenTest" name="givenWebpage_whenLogin_thenVerify" time="0.0">
    <skipped/>
  </testcase> <!-- givenWebpage_whenLogin_thenVerify -->
  <testcase classname="day52.test_cases.TC003LoginDataDrivenTest" name="givenWebpage_whenLogin_thenVerify" time="0.0">
    <skipped/>
  </testcase> <!-- givenWebpage_whenLogin_thenVerify -->
  <testcase classname="day52.test_cases.TC003LoginDataDrivenTest" name="givenWebpage_whenLogin_thenVerify" time="0.0">
    <skipped/>
  </testcase> <!-- givenWebpage_whenLogin_thenVerify -->
  <testcase classname="day52.test_cases.TC003LoginDataDrivenTest" name="givenWebpage_whenLogin_thenVerify" time="0.0">
    <skipped/>
  </testcase> <!-- givenWebpage_whenLogin_thenVerify -->
  <testcase classname="day52.test_cases.TC003LoginDataDrivenTest" name="givenWebpage_whenLogin_thenVerify" time="0.0">
    <skipped/>
  </testcase> <!-- givenWebpage_whenLogin_thenVerify -->
  <testcase classname="day52.test_cases.TC003LoginDataDrivenTest" name="givenWebpage_whenLogin_thenVerify" time="0.0">
    <skipped/>
  </testcase> <!-- givenWebpage_whenLogin_thenVerify -->
  <testcase classname="day52.test_cases.TC003LoginDataDrivenTest" name="givenWebpage_whenLogin_thenVerify" time="0.0">
    <skipped/>
  </testcase> <!-- givenWebpage_whenLogin_thenVerify -->
  <testcase classname="day52.test_cases.TC003LoginDataDrivenTest" name="givenWebpage_whenLogin_thenVerify" time="0.0">
    <skipped/>
  </testcase> <!-- givenWebpage_whenLogin_thenVerify -->
  <testcase classname="day52.test_cases.TC003LoginDataDrivenTest" name="givenWebpage_whenLogin_thenVerify" time="0.0">
    <skipped/>
  </testcase> <!-- givenWebpage_whenLogin_thenVerify -->
  <testcase classname="day52.test_cases.TC003LoginDataDrivenTest" name="givenWebpage_whenLogin_thenVerify" time="0.0">
    <skipped/>
  </testcase> <!-- givenWebpage_whenLogin_thenVerify -->
  <testcase classname="day52.test_cases.TC003LoginDataDrivenTest" name="givenWebpage_whenLogin_thenVerify" time="0.0">
    <skipped/>
  </testcase> <!-- givenWebpage_whenLogin_thenVerify -->
  <testcase classname="day52.test_cases.TC003LoginDataDrivenTest" name="givenWebpage_whenLogin_thenVerify" time="0.0">
    <skipped/>
  </testcase> <!-- givenWebpage_whenLogin_thenVerify -->
  <testcase classname="day52.test_cases.TC003LoginDataDrivenTest" name="givenWebpage_whenLogin_thenVerify" time="0.0">
    <skipped/>
  </testcase> <!-- givenWebpage_whenLogin_thenVerify -->
  <testcase classname="day52.test_cases.TC003LoginDataDrivenTest" name="givenWebpage_whenLogin_thenVerify" time="0.0">
    <skipped/>
  </testcase> <!-- givenWebpage_whenLogin_thenVerify -->
</testsuite> <!-- safari-test -->
