<?xml version="1.0" encoding="UTF-8"?>
<!-- Generated by org.testng.reporters.JUnitXMLReporter -->
<testsuite ignored="0" hostname="Godfreys-MacBook-Pro.local" failures="0" tests="2" name="chrome-test" time="23.886" errors="0" timestamp="2026-04-17T05:32:44 GMT+07:00">
  <testcase classname="day55.test_cases.TC001AccountRegistrationTest" name="givenWebpage_whenRegisterNewAccount_theSuccess" time="2.689"/>
  <testcase classname="day55.test_cases.TC002AccountLoginTest" name="givenWebpage_whenLogin_theSuccess" time="1.87"/>
</testsuite> <!-- chrome-test -->
