<?xml version="1.0" encoding="UTF-8"?>
<!-- Generated by org.testng.reporters.JUnitXMLReporter -->
<testsuite ignored="0" hostname="Godfreys-MacBook-Pro.local" failures="0" tests="6" name="chrome-test" time="43.436" errors="0" timestamp="2026-04-07T10:52:29 GMT+07:00">
  <testcase classname="day45.DataProviderDemoTest" name="givenMultipleUsers_whenLogin_thenSuccess" time="3.982"/>
  <testcase classname="day45.DataProviderDemoTest" name="givenMultipleUsers_whenLogin_thenSuccess" time="3.512"/>
  <testcase classname="day45.DataProviderDemoTest" name="givenSingleUser_whenLogin_thenSuccess" time="2.983"/>
  <testcase classname="day45.ParameterizedDemoTest" name="givenWebpage_whenTestLogoVisibility_thenSuccess" time="1.243"/>
  <testcase classname="day45.ParameterizedDemoTest" name="givenWebpage_whenTestTitleVisibility_thenSuccess" time="0.038"/>
  <testcase classname="day45.ParameterizedDemoTest" name="givenWebpage_whenTestURLVisibility_thenSuccess" time="0.012"/>
</testsuite> <!-- chrome-test -->
